=~=~=~=~=~=~=~=~=~=~=~= PuTTY log 2014.05.06 15:39:52 =~=~=~=~=~=~=~=~=~=~=~=
login as: icdgd
Using keyboard-interactive authentication.
Password: 
Last login: Mon May  5 16:17:25 2014 from 172.16.10.113
Sun Microsystems Inc.   SunOS 5.10      Generic January 2005
You have new mail.
COBJVM=sun_142
JAVA_HOME=/usr/j2se
LD_LIBRARY_PATH=/usr/j2se/jre/lib/sparc:/usr/j2se/jre/lib/sparc/client:/usr/j2se/jre/lib/sparc/native_threads:/usr/j2se/jre/lib/sparc:/opt/mfocus/des/cobol/lib:/opt/IBM/db2/V9.7/lib:/export/home/db2inst1/sqllib/lib64:/export/home/db2inst1/sqllib/lib32
PATH=/usr/j2se/jre/sh:/usr/j2se/sh:/usr/j2se/bin:/usr/j2se/jre/bin:/opt/mfocus/des/cobol/lib:/opt/mfocus/des/cobol/bin:/usr/bin:/bin:/usr/bin:/d/iccol/desarrollo/macros:/d/iccol/desarrollo/utiles:/opt/bin:/usr/sbin:/usr/lib:/usr/ccs/bin:/opt/SUNWspro/bin:/usr/jdk/latest/bin:/usr/local/bin:/usr/j2se/bin:/usr/openwin/bin:.:/export/home/db2inst1/sqllib/bin:/export/home/db2inst1/sqllib/adm:/export/home/db2inst1/sqllib/misc
CLASSPATH=/opt/mfocus/des/cobol/lib/mfcobol.jar:.:/usr/j2se/jre/lib/rt.jar:/opt/mfocus/des/cobol/lib/mfimtk.jar:/opt/mfocus/des/cobol/lib/xerces.jar:/opt/mfocus/des/cobol/lib/castor-0_9_4_1-xml.jar:/opt/mfocus/des/cobol/lib/mfcobol.jar:/usr/j2se/jre/lib/dt.jar:/usr/j2se/jre/lib/rt.jar:/d/iccol/desarrollo/java/server:/export/home/db2inst1/sqllib/java/db2java.zip:/export/home/db2inst1/sqllib/java/db2jcc.jar:/export/home/db2inst1/sqllib/java/sqlj.zip:/export/home/db2inst1/sqllib/function:/export/home/db2inst1/sqllib/java/db2jcc_license_cu.jar:.
COBCPY=/opt/mfocus/des/cobol/cpylib:/opt/mfocus/des/cobol/cpylib:/d/iccol/desarrollo/copys/pais:/d/iccol/desarrollo/copys
Java version = 1.4.2_19
Java vendor = Sun Microsystems Inc.
Java OS name = SunOS
Java OS arch = sparc
Java OS version = 5.10

  ####    ####   #####   ######   ####
 #    #  #    #  #    #  #       #
 #       #    #  #    #  #####    ####
 #       #    #  #    #  #            #
 #    #  #    #  #    #  #       #    #
  ####    ####   #####   ######   ####

 #####
#     #   ####   #        ####   #    #  #####      #      ##
#        #    #  #       #    #  ##  ##  #    #     #     #  #
#        #    #  #       #    #  # ## #  #####      #    #    #
#        #    #  #       #    #  #    #  #    #     #    ######
#     #  #    #  #       #    #  #    #  #    #     #    #    #
 #####    ####   ######   ####   #    #  #####      #    #    #

 #####
#     #   ####   #    #  #####      #    #         ##     ####      #     ####
#        #    #  ##  ##  #    #     #    #        #  #   #    #     #    #    #
#        #    #  # ## #  #    #     #    #       #    #  #          #    #    #
#        #    #  #    #  #####      #    #       ######  #          #    #    #
#     #  #    #  #    #  #          #    #       #    #  #    #     #    #    #
 #####    ####   #    #  #          #    ######  #    #   ####      #     ####

 #####                                           #####  #         ###
#     #  #    #  #    #          #    #         #     # #    #   #   #
#        #    #  ##   #          #    #               # #    #  #     #
 #####   #    #  # #  #          #    #          #####  #    #  #     #
      #  #    #  #  # #          #    #   ###   #       ####### #     #
#     #  #    #  #   ##           #  #    ###   #            #   #   #
 #####    ####   #    # #######    ##     ###   #######      #    ###

icdgd@codes /d/iccol/desarrollo
$ ls
-PER12-01-00DEM
*

$TEMPORALES-ICGLEY.CON
$TEMPORALES-ICGLEY.CON.idx
001009001-COB-006.txt
010047.20130131.T.DUPBDL
100055300703
17021.aif
172.24.2.7
20130715Formulario_0004
20140312MiDataCredito.zip
20609.aif
27
a
actualizacion
ALERTA_100005_1_BANCAMIA_X_GRUPOS.20131222
ALERTA_100005_2_AV_VILLAS_X_ENTIDAD.20140103.Z
ALERTA_100005_2_AV_VILLAS_X_ENTIDAD.20140215.Z
ALERTA_100005_2_AV_VILLAS_X_ENTIDAD.20140216.Z
ALERTA_100005_2_AV_VILLAS_X_ENTIDAD.20140217.Z
algo
analistas
ANALITICO1X.TXT
animator
archivos15Apr18Apr2013.zip
archtemp
arregla-maes
auditor
BD_EXTRACUPOS.h
BD_NOVEDAT.h
BD_SSO.h
BDACSN
BDACSN.idx
BDIDAN
BDIDAN.idx
BDIDIN
BDIDIN.idx
BDIEGARJ.log
BDIESN
BDIESN01
BDIIALEDB2.aif
BDIILAN
BDIILAN.idx
BDIREN
BDIREN01
BDLDI2.PROC
BDLDIM
BDLDIRESTR-n.log
BDLEST
BDLLDIRL.SAL
BDLLDIRL.SAL1
BDLLDIRL.SAL2
BDLPART
BDLPART.idx
binds
borra2
BORRAR.msg
borrar.sh
BSTRACE.XFH
busq-dcifra
c-cobdb2-use
campes
CARACTNEW.CBL
cataloga
cc
cccc
ccierr.log
ced.txt
ced1.txt
ced3.txt
ced5.txt
ced5.txt-
cedulas.log.idx
cedulas.txt.dlm
cgic.a
cgic.h
cgic107.tar.gz
cgicobol1
cgiesq
change.log
chequeo
CITIBURO
cobconfig
cobconfig-icimsd
cobconfig.20140320
cobconfig.gav
cobconfig.gjc
cobconfig.ok
cobconfig.pjv
cobconfig.rmb
cobconfig.vhf
cobjrun32.20140228.core
cobol-db2yyyy
CobolFico.jar
CobolFico.jar-ant
CobolFico.jar1
CobolFico.zip
comp_conver16
comp_conver32
comp_conver64
comp-pais
copys
copys-linea.zip
copyscopy1.fd
core
CQ10461P3-PER36-02NUM
CTLN97-BLQ.490028.SAL
CTLN97.490028.SAL
cvs-progr
daevalxxx.txt
daevalxxx.txt2
DAP
dar
database
datacas.log
datacas.txt
datos
DATOSBBVA
daviclientes.txt
dcutil_old.jar
dcutil.jar
dead.letter
deborrar1
DecisorWS Logs 2701201401.55.zip
demo
demo.class
demo.jar
demo.java
demo.txt
deptos
Desinstalar
Desplegar
Desplegar_pruebas
Despliegue_Fallido
direcciones
DTCBLQ.20140319.core
DTCBLQ.lst
DTCCON
DTCCON.idx
DTCMDF.20140502.core
env.txt
especiales
extfh-450.cfg
extfh-pes.cfg
extfh-pva.cfg
extfh-pva201311.cfg
extfh.cfg
extfh.cfg-20121108
extfh.cfg.20140320
EXTRAE.20140303.core
f0028.zipp
facturacion1-5sept.txt
file.txt.2014-02-18
fuentes
fuentes-especiales.zip
fuentes-linea.zip
gj1
Hello_Word
hs_err_pid19424.log
hs_err_pid20875.log
hs_err_pid27175.log
hs_err_pid5611.log
ICBCON
ICBCON.idx
iceprecol493.cbl
icestd65vc-reloaded.aif
ICGCON.20140407.core
ICGCPL-CAV.aif
ICGCPL.20140225.core
ICGCPL.20140327.core
ICGCPL.20140331.core
ICGCPL.20140403.core
ICGCPLPB.20140326.core
ICGCPLPB.20140327.core
ICGCPLPB.20140403.core
ICGCPLPB.20140409.core
ICGCPLPB.20140414.core
ICGCPLPB.20140506.core
ICGD12.aif
ICGD12V54.aif
ICGD22V37.aif
ICGD25.aif
ICGD27.aif
ICGD40.aif
ICGD60V12.aif
ICGD67D.ipf
ICGD67D.prf
ICGD89V02.aif
ICGDI2.aif
ICGFPRPB.aif
ICGFRP.20140228.core
ICGFRPPB.20140224.core
ICGFRPPB.20140226.core
ICGFRPPB.20140303.core
ICGFRPPB.20140319.core
ICGFRR.20140228.core
ICGFRR.aif
ICGFRRPB.20140305.core
ICGFRS.20140310.core
ICGFRSPB.20140305.core
ICGFRV.20140228.core
ICGFRVPB.20140224.core
ICGFRVPB.20140225.core
ICGFRVPB.20140305.core
ICGFRVPB.20140306.core
ICGFVLPB.20140224.core
ICGFVLPB.20140306.core
ICGKAR.20140321.core
ICGKAR.20140407.core
ICGKAR.aif
ICGKARPB.aif
ICGKARPB.eje
ICGMDF.20140303.core
ICGMDF.20140313.core
ICGMDF.20140320.core
ICGS06.20140223.core
ICGS07.aif
ICGSSO.20140228.core
ICJCAR.20140224.core
ICMCREBANK.201301.log
icregis
icrgd
icrpgd
ides-dario
IMSG-01.prn.log
install_stb.sh
jars
journal.txt.001
journal.txt.010
lista-usu
listados
listbatch.txt
listdemo.txt
listservers.txt
LOG-STRN-TIMESRV-20140221
LOGTRANS-20130307-003
LOGTRANS-20130319-001
LOGTRANS-20130509-001
LOGTRANS-20130527-001
LOGTRANS-20130607-001
LOGTRANS-20130625-001
LOGTRANS-20130626-001
LOGTRANS-20130723-001
LOGTRANS-20130809-001
LOGTRANS-20130823-001
LOGTRANS-20140123-001
LOGTRANS-20140123-002
LOGTRANS-20140326-001
macros
macros-linea.zip
mbox.icjamd
METPAS01.aif
mfpoll-172.24.2.206.txt
monitoreo
nohup.out
objetos
ori
p15805-bbog.val-201404040809
p15805-bbog.val-201404040810
p15929580_72_SOLARIS64.zip
pasa-archivos.sh
pglbs-2
pglbs-2-GLBLS-2
pPER48.LOG
ppppp
prb
prb.file
pru10.val-20140307
pru10.valcontrol
pru101.val-201403071746
prueba_desa
rai
Requerimiento-camaras.zip
restore20140210
rmbA
RMBCURSOCCI.20140224.core
RMBSERVCCITCP.20140320.core.001
RMBSERVCCITCP.20140320.core.010
RMBSERVCCITCP.20140326.core
RMBSERVCCITCP.20140407.core
salida.txt
salida3.txt
script1
secretstuff
setup_visualcobol_deveclipse_2.1_suse_x86_64
sf
SGID
sh-CambioLeyendas.sh
sh-CARACTNEW
sh-ConsultaCamaras.log
sh-MERCADO-COLMENA-CONS
sol9-bfagent-7.1.1.3-0-0041-sparc-opt
stt
sxsecuritypack51.09_00_dev.tar.encr
sxsecuritypack51.09_00_server.tar.encr
Tablas_Parametros
Tablas_Parametros_Produccion
TBL-USER-UNICOS.TXT
temporales
TERAEN0
terminales
TESDB2.20140410.core
testsftp.sh
trabajo
truss-969-icgcon
usuarios
utiles
utiles-linea.zip
UTLADEXT.20140322.core
UTLADEXT.20140324.core
UTLADEXT.20140404.core
UTLESTACT.fecha
UTLLISHUE.20140404.core
utlucorcre.gnt
UTLULONGITUDES.CBL
viset
XFHLOG
xxyy.log
icdgd@codes /d/iccol/desarrollo
$ l
total 3409630
-rw-rw-r--   1 icjcad   icdatacr       0 Jul 16  2012 -PER12-01-00DEM
-rw-rw-r--   1 icjcad   icdatacr       0 Jul 16  2012 *
-rw-rw-r--   1 icjcad   icdatacr   24576 Jul 16  2012 
-rw-rw-r--   1 icjcad   icdatacr       0 Jul 16  2012 $TEMPORALES-ICGLEY.CON
-rw-rw-r--   1 icjcad   icdatacr    3072 Jul 16  2012 $TEMPORALES-ICGLEY.CON.idx
-rw-r--r--   1 icvhfd   icdatacr     764 Mar 21 16:51 001009001-COB-006.txt
-rw-r--r--   1 icfacd   icdatacr  104409 May  3  2013 010047.20130131.T.DUPBDL
-rw-rw-r--   1 iccavd   icdatacr      13 Aug 30  2013 100055300703
-rw-rw-r--   1 icnudd   icdatacr    1686 Aug 23  2013 17021.aif
-rw-rw-r--   1 icjamd   icdatacr  117098 Nov 20 23:54 172.24.2.7
drwxrwxr-x   2 icrgd    icdatacr     512 Jul 15  2013 20130715Formulario_0004
-rw-rw-r--   1 icjcld   icdatacr  999424 Mar 12 01:44 20140312MiDataCredito.zip
-rw-rw-r--   1 icnudd   icdatacr    1952 Aug 15  2013 20609.aif
drwxrwxr-x   2 icjfvd   icdatacr    1024 Apr 30 08:36 27
-rw-rw-r--   1 icjdld   icdatacr       0 Feb 19 22:37 a
drwxrwxr-x   7 iccavd   icdatacr     512 Mar  3 17:17 actualizacion
-rw-r--r--   1 icjaad   icdatacr     358 Dec 23 17:34 ALERTA_100005_1_BANCAMIA_X_GRUPOS.20131222
-rw-r--r--   1 icimsd   icdatacr    3100 Jan  4 07:34 ALERTA_100005_2_AV_VILLAS_X_ENTIDAD.20140103.Z
-rw-r--r--   1 icimsd   icdatacr    2897 Feb 18 06:55 ALERTA_100005_2_AV_VILLAS_X_ENTIDAD.20140215.Z
-rw-r--r--   1 icimsd   icdatacr    1612 Feb 18 06:55 ALERTA_100005_2_AV_VILLAS_X_ENTIDAD.20140216.Z
-rw-r--r--   1 icimsd   icdatacr    6144 Feb 18 06:55 ALERTA_100005_2_AV_VILLAS_X_ENTIDAD.20140217.Z
-rw-rw-r--   1 icjdld   icdatacr     550 Mar  4  2013 algo
drwxrwxrwx   3 icrgd    icdatacr     512 Feb 23 23:33 analistas
-rw-rw-r--   1 icjcad   icdatacr    7273 Jul 16  2012 ANALITICO1X.TXT
drwxrwxr-x   2 iccavd   icdatacr     512 Feb 11 08:54 animator
-rw-rw-r--   1 icjamd   icdatacr  474765 Apr 19  2013 archivos15Apr18Apr2013.zip
drwxrwxr-x   2 iccavd   icdatacr     512 May  6 13:04 archtemp
-rwxrwxr-x   1 icjcad   icdatacr    8188 Jul 16  2012 arregla-maes
drwxrwxr-x   2 iccavd   icdatacr     512 May  2 07:50 auditor
-rw-rw-r--   1 icjcad   icdatacr     301 Jul 16  2012 BD_EXTRACUPOS.h
-rw-rw-r--   1 icjcad   icdatacr     127 Jul 16  2012 BD_NOVEDAT.h
-rw-rw-r--   1 icjcad   icdatacr     131 Jul 16  2012 BD_SSO.h
-rw-r--r--   1 1395     icdatacr    7172 Dec 13 15:26 BDACSN
-rw-r--r--   1 1395     icdatacr    8192 Dec 13 15:26 BDACSN.idx
-rw-r--r--   1 1395     icdatacr       0 Dec 13 15:26 BDIDAN
-rw-r--r--   1 1395     icdatacr    3072 Dec 13 15:26 BDIDAN.idx
-rw-r--r--   1 1395     icdatacr       0 Dec 13 15:26 BDIDIN
-rw-r--r--   1 1395     icdatacr    3072 Dec 13 15:26 BDIDIN.idx
-rw-rw-r--   1 1395     icdatacr     750 Feb  6  2013 BDIEGARJ.log
-rw-r--r--   1 1395     icdatacr   65536 Dec 13 15:26 BDIESN
-rw-r--r--   1 1395     icdatacr 1360616 Dec 13 15:26 BDIESN01
-rw-rw-r--   1 icrmbd   icdatacr     922 Apr 24 11:19 BDIIALEDB2.aif
-rw-r--r--   1 1395     icdatacr    2013 Dec 13 15:26 BDIILAN
-rw-r--r--   1 1395     icdatacr    3072 Dec 13 15:26 BDIILAN.idx
-rw-r--r--   1 1395     icdatacr   65536 Dec 13 15:26 BDIREN
-rw-r--r--   1 1395     icdatacr  166528 Dec 13 15:26 BDIREN01
-rw-rw-r--   1 icjcad   icdatacr  193883 Jul 16  2012 BDLDI2.PROC
-rw-r--r--   1 1395     icdatacr   78336 Dec 13 15:26 BDLDIM
-rw-rw-r--   1 icjcad   icdatacr      84 Jul 16  2012 BDLDIRESTR-n.log
-rw-r--r--   1 1395     icdatacr 1465600 Dec 13 15:26 BDLEST
-rw-rw-r--   1 icjcad   icdatacr  388469 Jul 16  2012 BDLLDIRL.SAL
-rw-rw-r--   1 icjcad   icdatacr     440 Jul 16  2012 BDLLDIRL.SAL1
-rw-rw-r--   1 icjcad   icdatacr   96870 Jul 16  2012 BDLLDIRL.SAL2
-rw-rw-r--   1 icjcad   icdatacr    2299 Jul 16  2012 BDLPART
-rw-rw-r--   1 icjcad   icdatacr    6144 Jul 16  2012 BDLPART.idx
drwxrwxr-x   2 icgjcd   icdatacr    4096 Apr 28 17:12 binds
-rwxrwxr-x   1 icjcad   icdatacr    9296 Jul 16  2012 borra2
-rw-rw-r--   1 icjcad   icdatacr     124 Jul 16  2012 BORRAR.msg
-rw-rw-r--   1 icjcad   icdatacr    1913 Jul 16  2012 borrar.sh
-rw-rw-r--   1 icjcad   icdatacr     284 Jul 16  2012 BSTRACE.XFH
-rw-rw-r--   1 icjcad   icdatacr   84961 Jul 16  2012 busq-dcifra
-rwxrwxr-x   1 icjcad   icdatacr    2980 Jul 16  2012 c-cobdb2-use
-rw-rw-r--   1 icjcad   icdatacr   25605 Jul 16  2012 campes
-rw-rw-r--   1 icllsd   icdatacr  102312 Mar  6 09:04 CARACTNEW.CBL
-rw-rw-r--   1 icjcad   icdatacr    3803 Jun 20  2012 cataloga
-r-xr-xr-x   1 icjcad   icdatacr  121804 Jun 19  2012 cc
-rw-rw-r--   1 iccavd   icdatacr       0 Feb  4  2013 cccc
-rw-rw-r--   1 icjcad   icdatacr 10486861 May  6 13:32 ccierr.log
-rw-rw-r--   1 icjcad   icdatacr      26 Feb 14 09:24 ced.txt
-rw-rw-r--   1 icjcad   icdatacr      14 Feb 21 11:19 ced1.txt
-rw-rw-r--   1 icjcad   icdatacr      13 Mar  3 10:59 ced3.txt
-rw-rw-r--   1 icjcad   icdatacr      13 Mar 11 09:57 ced5.txt
-rw-rw-r--   1 icjcad   icdatacr      14 Mar 11 09:58 ced5.txt-
-rw-rw-r--   1 icjcad   icdatacr    3072 Jun 20  2012 cedulas.log.idx
-rw-rw-r--   1 icjcad   icdatacr    8988 Jun 20  2012 cedulas.txt.dlm
-rw-rw-r--   1 icjcad   icdatacr   15760 Jun 20  2012 cgic.a
-rw-rw-r--   1 icjcad   icdatacr    4292 Jun 20  2012 cgic.h
-rw-rw-r--   1 icjcad   icdatacr   47462 Jun 20  2012 cgic107.tar.gz
-rwxrwxr-x   1 icjcad   icdatacr   66248 Jun 20  2012 cgicobol1
-rwxrwxr-x   1 icjcad   icdatacr   34828 Jun 20  2012 cgiesq
-rw-rw-r--   1 icjcad   icdatacr     416 Jun 20  2012 change.log
-rw-rw-r--   1 icjcad   icdatacr    1374 Jun 20  2012 chequeo
-rw-rw-r--   1 icvhfd   icdatacr       0 May 14  2013 CITIBURO
-rw-rw-r--   1 icgjcd   icdatacr     151 Feb 21 22:04 cobconfig
-rw-rw-r--   1 icimsd   icdatacr     277 Apr  2 18:12 cobconfig-icimsd
-r--------   1 root     root         151 Feb 21 22:04 cobconfig.20140320
-rw-rw-r--   1 icgavd   icdatacr     178 Jun  7  2013 cobconfig.gav
-rwxrwxr-x   1 icgjcd   icdatacr     280 Dec 30 15:41 cobconfig.gjc
-rwxrwxr-x   1 icvhfd   icdatacr     100 Sep 13  2012 cobconfig.ok
-rw-rw-r--   1 1395     icdatacr     278 Jan  8 12:01 cobconfig.pjv
-rwxrwxr-x   1 icrmbd   icdatacr     280 Mar 19  2013 cobconfig.rmb
-rw-rw-r--   1 icvhfd   icdatacr     178 Nov 26  2012 cobconfig.vhf
-rw-rw-r--   1 icgasd   icdatacr 48981377 Feb 28 16:50 cobjrun32.20140228.core
-rw-r-----   1 icjcad   icdatacr   55338 Jun 20  2012 cobol-db2yyyy
-rw-r--r--   1 icfgcd   icdatacr   85239 Dec 26  2012 CobolFico.jar
-rw-r--r--   1 icehad   icdatacr   85239 Apr 30  2013 CobolFico.jar-ant
-rw-r--r--   1 icehad   icdatacr   87963 Apr 30  2013 CobolFico.jar1
-rw-rw-rw-   1 root     root      151852 Mar 11  2013 CobolFico.zip
-rwxrwxr-x   1 icjcad   icdatacr    1085 Jun 20  2012 comp_conver16
-rwxrwxr-x   1 icjcad   icdatacr     996 Jun 20  2012 comp_conver32
-rwxrwxr-x   1 icjcad   icdatacr    1167 Jun 20  2012 comp_conver64
-rwxrwxr-x   1 icjcad   icdatacr     362 Jun 20  2012 comp-pais
drwxrwxr-x  10 icgjcd   icdatacr   92672 May  5 17:15 copys
-rw-rw-rw-   1 root     root     1582771 Mar 11  2013 copys-linea.zip
-rw-r-----   1 icjcad   icdatacr      62 Jun 20  2012 copyscopy1.fd
-rw-------   1 icgasd   icdatacr 72308373 Mar  3 16:06 core
-rw-r--r--   1 icimsd   icdatacr   86016 Mar 18  2013 CQ10461P3-PER36-02NUM
-rw-rw-r--   1 iccavd   icdatacr     396 Mar 20  2013 CTLN97-BLQ.490028.SAL
-rw-rw-r--   1 iccavd   icdatacr    2076 Mar 20  2013 CTLN97.490028.SAL
-rw-rw-r--   1 icjcad   icdatacr     228 Jun 20  2012 cvs-progr
-rw-rw-r--   1 icjcad   icdatacr       0 Jun 20  2012 daevalxxx.txt
-rw-rw-r--   1 icjcad   icdatacr       0 Jun 20  2012 daevalxxx.txt2
-rw-rw-r--   1 icjcad   icdatacr    2226 Jun 20  2012 DAP
-rwxrwxr-x   1 icjcad   icdatacr     699 Jun 20  2012 dar
drwxrwxr-x   5 iccavd   icdatacr    7168 May  5 17:24 database
-rw-r-----   1 icjcad   icdatacr     146 Jun 20  2012 datacas.log
-rw-r-----   1 icjcad   icdatacr    5159 Jun 20  2012 datacas.txt
drwxrwxr-x   4 iccavd   icdatacr    9728 May  6 08:57 datos
-rw-rw-r--   1 icjcad   icdatacr       0 Jun 20  2012 DATOSBBVA
-rw-rw-r--   1 icjcad   icdatacr    1404 Jun 20  2012 daviclientes.txt
-rw-rw-r--   1 icjcad   icdatacr    7284 Jun 20  2012 dcutil_old.jar
-rw-rw-r--   1 icjcad   icdatacr    6938 Jun 20  2012 dcutil.jar
-rw-------   1 icjdld   icdatacr      38 Feb  6 08:24 dead.letter
-rw-rw-r--   1 icjcad   icdatacr   28365 Jun 19  2012 deborrar1
-rw-rw-r--   1 icfgcd   icdatacr 6527182 Jan 27 14:56 DecisorWS Logs 2701201401.55.zip
-rwxrwxr-x   1 icjcad   icdatacr   52168 Jun 19  2012 demo
-rw-rw-r--   1 icjcad   icdatacr     480 Jun 19  2012 demo.class
-rw-rw-r--   1 icjcad   icdatacr    1356 Jun 19  2012 demo.jar
-rw-rw-r--   1 icjcad   icdatacr     770 Jun 19  2012 demo.java
-rw-rw-r--   1 icjamd   icdatacr      12 Aug 17  2013 demo.txt
-rw-rw-r--   1 icjcad   icdatacr    2811 Jun 19  2012 deptos
drwxr-xr-x  26 icbuild  icprodd     2560 Apr 24 14:15 Desinstalar
drwxrwxr-x 176 icbuild  icprodd    20480 Apr 28 17:55 Desplegar
drwxrwxr-x   5 icbuild  icprodd      512 Jun 11  2013 Desplegar_pruebas
drwxr-xr-x  19 icbuild  icprodd     1024 Apr 21 17:23 Despliegue_Fallido
drwxrwxr-x   3 iccavd   icdatacr     512 Apr 24 17:36 direcciones
-rw-rw-r--   1 icgasd   icdatacr 53837985 Mar 19 08:32 DTCBLQ.20140319.core
-rw-rw-r--   1 icgavd   icdatacr     558 Sep  2  2013 DTCBLQ.lst
-rw-r--r--   1 1395     icdatacr   30312 Dec 13 15:26 DTCCON
-rw-r--r--   1 1395     icdatacr    9216 Dec 13 15:26 DTCCON.idx
-rw-rw-r--   1 icvhfd   icdatacr 4070537 May  2 17:20 DTCMDF.20140502.core
-rw-rw-r--   1 icdgd    icdatacr    7396 Apr 22 17:45 env.txt
drwxrwxr-x   2 iccavd   icdatacr     512 Feb 11 08:58 especiales
-rw-rw-r--   1 icgjcd   icdatacr   13840 Feb 20 10:33 extfh-450.cfg
-rw-rw-r--   1 icgjcd   icdatacr   13642 Sep 12  2012 extfh-pes.cfg
-rw-rw-r--   1 iccavd   icdatacr   14913 Dec 13 11:09 extfh-pva.cfg
-rw-rw-r--   1 icgjcd   icdatacr   14766 Dec  2 16:55 extfh-pva201311.cfg
-rwxrwxr-x   1 iccavd   icdatacr   10360 Feb 20 10:14 extfh.cfg
-rw-rw-r--   1 icjaad   icdatacr   10339 Oct 19  2012 extfh.cfg-20121108
-rwxrwxr-x   1 iccavd   icdatacr   10360 Feb 20 10:14 extfh.cfg.20140320
-rw-rw-r--   1 icjcad   icdatacr 12508745 Mar  3 11:00 EXTRAE.20140303.core
-rwxrwxrwx   1 icrgd    icdatacr   81725 Jun 12  2013 f0028.zipp
-rw-rw-r--   1 icgjcd   icdatacr 1333268 Sep  6  2013 facturacion1-5sept.txt
-rw-rw-r--   1 icjamd   icdatacr       0 Feb 18 16:15 file.txt.2014-02-18
drwxrwxr-x  18 icgjcd   icdatacr  306176 May  6 12:30 fuentes
-rw-rw-rw-   1 root     root     15886660 Mar 11  2013 fuentes-especiales.zip
-rw-rw-rw-   1 root     root     11160192 Mar 11  2013 fuentes-linea.zip
-rw-rw-r--   1 icgjcd   icdatacr     132 Jan 14  2013 gj1
drwxr-xr-x   7 icbuild  icprodd      512 Apr 10 17:33 Hello_Word
-rw-rw-r--   1 icimsd   icdatacr    9007 Feb 18  2013 hs_err_pid19424.log
-rw-rw-r--   1 icjdld   icdatacr    6893 Nov 23  2012 hs_err_pid20875.log
-rw-rw-r--   1 icnudd   icdatacr    8552 May 16  2013 hs_err_pid27175.log
-rw-rw-r--   1 iccavd   icdatacr    5239 Apr 16  2012 hs_err_pid5611.log
-rw-r--r--   1 1395     icdatacr  137940 Dec 13 15:26 ICBCON
-rw-r--r--   1 1395     icdatacr   41984 Dec 13 15:26 ICBCON.idx
-rw-r--r--   1 1395     icdatacr  268392 May  2  2013 iceprecol493.cbl
-rw-rw-r--   1 icimsd   icdatacr     931 Feb 27 17:04 icestd65vc-reloaded.aif
-rw-rw-r--   1 icimsd   icdatacr 17188209 Apr  7 10:46 ICGCON.20140407.core
-rw-rw-r--   1 iccavd   icdatacr    1289 Dec  2 11:59 ICGCPL-CAV.aif
-rw-rw-r--   1 icehad   icdatacr 17188209 Feb 25 09:14 ICGCPL.20140225.core
-rw-rw-r--   1 icehad   icdatacr 12993905 Mar 27 17:42 ICGCPL.20140327.core
-rw-rw-r--   1 icehad   icdatacr 12993905 Mar 31 16:34 ICGCPL.20140331.core
-rw-rw-r--   1 icmpmd   icdatacr 12993905 Apr  3 14:07 ICGCPL.20140403.core
-rw-rw-r--   1 icfgcd   icdatacr 17188209 Mar 26 12:25 ICGCPLPB.20140326.core
-rw-rw-r--   1 icfgcd   icdatacr 17188209 Mar 27 12:17 ICGCPLPB.20140327.core
-rw-rw-r--   1 icmpmd   icdatacr 12993905 Apr  3 14:06 ICGCPLPB.20140403.core
-rw-rw-r--   1 icvhfd   icdatacr 12993905 Apr  9 11:59 ICGCPLPB.20140409.core
-rw-rw-r--   1 icjmld   icdatacr 12993905 Apr 14 14:03 ICGCPLPB.20140414.core
-rw-rw-r--   1 icjcld   icdatacr 12993905 May  6 09:25 ICGCPLPB.20140506.core
-rw-rw-r--   1 icimsd   icdatacr    2881 Oct 11  2013 ICGD12.aif
-rw-rw-r--   1 icjdld   icdatacr    1155 Feb 18 21:44 ICGD12V54.aif
-rw-rw-r--   1 icjdld   icdatacr    1022 Nov 14 17:54 ICGD22V37.aif
-rw-rw-r--   1 icjdld   icdatacr    1019 Aug 12  2013 ICGD25.aif
-rw-rw-r--   1 icjdld   icdatacr    1019 Aug 12  2013 ICGD27.aif
-rw-rw-r--   1 icjdld   icdatacr    1019 Aug 12  2013 ICGD40.aif
-rw-rw-r--   1 icjdld   icdatacr    1155 Jul 11  2013 ICGD60V12.aif
-rw-r--r--   1 1395     icdatacr    9010 Jul 12  2012 ICGD67D.ipf
-rw-rw-r--   1 1395     icdatacr   20678 Jul 12  2012 ICGD67D.prf
-rw-rw-r--   1 icjdld   icdatacr    1022 Mar 11 16:08 ICGD89V02.aif
-rw-rw-r--   1 icfard   icdatacr    1418 Apr 22 17:41 ICGDI2.aif
-rw-rw-r--   1 icvhfd   icdatacr     888 Mar 27 14:34 ICGFPRPB.aif
-rw-rw-r--   1 icgasd   icdatacr 12993905 Feb 28 16:50 ICGFRP.20140228.core
-rw-rw-r--   1 icjmld   icdatacr 14907089 Feb 24 16:51 ICGFRPPB.20140224.core
-rw-rw-r--   1 icjmld   icdatacr 14907089 Feb 26 16:37 ICGFRPPB.20140226.core
-rw-rw-r--   1 icjmld   icdatacr 14907089 Mar  3 11:03 ICGFRPPB.20140303.core
-rw-rw-r--   1 icjmld   icdatacr 14907089 Mar 19 00:03 ICGFRPPB.20140319.core
-rw-rw-r--   1 icgasd   icdatacr 8545617 Feb 28 16:50 ICGFRR.20140228.core
-rw-rw-r--   1 icfard   icdatacr     886 Dec  4 10:06 ICGFRR.aif
-rw-rw-r--   1 icvhfd   icdatacr 8545649 Mar  5 09:41 ICGFRRPB.20140305.core
-rw-rw-r--   1 icvhfd   icdatacr 14907089 Mar 10 16:18 ICGFRS.20140310.core
-rw-rw-r--   1 icvhfd   icdatacr 8545649 Mar  5 09:41 ICGFRSPB.20140305.core
-rw-rw-r--   1 icgasd   icdatacr 14907089 Feb 28 16:50 ICGFRV.20140228.core
-rw-rw-r--   1 icjmld   icdatacr 10401457 Feb 24 16:51 ICGFRVPB.20140224.core
-rw-rw-r--   1 icjmld   icdatacr 14907089 Feb 25 09:27 ICGFRVPB.20140225.core
-rw-rw-r--   1 icjmld   icdatacr 14907089 Mar  5 16:25 ICGFRVPB.20140305.core
-rw-rw-r--   1 icgasd   icdatacr 14907089 Mar  6 17:31 ICGFRVPB.20140306.core
-rw-rw-r--   1 icjmld   icdatacr 10401457 Feb 24 16:50 ICGFVLPB.20140224.core
-rw-rw-r--   1 icgasd   icdatacr 10401457 Mar  6 17:48 ICGFVLPB.20140306.core
-rw-rw-r--   1 icehad   icdatacr 19101393 Mar 21 16:02 ICGKAR.20140321.core
-rw-rw-r--   1 icimsd   icdatacr 17188209 Apr  7 10:55 ICGKAR.20140407.core
-rw-rw-r--   1 icimsd   icdatacr   12590 Apr 10 11:25 ICGKAR.aif
-rw-rw-r--   1 icimsd   icdatacr    1819 Apr 10 11:36 ICGKARPB.aif
-rw-rw-r--   1 icimsd   icdatacr   35496 Oct 30  2013 ICGKARPB.eje
-rw-rw-r--   1 icjjmd   icdatacr 73080329 Mar  3 16:58 ICGMDF.20140303.core
-rw-rw-r--   1 icgasd   icdatacr 73080333 Mar 13 17:28 ICGMDF.20140313.core
-rw-rw-r--   1 icgasd   icdatacr 73080333 Mar 20 19:37 ICGMDF.20140320.core
-rw-rw-r--   1 icjamd   icdatacr 14907089 Feb 23 03:52 ICGS06.20140223.core
-rw-rw-r--   1 icimsd   icdatacr     918 Oct 10  2013 ICGS07.aif
-rw-rw-r--   1 icgasd   icdatacr 54229837 Feb 28 16:50 ICGSSO.20140228.core
-rw-rw-r--   1 icgjcd   icdatacr 7372529 Feb 24 10:29 ICJCAR.20140224.core
-rw-rw-r--   1 icimsd   icdatacr     504 Jan  3  2013 ICMCREBANK.201301.log
drwxrwxr-x   2 iccavd   icdatacr     512 Feb 12 11:08 icregis
-rw-rw-r--   1 icrgd    icdatacr  703196 Jul 15  2012 icrgd
drwxr-sr-x   2 1473     icdatacr     512 Dec 19 13:43 icrpgd
-rw-rw-r--   1 icjdld   icdatacr      26 Jun 19  2013 ides-dario
-rw-rw-r--   1 icimsd   icdatacr    2074 Jun 15  2012 IMSG-01.prn.log
-rwxr-xr-x   1 icjamd   icdatacr 48207793 Dec 21  2012 install_stb.sh
drwxrwxr-x  12 icgjcd   icdatacr    2560 Apr 22 11:07 jars
-rw-r--r--   1 icrmbd   icdatacr  453508 Mar 20 10:09 journal.txt.001
-rw-rw-r--   1 icrmbd   icdatacr  453338 Mar 20 08:13 journal.txt.010
-rw-rw-r--   1 ichlgd   icdatacr      18 May  5 23:05 lista-usu
drwxrwxr-x   2 iccavd   icdatacr    3584 May  5 15:52 listados
-rw-rw-r--   1 icjamd   icdatacr      24 Nov  8 17:54 listbatch.txt
-rw-rw-r--   1 icjamd   icdatacr      24 Mar 31 14:54 listdemo.txt
-rw-------   1 icjamd   icdatacr      98 Jul 10  2013 listservers.txt
-rw-r--r--   1 icjjpd   icdatacr  410388 Feb 21 10:05 LOG-STRN-TIMESRV-20140221
-rw-rw-r--   1 icgjcd   icdatacr       0 Mar  7  2013 LOGTRANS-20130307-003
-rw-rw-r--   1 icrmbd   icdatacr       0 Mar 19  2013 LOGTRANS-20130319-001
-rw-rw-r--   1 icgjcd   icdatacr    1929 May  9  2013 LOGTRANS-20130509-001
-rw-rw-r--   1 icrmbd   icdatacr   17843 May 27  2013 LOGTRANS-20130527-001
-rw-rw-r--   1 icgjcd   icdatacr    7192 Jun  7  2013 LOGTRANS-20130607-001
-rw-rw-r--   1 icjdld   icdatacr   11515 Jun 25  2013 LOGTRANS-20130625-001
-rw-rw-r--   1 icjdld   icdatacr    8192 Jun 26  2013 LOGTRANS-20130626-001
-rw-rw-r--   1 icrmbd   icdatacr       0 Jul 23  2013 LOGTRANS-20130723-001
-rw-rw-r--   1 icgjcd   icdatacr       0 Aug  9  2013 LOGTRANS-20130809-001
-rw-rw-r--   1 iccavd   icdatacr 43855219 Mar 26 17:58 LOGTRANS-20130823-001
-rw-rw-r--   1 icrmbd   icdatacr    9844 Jan 23 15:26 LOGTRANS-20140123-001
-rw-rw-r--   1 icrmbd   icdatacr     188 Jan 23 09:03 LOGTRANS-20140123-002
-rw-rw-r--   1 icgjcd   icdatacr     298 Mar 26 15:04 LOGTRANS-20140326-001
drwxrwxr-x   7 icgjcd   icdatacr  105472 May  5 11:05 macros
-rw-rw-rw-   1 root     root     2914148 Mar 11  2013 macros-linea.zip
-rw-------   1 icjamd   icdatacr    2059 Apr 10 23:07 mbox.icjamd
-rw-rw-r--   1 1395     icdatacr     920 Sep  9  2013 METPAS01.aif
-rw-rw-r--   1 icvhfd   icdatacr   62037 Mar  8  2013 mfpoll-172.24.2.206.txt
drwxr-xr-x   2 icjapd   root         512 Mar 17  2012 monitoreo
-rw-rw-r--   1 icgasd   icdatacr 1476887 May  6 09:59 nohup.out
drwxrwxr-x   4 iccavd   icdatacr   79872 May  6 12:03 objetos
-rw-rw-r--   1 icjamd   icdatacr      33 Dec 30 23:56 ori
-rw-rw-r--   1 iclagd   icdatacr    1883 Apr  4 08:09 p15805-bbog.val-201404040809
-rw-rw-r--   1 iclagd   icdatacr    1883 Apr  4 08:10 p15805-bbog.val-201404040810
-rw-r--r--   1 root     root     44742442 Mar  5  2013 p15929580_72_SOLARIS64.zip
-rwxrwxr-x   1 icjamd   icdatacr     510 Mar 11  2013 pasa-archivos.sh
-rw-rw-r--   1 iclagd   icdatacr      26 Feb  4 19:57 pglbs-2
-rw-rw-r--   1 iclagd   icdatacr     852 Feb  4 19:58 pglbs-2-GLBLS-2
-rw-rw-r--   1 iclagd   icdatacr     109 Nov  1  2013 pPER48.LOG
-rw-rw-r--   1 icjjmd   icdatacr  588777 Jan 21 17:06 ppppp
-rw-rw-r--   1 icjamd   icdatacr      33 Dec 30 23:57 prb
-rw-rw-r--   1 icjamd   icdatacr      40 Jun  6  2013 prb.file
-rw-rw-r--   1 iclagd   icdatacr    3838 Mar  7 12:19 pru10.val-20140307
-rw-rw-r--   1 iclagd   icdatacr       0 Mar  7 12:19 pru10.valcontrol
-rw-rw-r--   1 iclagd   icdatacr    3838 Mar  7 17:46 pru101.val-201403071746
-rwxrwxrwx   1 icbuild  icprodd        0 Oct  3  2013 prueba_desa
drwxrwxr-x   6 icgjcd   icdatacr    1024 Apr  8 13:50 rai
-rw-rw-r--   1 icgjcd   icdatacr 5181534 Feb 28 18:43 Requerimiento-camaras.zip
drwxr-xr-x   2 icgjcd   icdatacr     512 Feb 10 19:19 restore20140210
-rw-rw-r--   1 icrmbd   icdatacr    3187 Mar 19  2013 rmbA
-rw-rw-r--   1 icgjcd   icdatacr 3572849 Feb 24 10:30 RMBCURSOCCI.20140224.core
-rw-rw-r--   1 icrmbd   icdatacr 6993617 Mar 20 09:55 RMBSERVCCITCP.20140320.core.001
-rw-rw-r--   1 icrmbd   icdatacr 6993617 Mar 20 08:10 RMBSERVCCITCP.20140320.core.010
-rw-rw-r--   1 icrmbd   icdatacr 9664401 Mar 26 07:54 RMBSERVCCITCP.20140326.core
-rw-rw-r--   1 icrmbd   icdatacr 8960145 Apr  7 16:56 RMBSERVCCITCP.20140407.core
-rw-rw-r--   1 icvhfd   icdatacr    2732 Nov  1  2013 salida.txt
-rw-rw-r--   1 icvhfd   icdatacr    1755 Nov  1  2013 salida3.txt
-rw-rw-r--   1 icrgd    icdatacr    3647 Mar  7  2012 script1
-rw-r--r--   1 icjamd   icdatacr   62088 Mar 11  2013 secretstuff
-rw-r--r--   1 icjaad   icdatacr 430580042 Mar  5 10:54 setup_visualcobol_deveclipse_2.1_suse_x86_64
drwxrwxr-x   9 icfactur icdatacr     512 May  2 09:20 sf
drwxrwxr-x   5 icjcld   icdatacr     512 May  5 17:15 SGID
-rwxrwxrwx   1 icgasd   icdatacr     270 Jul 30  2013 sh-CambioLeyendas.sh
-rw-rw-r--   1 icllsd   icdatacr   11951 Mar  6 08:55 sh-CARACTNEW
-rw-rw-r--   1 1473     icdatacr  323275 Dec 12 17:37 sh-ConsultaCamaras.log
-rw-r--r--   1 1395     icdatacr    2078 Apr  2  2013 sh-MERCADO-COLMENA-CONS
-rw-r--r--   1 icjamd   icdatacr 1630720 Feb 13  2012 sol9-bfagent-7.1.1.3-0-0041-sparc-opt
drwx------   6 icjcld   icdatacr     512 Mar 16 19:23 stt
-rw-rw-r--   1 icjapd   icdatacr 45801030 Jul 16  2013 sxsecuritypack51.09_00_dev.tar.encr
-rwxrw-r--   1 icjapd   icdatacr 45801033 Jul 16  2013 sxsecuritypack51.09_00_server.tar.encr
drwxr-xr-x  24 icbuild  icprodd     1536 Apr  1  2013 Tablas_Parametros
drwxr-xr-x   6 icbuild  icprodd      512 Aug  1  2013 Tablas_Parametros_Produccion
-rw-rw-r--   1 icrgd    icdatacr  502758 Jun  3  2012 TBL-USER-UNICOS.TXT
drwxrwxr-x 163 iccavd   icdatacr   28672 May  6 12:05 temporales
-rw-rw-r--   1 icjaad   icdatacr    6500 Nov 29 12:01 TERAEN0
drwxrwxr-x   2 iccavd   icdatacr    1536 May  6 13:04 terminales
-rw-rw-r--   1 iccavd   icdatacr 56296261 Apr 10 17:45 TESDB2.20140410.core
-rwxrwxr-x   1 icjamd   icdatacr     276 Jul  4  2012 testsftp.sh
drwxrwxr-x   7 iccavd   icdatacr     512 Mar 31 10:47 trabajo
-rw-rw-r--   1 icjapd   icdatacr 11006446 May  7  2013 truss-969-icgcon
drwxrwxr-x   3 iccavd   icdatacr     512 Apr 28 10:24 usuarios
drwxrwxr-x   3 icgjcd   icdatacr    4608 Mar 13 15:24 utiles
-rw-rw-rw-   1 root     root      101425 Mar 11  2013 utiles-linea.zip
-rw-rw-r--   1 1395     icdatacr 6553105 Mar 22 14:56 UTLADEXT.20140322.core
-rw-rw-r--   1 icvhfd   icdatacr 5725713 Mar 24 21:16 UTLADEXT.20140324.core
-rw-rw-r--   1 icjdld   icdatacr 5692945 Apr  4 14:48 UTLADEXT.20140404.core
-rw-rw-r--   1 icvhfd   icdatacr      84 Mar  5 15:48 UTLESTACT.fecha
-rw-rw-r--   1 icvhfd   icdatacr 5578257 Apr  4 18:44 UTLLISHUE.20140404.core
-rw-r--r--   1 icfacd   icdatacr    4849 Jul 15  2012 utlucorcre.gnt
-rw-rw-r--   1 icgjcd   icdatacr   17616 May 28  2013 UTLULONGITUDES.CBL
-rwxrwxrwx   1 icdgd    icdatacr     238 Apr 28 18:33 viset
-rw-rw-r--   1 icvhfd   icdatacr     177 Apr  4 18:44 XFHLOG
-rw-rw-r--   1 iclagd   icdatacr      28 Apr 23 08:55 xxyy.log
icdgd@codes /d/iccol/desarrollo
$ viset
viset running
icdgd@codes /d/iccol/desarrollo
$ ^D
