=~=~=~=~=~=~=~=~=~=~=~= PuTTY log 2014.05.16 08:34:20 =~=~=~=~=~=~=~=~=~=~=~=
login as: icdgd
Using keyboard-interactive authentication.
Password: 
Last login: Thu May 15 18:07:47 2014 from 172.16.10.30
Sun Microsystems Inc.   SunOS 5.10      Generic January 2005
You have new mail.
COBJVM=sun_142
JAVA_HOME=/usr/j2se
LD_LIBRARY_PATH=/usr/j2se/jre/lib/sparc:/usr/j2se/jre/lib/sparc/client:/usr/j2se/jre/lib/sparc/native_threads:/usr/j2se/jre/lib/sparc:/opt/mfocus/des/cobol/lib:/opt/IBM/db2/V9.7/lib:/export/home/db2inst1/sqllib/lib64:/export/home/db2inst1/sqllib/lib32
PATH=/usr/j2se/jre/sh:/usr/j2se/sh:/usr/j2se/bin:/usr/j2se/jre/bin:/opt/mfocus/des/cobol/lib:/opt/mfocus/des/cobol/bin:/usr/bin:/bin:/usr/bin:/d/iccol/desarrollo/macros:/d/iccol/desarrollo/utiles:/opt/bin:/usr/sbin:/usr/lib:/usr/ccs/bin:/opt/SUNWspro/bin:/usr/jdk/latest/bin:/usr/local/bin:/usr/j2se/bin:/usr/openwin/bin:.:/export/home/db2inst1/sqllib/bin:/export/home/db2inst1/sqllib/adm:/export/home/db2inst1/sqllib/misc
CLASSPATH=/opt/mfocus/des/cobol/lib/mfcobol.jar:.:/usr/j2se/jre/lib/rt.jar:/opt/mfocus/des/cobol/lib/mfimtk.jar:/opt/mfocus/des/cobol/lib/xerces.jar:/opt/mfocus/des/cobol/lib/castor-0_9_4_1-xml.jar:/opt/mfocus/des/cobol/lib/mfcobol.jar:/usr/j2se/jre/lib/dt.jar:/usr/j2se/jre/lib/rt.jar:/d/iccol/desarrollo/java/server:/export/home/db2inst1/sqllib/java/db2java.zip:/export/home/db2inst1/sqllib/java/db2jcc.jar:/export/home/db2inst1/sqllib/java/sqlj.zip:/export/home/db2inst1/sqllib/function:/export/home/db2inst1/sqllib/java/db2jcc_license_cu.jar:.
COBCPY=/opt/mfocus/des/cobol/cpylib:/opt/mfocus/des/cobol/cpylib:/d/iccol/desarrollo/copys/pais:/d/iccol/desarrollo/copys
Java version = 1.4.2_19
Java vendor = Sun Microsystems Inc.
Java OS name = SunOS
Java OS arch = sparc
Java OS version = 5.10

  ####    ####   #####   ######   ####
 #    #  #    #  #    #  #       #
 #       #    #  #    #  #####    ####
 #       #    #  #    #  #            #
 #    #  #    #  #    #  #       #    #
  ####    ####   #####   ######   ####

 #####
#     #   ####   #        ####   #    #  #####      #      ##
#        #    #  #       #    #  ##  ##  #    #     #     #  #
#        #    #  #       #    #  # ## #  #####      #    #    #
#        #    #  #       #    #  #    #  #    #     #    ######
#     #  #    #  #       #    #  #    #  #    #     #    #    #
 #####    ####   ######   ####   #    #  #####      #    #    #

 #####
#     #   ####   #    #  #####      #    #         ##     ####      #     ####
#        #    #  ##  ##  #    #     #    #        #  #   #    #     #    #    #
#        #    #  # ## #  #    #     #    #       #    #  #          #    #    #
#        #    #  #    #  #####      #    #       ######  #          #    #    #
#     #  #    #  #    #  #          #    #       #    #  #    #     #    #    #
 #####    ####   #    #  #          #    ######  #    #   ####      #     ####

 #####                                           #####  #         ###
#     #  #    #  #    #          #    #         #     # #    #   #   #
#        #    #  ##   #          #    #               # #    #  #     #
 #####   #    #  # #  #          #    #          #####  #    #  #     #
      #  #    #  #  # #          #    #   ###   #       ####### #     #
#     #  #    #  #   ##           #  #    ###   #            #   #   #
 #####    ####   #    # #######    ##     ###   #######      #    ###

icdgd@codes /d/iccol/desarrollo
$ . viset
viset running
/d/iccol/desarrollo $^[  /d/iccol/desarrollo $. visetfg     x CARGAJUR 9999991000905140101.txt/d/iccol/desarrollo $
Carga de archivo JURAD
command line: 9999991000905140101.txt                                                         
01 Envio Original - Carga TOTAL 1a vez
Error en open del archivo jurad 
Nombre del archivo: 9999991000905140101.txt                                                         
File status: 35
Proceso cancelado

real    0m0.12s
user    0m0.00s
sys     0m0.01s

Inicio de Programa:  2014/05/16 06:34:35
Fin de Programa:     2014/05/16 06:34:35

/d/iccol/desarrollo $cat 9999991000905140101.txt
cat: cannot open 9999991000905140101.txt
/d/iccol/desarrollo $fu
/d/iccol/desarrollo $^[  /d/iccol/desarrollo $fucat 9999991000905140101.txt/d/iccol/desarrollo $
I100000149123JOSE MISAEL AREVALO SANCHEZ                  0010012013040500905720130411
I100000262135LIBARDO ANTONIO GARZON TORRE                 0150202013020602204520120406
I100000958212LUIS GUILLERMO AVENDAÑO RODR                 0020442013050603302020000406
I100001327130GONZALO PATIÑO MORENO                        0030062013010604407619984069
I100002249789JOAQUIN VARGAS CABALLERO                     0040032012040601104320440406
I100002859753ERNESTO RICO                                 0050672013040602206720100435
I100002865767MIGUEL ANTONIO LAVERDE NIETO                 0060452011040603303320111406
I100003044362MANUEL CASTRO MUÑETON                        0070rt2011010605300120130406
I100003295380HENRY REY BARBOSA                            0080452013011123200220110506
I100003448867JAIRO DE JESUS HENAO VILLEGA                 0090572013041104550030100806
I200800002194SERVICULTIVOS LTDA                           0220452012040603404520120406
I200800178009CALZADO ORION DEL LITORAL                    0330202000040601505420140106
I200811046741SALUD AXIAL LTDA                             0440761998406903400219990101
I200830067928C I GLOMA S A                                0110432044040601203220100406
I200860013816INSTITUTO DE SEGUROS SOCIALE                 0220672010043503300220131206
I200860024151COMPUTEC SA                                  0330332011140604500120110402
I200860034313BANCO DAVIVIENDA SA                          0533000013040601102320110411
I200890300546COLGATE PALMOLIVE COMPAIA                    2322000011050603304320131010
I200890934264SUBSUELO Y GEOTECNIA LTDA                    0450002010080600204420130506
I200890107487SUPERTIENDAS Y DROGUERIAS OL                 0340452012040600300620130106
I300600003115xxxxxx                                       0150542014010600400320120406
I300611000446ANTONIO CONDOLUCI DOMINGO                    0340021999010100506720130406
I400000163597MARWA MIKHAEL SKAFF DE KARAA                 0120322010040600604520110406
I400000266423SIMONE MARTINEZ                              033002201312060070rt20110106
I400000244359PATRICIO ALEJANDRO HERRERA C                 0450012011040200804520130111
I400000136711ARIAS NILO RIESCO                            0110232011041100905720130411
I400000163598xxxxxx                                       0330432013101002204520120406
T 00000000027                                             772774        787861        
/d/iccol/desarrollo $^[  /d/iccol/desarrollo $cat 9999991000905140101.txt/d/iccol/desarrollo $fu                         /d/iccol/desarrollo $cat 9999991000905140101.txt/d/iccol/desarrollo $x CARGAJUR 9999991000905140101.txt/d/iccol/desarrollo $
Carga de archivo JURAD
command line: 9999991000905140101.txt                                                         
01 Envio Original - Carga TOTAL 1a vez
I100000149123JOSE MISAEL AREVALO SANCHEZ                  0010012013040500905720
Error 09 Fecha ultima demanda vigente YYMMDD: fuera de rango        
Error 13 Fecha ultimo embargo vigente YYMMDD: fuera de rango        
I100000262135LIBARDO ANTONIO GARZON TORRE                 0150202013020602204520
Error 09 Fecha ultima demanda vigente YYMMDD: fuera de rango        
Error 13 Fecha ultimo embargo vigente YYMMDD: fuera de rango        
I100000958212LUIS GUILLERMO AVENDAÑO RODR                 002044201305060330202
Error 06 Numero de demandas vigentes: debe ser numerico             
Error 13 Fecha ultimo embargo vigente YYMMDD: fuera de rango        
6                                                                               
Error 01 Tipo de movimiento invalido, debe ser I M E T              
Error 02 Tipo de identificación invalido, debe ser 1 2 3 4         
Error 03 Numero de identificación invalido, debe ser numerico      
Error 04 Tipo de identificación debe ser mayor que cero            
Error 05 Falta el nombre o denominacion                             
Error 06 Numero de demandas vigentes: debe ser numerico             
Error 07 Numero de demandas terminadas: debe ser numerico           
Error 08 Fecha ultima demanda vigente YYMMDD: debe ser numerica     
Error 09 Fecha ultima demanda vigente YYMMDD: fuera de rango        
Error 10 Numero de embargos vigentes: debe ser numerico             
Error 11 Numero de embargos terminados: debe ser numerico           
Error 12 Fecha ultimo embargo vigente YYMMDD: debe ser numerica     
Error 13 Fecha ultimo embargo vigente YYMMDD: fuera de rango        
I100001327130GONZALO PATIÑO MORENO                        003006201301060440761
Error 06 Numero de demandas vigentes: debe ser numerico             
Error 13 Fecha ultimo embargo vigente YYMMDD: fuera de rango        
9                                                                               
Error 01 Tipo de movimiento invalido, debe ser I M E T              
Error 02 Tipo de identificación invalido, debe ser 1 2 3 4         
Error 03 Numero de identificación invalido, debe ser numerico      
Error 04 Tipo de identificación debe ser mayor que cero            
Error 05 Falta el nombre o denominacion                             
Error 06 Numero de demandas vigentes: debe ser numerico             
Error 07 Numero de demandas terminadas: debe ser numerico           
Error 08 Fecha ultima demanda vigente YYMMDD: debe ser numerica     
Error 09 Fecha ultima demanda vigente YYMMDD: fuera de rango        
Error 10 Numero de embargos vigentes: debe ser numerico             
Error 11 Numero de embargos terminados: debe ser numerico           
Error 12 Fecha ultimo embargo vigente YYMMDD: debe ser numerica     
Error 13 Fecha ultimo embargo vigente YYMMDD: fuera de rango        
I100002249789JOAQUIN VARGAS CABALLERO                     0040032012040601104320
Error 13 Fecha ultimo embargo vigente YYMMDD: fuera de rango        
I100002859753ERNESTO RICO                                 0050672013040602206720
Error 09 Fecha ultima demanda vigente YYMMDD: fuera de rango        
Error 13 Fecha ultimo embargo vigente YYMMDD: fuera de rango        
I100002865767MIGUEL ANTONIO LAVERDE NIETO                 0060452011040603303320
Error 13 Fecha ultimo embargo vigente YYMMDD: fuera de rango        
I100003044362MANUEL CASTRO MUÑETON                        0070rt201101060530012
Error 06 Numero de demandas vigentes: debe ser numerico             
Error 07 Numero de demandas terminadas: debe ser numerico           
Error 08 Fecha ultima demanda vigente YYMMDD: debe ser numerica     
6                                                                               
Error 01 Tipo de movimiento invalido, debe ser I M E T              
Error 02 Tipo de identificación invalido, debe ser 1 2 3 4         
Error 03 Numero de identificación invalido, debe ser numerico      
Error 04 Tipo de identificación debe ser mayor que cero            
Error 05 Falta el nombre o denominacion                             
Error 06 Numero de demandas vigentes: debe ser numerico             
Error 07 Numero de demandas terminadas: debe ser numerico           
Error 08 Fecha ultima demanda vigente YYMMDD: debe ser numerica     
Error 09 Fecha ultima demanda vigente YYMMDD: fuera de rango        
Error 10 Numero de embargos vigentes: debe ser numerico             
Error 11 Numero de embargos terminados: debe ser numerico           
Error 12 Fecha ultimo embargo vigente YYMMDD: debe ser numerica     
Error 13 Fecha ultimo embargo vigente YYMMDD: fuera de rango        
I100003295380HENRY REY BARBOSA                            0080452013011123200220
Error 09 Fecha ultima demanda vigente YYMMDD: fuera de rango        
Error 13 Fecha ultimo embargo vigente YYMMDD: fuera de rango        
I100003448867JAIRO DE JESUS HENAO VILLEGA                 0090572013041104550030
Error 09 Fecha ultima demanda vigente YYMMDD: fuera de rango        
Error 13 Fecha ultimo embargo vigente YYMMDD: fuera de rango        
I200800002194SERVICULTIVOS LTDA                           0220452012040603404520
Error 13 Fecha ultimo embargo vigente YYMMDD: fuera de rango        
I200800178009CALZADO ORION DEL LITORAL                    0330202000040601505420
Error 09 Fecha ultima demanda vigente YYMMDD: fuera de rango        
Error 13 Fecha ultimo embargo vigente YYMMDD: fuera de rango        
I200811046741SALUD AXIAL LTDA                             0440761998406903400219
Error 09 Fecha ultima demanda vigente YYMMDD: fuera de rango        
Error 13 Fecha ultimo embargo vigente YYMMDD: fuera de rango        
I200830067928C I GLOMA S A                                0110432044040601203220
Error 09 Fecha ultima demanda vigente YYMMDD: fuera de rango        
Error 13 Fecha ultimo embargo vigente YYMMDD: fuera de rango        
I200860013816INSTITUTO DE SEGUROS SOCIALE                 0220672010043503300220
Error 13 Fecha ultimo embargo vigente YYMMDD: fuera de rango        
I200860024151COMPUTEC SA                                  0330332011140604500120
Error 13 Fecha ultimo embargo vigente YYMMDD: fuera de rango        
I200860034313BANCO DAVIVIENDA SA                          0533000013040601102320
Error 09 Fecha ultima demanda vigente YYMMDD: fuera de rango        
Error 13 Fecha ultimo embargo vigente YYMMDD: fuera de rango        
I200890300546COLGATE PALMOLIVE COMPAIA                    2322000011050603304320
Error 13 Fecha ultimo embargo vigente YYMMDD: fuera de rango        
I200890934264SUBSUELO Y GEOTECNIA LTDA                    0450002010080600204420
Error 13 Fecha ultimo embargo vigente YYMMDD: fuera de rango        
I200890107487SUPERTIENDAS Y DROGUERIAS OL                 0340452012040600300620
Error 13 Fecha ultimo embargo vigente YYMMDD: fuera de rango        
I300600003115xxxxxx                                       0150542014010600400320
Error 09 Fecha ultima demanda vigente YYMMDD: fuera de rango        
Error 13 Fecha ultimo embargo vigente YYMMDD: fuera de rango        
I300611000446ANTONIO CONDOLUCI DOMINGO                    0340021999010100506720
Error 09 Fecha ultima demanda vigente YYMMDD: fuera de rango        
Error 13 Fecha ultimo embargo vigente YYMMDD: fuera de rango        
I400000163597MARWA MIKHAEL SKAFF DE KARAA                 0120322010040600604520
Error 13 Fecha ultimo embargo vigente YYMMDD: fuera de rango        
I400000266423SIMONE MARTINEZ                              033002201312060070rt20
Error 09 Fecha ultima demanda vigente YYMMDD: fuera de rango        
Error 12 Fecha ultimo embargo vigente YYMMDD: debe ser numerica     
Error 13 Fecha ultimo embargo vigente YYMMDD: fuera de rango        
I400000244359PATRICIO ALEJANDRO HERRERA C                 0450012011040200804520
Error 13 Fecha ultimo embargo vigente YYMMDD: fuera de rango        
I400000136711ARIAS NILO RIESCO                            0110232011041100905720
Error 13 Fecha ultimo embargo vigente YYMMDD: fuera de rango        
I400000163598xxxxxx                                       0330432013101002204520
Error 09 Fecha ultima demanda vigente YYMMDD: fuera de rango        
Error 13 Fecha ultimo embargo vigente YYMMDD: fuera de rango        

real    0m0.04s
user    0m0.01s
sys     0m0.01s

Inicio de Programa:  2014/05/16 06:35:36
Fin de Programa:     2014/05/16 06:35:36

/d/iccol/desarrollo $ ^?   