=~=~=~=~=~=~=~=~=~=~=~= PuTTY log 2014.05.16 15:09:37 =~=~=~=~=~=~=~=~=~=~=~=
login as: icdgd
Using keyboard-interactive authentication.
Password: 
Last login: Fri May 16 12:14:00 2014 from 172.16.10.68
Sun Microsystems Inc.   SunOS 5.10      Generic January 2005
You have new mail.
COBJVM=sun_142
JAVA_HOME=/usr/j2se
LD_LIBRARY_PATH=/usr/j2se/jre/lib/sparc:/usr/j2se/jre/lib/sparc/client:/usr/j2se/jre/lib/sparc/native_threads:/usr/j2se/jre/lib/sparc:/opt/mfocus/des/cobol/lib:/opt/IBM/db2/V9.7/lib:/export/home/db2inst1/sqllib/lib64:/export/home/db2inst1/sqllib/lib32
PATH=/usr/j2se/jre/sh:/usr/j2se/sh:/usr/j2se/bin:/usr/j2se/jre/bin:/opt/mfocus/des/cobol/lib:/opt/mfocus/des/cobol/bin:/usr/bin:/bin:/usr/bin:/d/iccol/desarrollo/macros:/d/iccol/desarrollo/utiles:/opt/bin:/usr/sbin:/usr/lib:/usr/ccs/bin:/opt/SUNWspro/bin:/usr/jdk/latest/bin:/usr/local/bin:/usr/j2se/bin:/usr/openwin/bin:.:/export/home/db2inst1/sqllib/bin:/export/home/db2inst1/sqllib/adm:/export/home/db2inst1/sqllib/misc
CLASSPATH=/opt/mfocus/des/cobol/lib/mfcobol.jar:.:/usr/j2se/jre/lib/rt.jar:/opt/mfocus/des/cobol/lib/mfimtk.jar:/opt/mfocus/des/cobol/lib/xerces.jar:/opt/mfocus/des/cobol/lib/castor-0_9_4_1-xml.jar:/opt/mfocus/des/cobol/lib/mfcobol.jar:/usr/j2se/jre/lib/dt.jar:/usr/j2se/jre/lib/rt.jar:/d/iccol/desarrollo/java/server:/export/home/db2inst1/sqllib/java/db2java.zip:/export/home/db2inst1/sqllib/java/db2jcc.jar:/export/home/db2inst1/sqllib/java/sqlj.zip:/export/home/db2inst1/sqllib/function:/export/home/db2inst1/sqllib/java/db2jcc_license_cu.jar:.
COBCPY=/opt/mfocus/des/cobol/cpylib:/opt/mfocus/des/cobol/cpylib:/d/iccol/desarrollo/copys/pais:/d/iccol/desarrollo/copys
Java version = 1.4.2_19
Java vendor = Sun Microsystems Inc.
Java OS name = SunOS
Java OS arch = sparc
Java OS version = 5.10

  ####    ####   #####   ######   ####
 #    #  #    #  #    #  #       #
 #       #    #  #    #  #####    ####
 #       #    #  #    #  #            #
 #    #  #    #  #    #  #       #    #
  ####    ####   #####   ######   ####

 #####
#     #   ####   #        ####   #    #  #####      #      ##
#        #    #  #       #    #  ##  ##  #    #     #     #  #
#        #    #  #       #    #  # ## #  #####      #    #    #
#        #    #  #       #    #  #    #  #    #     #    ######
#     #  #    #  #       #    #  #    #  #    #     #    #    #
 #####    ####   ######   ####   #    #  #####      #    #    #

 #####
#     #   ####   #    #  #####      #    #         ##     ####      #     ####
#        #    #  ##  ##  #    #     #    #        #  #   #    #     #    #    #
#        #    #  # ## #  #    #     #    #       #    #  #          #    #    #
#        #    #  #    #  #####      #    #       ######  #          #    #    #
#     #  #    #  #    #  #          #    #       #    #  #    #     #    #    #
 #####    ####   #    #  #          #    ######  #    #   ####      #     ####

 #####                                           #####  #         ###
#     #  #    #  #    #          #    #         #     # #    #   #   #
#        #    #  ##   #          #    #               # #    #  #     #
 #####   #    #  # #  #          #    #          #####  #    #  #     #
      #  #    #  #  # #          #    #   ###   #       ####### #     #
#     #  #    #  #   ##           #  #    ###   #            #   #   #
 #####    ####   #    # #######    ##     ###   #######      #    ###

icdgd@codes /d/iccol/desarrollo
$ . viset
viset running
/d/iccol/desarrollo $env
_=/usr/bin/env
ICREGIS=/d/iccol/desarrollo/database/prunovedat
FECHA_AMNI=20090111
LC_MONETARY=en_US.ISO8859-15
DB2_ADMSSO=/d/iccol/desarrollo/database/prunovedat/DB2_ADMSSO.cfg
JH=/usr/j2se
LC_TIME=en_US.ISO8859-15
COBDB2=97
DB2_LISEXC=/d/iccol/desarrollo/database/prunovedat/DB2_LISEXC.cfg
DATOS=/d/iccol/desarrollo/datos
VISUAL=vi
VALORES=/d/iccol/desarrollo/database/prunovedat
DBSUPER=/d/iccol/desarrollo/database/prunovedat
SSH_TTY=/dev/pts/54
ARCHTEMP=/d/iccol/desarrollo/archtemp
CAL_ENT=/d/iccol/desarrollo/trabajo/calidad/entrada
PATH=/usr/j2se/jre/sh:/usr/j2se/sh:/usr/j2se/bin:/usr/j2se/jre/bin:/opt/mfocus/des/cobol/lib:/opt/mfocus/des/cobol/bin:/usr/bin:/bin:/usr/bin:/d/iccol/desarrollo/macros:/d/iccol/desarrollo/utiles:/opt/bin:/usr/sbin:/usr/lib:/usr/ccs/bin:/opt/SUNWspro/bin:/usr/jdk/latest/bin:/usr/local/bin:/usr/j2se/bin:/usr/openwin/bin:.:/export/home/db2inst1/sqllib/bin:/export/home/db2inst1/sqllib/adm:/export/home/db2inst1/sqllib/misc
normal=
COBIDY=/d/iccol/desarrollo/animator
JAVA_HOME_5=/usr/jdk/latest
DB2_CONSUMIDOR=/d/iccol/desarrollo/database/prunovedat/DB2_CONSUMIDOR_97.cfg
COLUMNS=80
TEMPORALES=/d/iccol/desarrollo/temporales
NUM_EJEC=002
dd_ERROR_ICBNAP=/d/iccol/desarrollo/temporales/ERROR_ICBNAP
DIRECCIONES=/d/iccol/desarrollo/database/prunovedat
EXINIT=set ignorecase nowrapscan showmode showmatch tabstop=4 shiftwidth=4 | map ^? ^H | map ^[[4~ $ | map ^[[1~ 0 | map ^[[6~ ^F^F | map ^[[5~ ^B^B 
MAESTROS_ACT=/d/iccol/desarrollo/actualizacion/maestros-act
HISTFILE=/d/iccol/desarrollo/.history.icdgd
CLASSPATH=/opt/mfocus/des/cobol/lib/mfcobol.jar:.:/usr/j2se/jre/lib/rt.jar:/opt/mfocus/des/cobol/lib/mfimtk.jar:/opt/mfocus/des/cobol/lib/xerces.jar:/opt/mfocus/des/cobol/lib/castor-0_9_4_1-xml.jar:/opt/mfocus/des/cobol/lib/mfcobol.jar:/usr/j2se/jre/lib/dt.jar:/usr/j2se/jre/lib/rt.jar:/d/iccol/desarrollo/java/server:/export/home/db2inst1/sqllib/java/db2java.zip:/export/home/db2inst1/sqllib/java/db2jcc.jar:/export/home/db2inst1/sqllib/java/sqlj.zip:/export/home/db2inst1/sqllib/function:/export/home/db2inst1/sqllib/java/db2jcc_license_cu.jar:.:/d/iccol/desarrollo/jars/axis-ant.jar:/d/iccol/desarrollo/jars/axis.jar:/d/iccol/desarrollo/jars/clienteServRegGenerico-2.0.desarr.jar:/d/iccol/desarrollo/jars/clienteServRegGenerico-2.0.jar:/d/iccol/desarrollo/jars/clienteServRegGenerico-2.0.pruebas.jar:/d/iccol/desarrollo/jars/CobolCamaras1.jar:/d/iccol/desarrollo/jars/CobolCamarasBKPruebas1.jar:/d/iccol/desarrollo/jars/CobolFico.jar:/d/iccol/desarrollo/jars/CobolFicoBatch.jar:/d/iccol/desarrollo/jars/commons-discovery-0.2.jar:/d/iccol/desarrollo/jars/commons-discovery-0.4.jar:/d/iccol/desarrollo/jars/commons-discovery.jar:/d/iccol/desarrollo/jars/commons-logging-1.0.4.jar:/d/iccol/desarrollo/jars/commons-logging.jar:/d/iccol/desarrollo/jars/CupoPreaprobado.jar:/d/iccol/desarrollo/jars/db2jcc_license_cu.jar:/d/iccol/desarrollo/jars/db2jcc.jar:/d/iccol/desarrollo/jars/dc_util.pruebas.jar:/d/iccol/desarrollo/jars/dcSharedDataLib.jar:/d/iccol/desarrollo/jars/j2ee.jar:/d/iccol/desarrollo/jars/jaxen-core.jar:/d/iccol/desarrollo/jars/jaxen-jdom.jar:/d/iccol/desarrollo/jars/jaxrpc.jar:/d/iccol/desarrollo/jars/jdom.jar:/d/iccol/desarrollo/jars/log4j-1.2.8.jar:/d/iccol/desarrollo/jars/mail.jar:/d/iccol/desarrollo/jars/pepe.jar:/d/iccol/desarrollo/jars/reflection.util.1.4.jar:/d/iccol/desarrollo/jars/saaj.jar:/d/iccol/desarrollo/jars/saxpath.jar:/d/iccol/desarrollo/jars/sct.jar:/d/iccol/desarrollo/jars/Test.jar:/d/iccol/desarrollo/jars/wsdl4j-1.5.1.jar:/d/iccol/desarrollo/jars/xml.reflection.1.4.jar
COBPATH=/d/iccol/desarrollo/objetos
LOGNAME=icdgd
PRESP_ENT=//d/iccol/desarrollo/especiales/entrada
FRABDUACT=/d/iccol/desarrollo/database/prunovedat
SORTCOMPRESS=5
SORTSPACE=128M
LISTADOS=/d/iccol/desarrollo/listados
SCORES=/d/iccol/desarrollo/database/prunovedat
AUDITOR=/d/iccol/desarrollo/database/prunovedat
MAIL=/usr/mail/icdgd
COBSW=
MACROS=/d/iccol/desarrollo/macros
COBCPY=/opt/mfocus/des/cobol/cpylib:/opt/mfocus/des/cobol/cpylib:/d/iccol/desarrollo/copys/pais:/d/iccol/desarrollo/copys
COBDIR=/opt/mfocus/des/cobol
PS1=/d/iccol/desarrollo $
dd_ICDAS=/d/iccol/desarrollo/database/prunovedat/ICDAS
COBOPT=
AMBIENTE=pruebas
FUENTES=/d/iccol/desarrollo/fuentes
DATABASE=/d/iccol/desarrollo/database/prunovedat
maquina=codes
DB2_EXTRACUPOS=/d/iccol/desarrollo/database/prunovedat/DB2_EXTRACUPOS_97.cfg
MF=Compilacion
ACTREG=/d/iccol/actreg
TERMINALES=/d/iccol/desarrollo/terminales
DB2_NOVEDAT=/d/iccol/desarrollo/database/prunovedat/DB2_NOVEDAT_97.cfg
DB2_MOVILES=/d/iccol/desarrollo/database/prunovedat/DB2_MOVILES_97.cfg
USER=icdgd
FACTURACION=/d/iccol/desarrollo/temporales/facturacion
dd_CEDULAS=/d/iccol/desarrollo/database/prunovedat/CEDULAS
rev=
des=       1
LC_MESSAGES=C
HCOBND=/d/iccol/desarrollo/binds
MFPLI_PRODUCT_DIR=/opt/mfocus/des/cobol
LC_CTYPE=en_US.ISO8859-15
JAR=/d/iccol/desarrollo/jars
PRESP_SAL=//d/iccol/desarrollo/especiales/salida
ICDB_AUX=/d/iccol/icdb_aux
con=       0
CVSROOT=:pserver:icdgd@localhost:/usr/local/cvsroot
COBJVM=sun_142
MBOX=/d/iccol/desarrollo/mbox.icdgd
SHELL=/bin/ksh
ICBAK=/d/iccol/icbak
dd_ICDIAN=/d/iccol/desarrollo/database/prunovedat/ICDIAN
CALIFICACION=/d/iccol/desarrollo/actualizacion/calificacion
EXTFH=/d/iccol/desarrollo/database/prunovedat/extfh.cfg
JAVA_HOME=/usr/j2se
BD_EXTRACUPOS=/d/iccol/desarrollo/database/prunovedat/BD_EXTRACUPOS.cfg
HISTSIZE=400
LOGDIR=/d/iccol/desarrollo/database/logs
run=       0
TMOUT=1800
LOGS=/d/iccol/desarrollo/database/prunovedat
DB2_DATACIU2=/d/iccol/desarrollo/database/prunovedat/DB2_DATACIU2_97.cfg
BD_NOVEDAT=/d/iccol/desarrollo/database/prunovedat/BD_NOVEDAT.cfg
path_text=/opt/mfocus/des/cobol/lib:/opt/mfocus/des/cobol/bin:/usr/bin:/bin:/usr/bin:/d/iccol/desarrollo/macros:/d/iccol/desarrollo/utiles:/opt/bin:/usr/sbin:/usr/lib:/usr/ccs/bin:/opt/SUNWspro/bin:/usr/jdk/latest/bin:/usr/local/bin:/usr/jdk/latest/bin:/usr/openwin/bin:.:/export/home/db2inst1/sqllib/bin:/export/home/db2inst1/sqllib/adm:/export/home/db2inst1/sqllib/misc
HOME=/d/iccol/desarrollo
LC_COLLATE=en_US.ISO8859-15
FRABDUVAL=/d/iccol/desarrollo/database/prunovedat
dd_REG02=/d/iccol/desarrollo/database/prunovedat/REG02
COPYS=/d/iccol/desarrollo/copys
dd_REG03=/d/iccol/desarrollo/database/prunovedat/REG03
LC_NUMERIC=en_US.ISO8859-15
dd_REG01=/d/iccol/desarrollo/database/prunovedat/REG01
DB2INSTANCE=db2inst1
BDU=/d/iccol/desarrollo/database
DB2_SSO=/d/iccol/desarrollo/database/prunovedat/DB2_SSO_97.cfg
MAESTROS_VAL=/d/iccol/desarrollo/actualizacion/validacion/maestros-val
SSH_CONNECTION=172.16.10.54 55919 172.24.2.206 22
SSH_CLIENT=172.16.10.54 55919 22
dd_REG04=/d/iccol/desarrollo/database/prunovedat/REG04
TERM=vt220
LD_LIBRARY_PATH=/usr/j2se/jre/lib/sparc:/usr/j2se/jre/lib/sparc/client:/usr/j2se/jre/lib/sparc/native_threads:/usr/j2se/jre/lib/sparc:/opt/mfocus/des/cobol/lib:/opt/IBM/db2/V9.7/lib:/export/home/db2inst1/sqllib/lib64:/export/home/db2inst1/sqllib/lib32
COBMODE=32
TTY=/dev/pts/54
THREADS_FLAG=native
UTILES=/d/iccol/desarrollo/utiles
PWD=/d/iccol/desarrollo
SERV_CCI=DES-prunovedat
OBJETOS=/d/iccol/desarrollo/objetos
bold=
TZ=America/Bogota
VALIDACION=/d/iccol/desarrollo/actualizacion/validacion
ENV=/d/iccol/desarrollo/.aliases
CAL_SAL=/d/iccol/desarrollo/trabajo/calidad/salida
COBCONFIG=/d/iccol/desarrollo/cobconfig
GRUPOS=icdatacr descob cvs cvsproydocs
BD_SSO=/d/iccol/desarrollo/database/prunovedat/BD_SSO.cfg
ACTUALIZACION=/d/iccol/desarrollo/actualizacion/actualizacion
TRABAJO=/d/iccol/desarrollo/trabajo
JH_5=/usr/jdk/latest
A__z="*TMOUT
/d/iccol/desarrollo $env | grep PS
PS1=/d/iccol/desarrollo $
/d/iccol/desarrollo $
/d/iccol/desarrollo $echo $PS1
/d/iccol/desarrollo $
/d/iccol/desarrollo $PS1="\w $"
w $^[  w $PS1="\w $"w $          w $
w $^[  w $PS1="\w $"w $PS1=\w $" \\w $"
> 
> ^C
w $PS1="\\w $"
w $export PS1
w $
w $echo "^?H    $PS1
\w $
w $echo $prompt

w $:set pt^?rompt=www
ksh: :set:  not found
w $set prompt=qqq
w $export prompt
w $export $prop mpt
ACTREG=/d/iccol/actreg
ACTUALIZACION=/d/iccol/desarrollo/actualizacion/actualizacion
AMBIENTE=pruebas
ARCHTEMP=/d/iccol/desarrollo/archtemp
ASLMFRETRY
AUDITOR=/d/iccol/desarrollo/database/prunovedat
BDU=/d/iccol/desarrollo/database
BD_EXTRACUPOS=/d/iccol/desarrollo/database/prunovedat/BD_EXTRACUPOS.cfg
BD_NOVEDAT=/d/iccol/desarrollo/database/prunovedat/BD_NOVEDAT.cfg
BD_SSO=/d/iccol/desarrollo/database/prunovedat/BD_SSO.cfg
CALIFICACION=/d/iccol/desarrollo/actualizacion/calificacion
CAL_ENT=/d/iccol/desarrollo/trabajo/calidad/entrada
CAL_SAL=/d/iccol/desarrollo/trabajo/calidad/salida
CLASSPATH=/opt/mfocus/des/cobol/lib/mfcobol.jar:.:/usr/j2se/jre/lib/rt.jar:/opt/mfocus/des/cobol/lib/mfimtk.jar:/opt/mfocus/des/cobol/lib/xerces.jar:/opt/mfocus/des/cobol/lib/castor-0_9_4_1-xml.jar:/opt/mfocus/des/cobol/lib/mfcobol.jar:/usr/j2se/jre/lib/dt.jar:/usr/j2se/jre/lib/rt.jar:/d/iccol/desarrollo/java/server:/export/home/db2inst1/sqllib/java/db2java.zip:/export/home/db2inst1/sqllib/java/db2jcc.jar:/export/home/db2inst1/sqllib/java/sqlj.zip:/export/home/db2inst1/sqllib/function:/export/home/db2inst1/sqllib/java/db2jcc_license_cu.jar:.:/d/iccol/desarrollo/jars/axis-ant.jar:/d/iccol/desarrollo/jars/axis.jar:/d/iccol/desarrollo/jars/clienteServRegGenerico-2.0.desarr.jar:/d/iccol/desarrollo/jars/clienteServRegGenerico-2.0.jar:/d/iccol/desarrollo/jars/clienteServRegGenerico-2.0.pruebas.jar:/d/iccol/desarrollo/jars/CobolCamaras1.jar:/d/iccol/desarrollo/jars/CobolCamarasBKPruebas1.jar:/d/iccol/desarrollo/jars/CobolFico.jar:/d/iccol/desarrollo/jars/CobolFicoBatch.jar:/d/iccol/desarrollo/jars/commons-discovery-0.2.jar:/d/iccol/desarrollo/jars/commons-discovery-0.4.jar:/d/iccol/desarrollo/jars/commons-discovery.jar:/d/iccol/desarrollo/jars/commons-logging-1.0.4.jar:/d/iccol/desarrollo/jars/commons-logging.jar:/d/iccol/desarrollo/jars/CupoPreaprobado.jar:/d/iccol/desarrollo/jars/db2jcc_license_cu.jar:/d/iccol/desarrollo/jars/db2jcc.jar:/d/iccol/desarrollo/jars/dc_util.pruebas.jar:/d/iccol/desarrollo/jars/dcSharedDataLib.jar:/d/iccol/desarrollo/jars/j2ee.jar:/d/iccol/desarrollo/jars/jaxen-core.jar:/d/iccol/desarrollo/jars/jaxen-jdom.jar:/d/iccol/desarrollo/jars/jaxrpc.jar:/d/iccol/desarrollo/jars/jdom.jar:/d/iccol/desarrollo/jars/log4j-1.2.8.jar:/d/iccol/desarrollo/jars/mail.jar:/d/iccol/desarrollo/jars/pepe.jar:/d/iccol/desarrollo/jars/reflection.util.1.4.jar:/d/iccol/desarrollo/jars/saaj.jar:/d/iccol/desarrollo/jars/saxpath.jar:/d/iccol/desarrollo/jars/sct.jar:/d/iccol/desarrollo/jars/Test.jar:/d/iccol/desarrollo/jars/wsdl4j-1.5.1.jar:/d/iccol/desarrollo/jars/xml.reflection.1.4.jar
COBCONFIG=/d/iccol/desarrollo/cobconfig
COBCPY=/opt/mfocus/des/cobol/cpylib:/opt/mfocus/des/cobol/cpylib:/d/iccol/desarrollo/copys/pais:/d/iccol/desarrollo/copys
COBDB2=97
COBDIR=/opt/mfocus/des/cobol
COBIDY=/d/iccol/desarrollo/animator
COBJVM=sun_142
COBMODE=32
COBOPT=''
COBPATH=/d/iccol/desarrollo/objetos
COBSW=''
COLUMNS=80
COPYS=/d/iccol/desarrollo/copys
CVSROOT=:pserver:icdgd@localhost:/usr/local/cvsroot
DATABASE=/d/iccol/desarrollo/database/prunovedat
DATOS=/d/iccol/desarrollo/datos
DB2INSTANCE=db2inst1
DB2_ADMSSO=/d/iccol/desarrollo/database/prunovedat/DB2_ADMSSO.cfg
DB2_CONSUMIDOR=/d/iccol/desarrollo/database/prunovedat/DB2_CONSUMIDOR_97.cfg
DB2_DATACIU2=/d/iccol/desarrollo/database/prunovedat/DB2_DATACIU2_97.cfg
DB2_EXTRACUPOS=/d/iccol/desarrollo/database/prunovedat/DB2_EXTRACUPOS_97.cfg
DB2_LISEXC=/d/iccol/desarrollo/database/prunovedat/DB2_LISEXC.cfg
DB2_MOVILES=/d/iccol/desarrollo/database/prunovedat/DB2_MOVILES_97.cfg
DB2_NOVEDAT=/d/iccol/desarrollo/database/prunovedat/DB2_NOVEDAT_97.cfg
DB2_SSO=/d/iccol/desarrollo/database/prunovedat/DB2_SSO_97.cfg
DBSUPER=/d/iccol/desarrollo/database/prunovedat
DIRECCIONES=/d/iccol/desarrollo/database/prunovedat
ENV=/d/iccol/desarrollo/.aliases
EXINIT='set ignorecase nowrapscan showmode showmatch tabstop=4 shiftwidth=4 | map ^? ^H | map ^[[4~ $ | map ^[[1~ 0 | map ^[[6~ ^F^F | map ^[[5~ ^B^B '
EXTFH=/d/iccol/desarrollo/database/prunovedat/extfh.cfg
FACTURACION=/d/iccol/desarrollo/temporales/facturacion
FECHA_AMNI=20090111
FRABDUACT=/d/iccol/desarrollo/database/prunovedat
FRABDUVAL=/d/iccol/desarrollo/database/prunovedat
FUENTES=/d/iccol/desarrollo/fuentes
GRUPOS='icdatacr descob cvs cvsproydocs'
HCOBND=/d/iccol/desarrollo/binds
HISTFILE=/d/iccol/desarrollo/.history.icdgd
HISTSIZE=400
HOME=/d/iccol/desarrollo
ICBAK=/d/iccol/icbak
ICDB_AUX=/d/iccol/icdb_aux
ICREGIS=/d/iccol/desarrollo/database/prunovedat
JAR=/d/iccol/desarrollo/jars
JAVA_HOME=/usr/j2se
JAVA_HOME_5=/usr/jdk/latest
JH=/usr/j2se
JH_5=/usr/jdk/latest
LC_COLLATE=en_US.ISO8859-15
LC_CTYPE=en_US.ISO8859-15
LC_MESSAGES=C
LC_MONETARY=en_US.ISO8859-15
LC_NUMERIC=en_US.ISO8859-15
LC_TIME=en_US.ISO8859-15
LD_LIBRARY_PATH=/usr/j2se/jre/lib/sparc:/usr/j2se/jre/lib/sparc/client:/usr/j2se/jre/lib/sparc/native_threads:/usr/j2se/jre/lib/sparc:/opt/mfocus/des/cobol/lib:/opt/IBM/db2/V9.7/lib:/export/home/db2inst1/sqllib/lib64:/export/home/db2inst1/sqllib/lib32
LISTADOS=/d/iccol/desarrollo/listados
LOGDIR=/d/iccol/desarrollo/database/logs
LOGNAME=icdgd
LOGS=/d/iccol/desarrollo/database/prunovedat
MACROS=/d/iccol/desarrollo/macros
MAESTROS_ACT=/d/iccol/desarrollo/actualizacion/maestros-act
MAESTROS_VAL=/d/iccol/desarrollo/actualizacion/validacion/maestros-val
MAIL=/usr/mail/icdgd
MBOX=/d/iccol/desarrollo/mbox.icdgd
MF=Compilacion
MFPLI_PRODUCT_DIR=/opt/mfocus/des/cobol
NUM_EJEC=002
OBJETOS=/d/iccol/desarrollo/objetos
PATH=/usr/j2se/jre/sh:/usr/j2se/sh:/usr/j2se/bin:/usr/j2se/jre/bin:/opt/mfocus/des/cobol/lib:/opt/mfocus/des/cobol/bin:/usr/bin:/bin:/usr/bin:/d/iccol/desarrollo/macros:/d/iccol/desarrollo/utiles:/opt/bin:/usr/sbin:/usr/lib:/usr/ccs/bin:/opt/SUNWspro/bin:/usr/jdk/latest/bin:/usr/local/bin:/usr/j2se/bin:/usr/openwin/bin:.:/export/home/db2inst1/sqllib/bin:/export/home/db2inst1/sqllib/adm:/export/home/db2inst1/sqllib/misc
PRESP_ENT=//d/iccol/desarrollo/especiales/entrada
PRESP_SAL=//d/iccol/desarrollo/especiales/salida
PS1='\w $'
PWD=/d/iccol/desarrollo
SCORES=/d/iccol/desarrollo/database/prunovedat
SERV_CCI=DES-prunovedat
SHELL=/bin/ksh
SORTCOMPRESS=5
SORTSPACE=128M
SSH_CLIENT='172.16.10.54 55919 22'
SSH_CONNECTION='172.16.10.54 55919 172.24.2.206 22'
SSH_TTY=/dev/pts/54
TEMPORALES=/d/iccol/desarrollo/temporales
TERM=vt220
TERMINALES=/d/iccol/desarrollo/terminales
THREADS_FLAG=native
TMOUT=1800
TRABAJO=/d/iccol/desarrollo/trabajo
TTY=/dev/pts/54
TZ=America/Bogota
USER=icdgd
UTILES=/d/iccol/desarrollo/utiles
VALIDACION=/d/iccol/desarrollo/actualizacion/validacion
VALORES=/d/iccol/desarrollo/database/prunovedat
VISUAL=vi
_=prompt
bold=''
con='       0'
dd_CEDULAS=/d/iccol/desarrollo/database/prunovedat/CEDULAS
dd_ERROR_ICBNAP=/d/iccol/desarrollo/temporales/ERROR_ICBNAP
dd_ICDAS=/d/iccol/desarrollo/database/prunovedat/ICDAS
dd_ICDIAN=/d/iccol/desarrollo/database/prunovedat/ICDIAN
dd_REG01=/d/iccol/desarrollo/database/prunovedat/REG01
dd_REG02=/d/iccol/desarrollo/database/prunovedat/REG02
dd_REG03=/d/iccol/desarrollo/database/prunovedat/REG03
dd_REG04=/d/iccol/desarrollo/database/prunovedat/REG04
des='       1'
maquina=codes
normal=''
path_text=/opt/mfocus/des/cobol/lib:/opt/mfocus/des/cobol/bin:/usr/bin:/bin:/usr/bin:/d/iccol/desarrollo/macros:/d/iccol/desarrollo/utiles:/opt/bin:/usr/sbin:/usr/lib:/usr/ccs/bin:/opt/SUNWspro/bin:/usr/jdk/latest/bin:/usr/local/bin:/usr/jdk/latest/bin:/usr/openwin/bin:.:/export/home/db2inst1/sqllib/bin:/export/home/db2inst1/sqllib/adm:/export/home/db2inst1/sqllib/misc
prompt
rev=''
run='       0'
w $^D
