=~=~=~=~=~=~=~=~=~=~=~= PuTTY log 2014.06.13 09:02:54 =~=~=~=~=~=~=~=~=~=~=~=
login as: icjlud
Using keyboard-interactive authentication.
Password: 
Last login: Thu Jun 12 18:21:32 2014 from 172.16.10.67
Sun Microsystems Inc.   SunOS 5.10      Generic January 2005
You have new mail.
COBJVM=sun_142
JAVA_HOME=/usr/j2se
LD_LIBRARY_PATH=/usr/j2se/jre/lib/sparc:/usr/j2se/jre/lib/sparc/client:/usr/j2se/jre/lib/sparc/native_threads:/usr/j2se/jre/lib/sparc:/opt/mfocus/des/cobol/lib:/opt/IBM/db2/V9.7/lib:/export/home/db2inst1/sqllib/lib64:/export/home/db2inst1/sqllib/lib32
PATH=/usr/j2se/jre/sh:/usr/j2se/sh:/usr/j2se/bin:/usr/j2se/jre/bin:/opt/mfocus/des/cobol/lib:/opt/mfocus/des/cobol/bin:/usr/bin:/bin:/usr/bin:/d/iccol/desarrollo/macros:/d/iccol/desarrollo/utiles:/opt/bin:/usr/sbin:/usr/lib:/usr/ccs/bin:/opt/SUNWspro/bin:/usr/jdk/latest/bin:/usr/local/bin:/usr/j2se/bin:/usr/openwin/bin:.:/export/home/db2inst1/sqllib/bin:/export/home/db2inst1/sqllib/adm:/export/home/db2inst1/sqllib/misc
CLASSPATH=/opt/mfocus/des/cobol/lib/mfcobol.jar:.:/usr/j2se/jre/lib/rt.jar:/opt/mfocus/des/cobol/lib/mfimtk.jar:/opt/mfocus/des/cobol/lib/xerces.jar:/opt/mfocus/des/cobol/lib/castor-0_9_4_1-xml.jar:/opt/mfocus/des/cobol/lib/mfcobol.jar:/usr/j2se/jre/lib/dt.jar:/usr/j2se/jre/lib/rt.jar:/d/iccol/desarrollo/java/server:/export/home/db2inst1/sqllib/java/db2java.zip:/export/home/db2inst1/sqllib/java/db2jcc.jar:/export/home/db2inst1/sqllib/java/sqlj.zip:/export/home/db2inst1/sqllib/function:/export/home/db2inst1/sqllib/java/db2jcc_license_cu.jar:.
COBCPY=/opt/mfocus/des/cobol/cpylib:/opt/mfocus/des/cobol/cpylib:/d/iccol/desarrollo/copys/pais:/d/iccol/desarrollo/copys
Java version = 1.4.2_19
Java vendor = Sun Microsystems Inc.
Java OS name = SunOS
Java OS arch = sparc
Java OS version = 5.10

  ####    ####   #####   ######   ####
 #    #  #    #  #    #  #       #
 #       #    #  #    #  #####    ####
 #       #    #  #    #  #            #
 #    #  #    #  #    #  #       #    #
  ####    ####   #####   ######   ####

 #####
#     #   ####   #        ####   #    #  #####      #      ##
#        #    #  #       #    #  ##  ##  #    #     #     #  #
#        #    #  #       #    #  # ## #  #####      #    #    #
#        #    #  #       #    #  #    #  #    #     #    ######
#     #  #    #  #       #    #  #    #  #    #     #    #    #
 #####    ####   ######   ####   #    #  #####      #    #    #

 #####
#     #   ####   #    #  #####      #    #         ##     ####      #     ####
#        #    #  ##  ##  #    #     #    #        #  #   #    #     #    #    #
#        #    #  # ## #  #    #     #    #       #    #  #          #    #    #
#        #    #  #    #  #####      #    #       ######  #          #    #    #
#     #  #    #  #    #  #          #    #       #    #  #    #     #    #    #
 #####    ####   #    #  #          #    ######  #    #   ####      #     ####

 #####                                           #####  #         ###
#     #  #    #  #    #          #    #         #     # #    #   #   #
#        #    #  ##   #          #    #               # #    #  #     #
 #####   #    #  # #  #          #    #          #####  #    #  #     #
      #  #    #  #  # #          #    #   ###   #       ####### #     #
#     #  #    #  #   ##           #  #    ###   #            #   #   #
 #####    ####   #    # #######    ##     ###   #######      #    ###

icjlud@codes /d/iccol/desarrollo
$ . viset
viset running
/d/iccol/desarrollo>fu
/d/iccol/desarrollo/fuentes>clear
/d/iccol/desarrollo/fuentes>cat CARGAJUR.CBL
      $SET LIST SETTING LISTWIDTH"120"
       IDENTIFICATION DIVISION.
       PROGRAM-ID.    CARGAJUR.
      ******************************************************************
      * Actualizacion del archivo de alertas con los datos provistos
      * por Jurad
      * Procesa el archivo JURAD. Controla cada registro: si es OK usa
      * los datos para actualizar BDIIALE, si tiene defecto lo graba en
      * el archivo ERRS.
      ******************************************************************
       AUTHOR.        Globant JL.
       DATE-WRITTEN.
       DATE-COMPILED.
       CONFIGURATION section.
       SOURCE-COMPUTER. microfocus.
       OBJECT-COMPUTER. microfocus.
       INPUT-OUTPUT section.
       FILE-CONTROL.

      ******************************************************************
      ******************************************************************
       select JURAD assign to P-file-path
           organization is line sequential
           file status is JURAD-fs.

      ******************************************************************
      ******************************************************************
       select ERRS assign to ERRS-file-name
           organization is line sequential
           file status is ERRS-fs.

      ******************************************************************
      ******************************************************************
           copy BDIIREGI.FS.

      ******************************************************************
      ******************************************************************
           copy BDIIDIAN.FS.

      ******************************************************************
      ******************************************************************
           copy BDIIDAS.FS.

      ******************************************************************
      ******************************************************************
           copy BDIIALE.FS replacing == on record.== by == on record
              file status is EST-BDIIALE.==.

      ******************************************************************
      * Archivos de base alterna
      ******************************************************************
           copy BDACSV.FS.
           copy ICBDIR.FS.
           copy BDLCLI.FS.
           COPY ICBSUS.FS.
           COPY ICBCHK.FS.
           COPY ICBCRE.FS.
           COPY BDLSTDCIU.FS.
           COPY DIREST.FS.
           COPY BDLNEWDIRBOG.FS.

      ******************************************************************
      ******************************************************************
       DATA DIVISION.
       FILE section.

      ******************************************************************
      * Archivo de entrada con los datos de demandas y embargos de JURAD
      ******************************************************************
       FD JURAD.
       01  JURAD-reg.
      * Registros de movimientos I, M, E
      *    Tipo de Novedad {I, M, E} Inser/Modif/Elim
           03 JURAD-tipo-novedad        pic x.
      *    Tipo de identificacion Numero {1, 2, 3, 4}
           03 JURAD-id-tipo             pic x.
      *    Numero de identificacion
           03 JURAD-id-numeroX          pic x(11).
           03 JURAD-id-numero           redefines JURAD-id-numeroX
                                        pic 9(11).
      *    Nombres y Apellidos
           03 JURAD-nombre              pic x(45).
      *    Numero de demandas vigentes
           03 JURAD-demandas-vigentes   pic 999.
      *    Numero de demandas terminadas
           03 JURAD-demandas-terminadas pic 999.
      *    Fecha ultima demanda vigente YYYYMMDD
           03 JURAD-demandas-fecha-ultima pic x(8).
      *    Numero de embargos vigentes
           03 JURAD-embargos-vigentes   pic 999.
      *    Numero de embargos terminados
           03 JURAD-embargos-terminados pic 999.
      *    Fecha ultimo embargo vigente YYYYMMDD
           03 JURAD-embargos-fecha-ultimo pic x(8).

       01  JURADT-reg.
      * Registro de totales de control T
      *    Tipo de Novedad = "T"
           03 JURADT-tipo-novedad       pic x.
           03                           pic x.
      *    Cantidad de registros
           03 JURADT-registros          pic 9(11).
           03                           pic x.
      * $$$$ El formato a continuación no está confirmado, no se usa
      *    Total numero de demandas vigentes
           03 JURADT-demandas-vigentes  pic 9(7).
           03                           pic x.
      *    Total numero de demandas terminadas
           03 JURADT-demandas-terminadas pic 9(7).
           03                           pic x.
      *    Total numero de embargos vigentes
           03 JURADT-embargos-vigentes  pic 9(7).
           03                           pic x.
      *    Total numero de embargos terminados
           03 JURADT-embargos-terminados pic 9(7).
           03                           pic x(41).

      ******************************************************************
      * Archivo de salida con los registros defectuosos del arch JURAD
      ******************************************************************
       FD ERRS.
       01  ERRS-reg.
      *    Tipo de Novedad {I, M, E, T} Inser/Modif/Elim/Totales
           03 ERRS-tipo-novedad         pic x.
      *    Tipo de identificacion Numero {1, 2, 3, 4}
           03 ERRS-id-tipo              pic x.
      *    Numero de identificacion
           03 ERRS-id-numero            pic x(11).
      *    Nombres y Apellidos
           03 ERRS-nombre               pic x(45).
      *    Numero de demandas vigentes
           03 ERRS-demandas-vigentes    pic 999.
      *    Numero de demandas terminadas
           03 ERRS-demandas-terminadas  pic 999.
      *    Fecha ultima demanda vigente YYMMDD
           03 ERRS-demandas-fecha-ultima pic x(8).
      *    Numero de embargos vigentes
           03 ERRS-embargos-vigentes    pic 999.
      *    Numero de embargos terminados
           03 ERRS-embargos-terminados  pic 999.
      *    Fecha ultimo embargo vigente YYMMDD
           03 ERRS-embargos-fecha-ultimo pic x(8).
      *    Causa del rechazo
           03 ERRS-causa-rechazo        pic x(61).

      ******************************************************************
      * Contiene los ids y nombres de personas
      ******************************************************************
       copy BDIIREGI.FD.

      ******************************************************************
      * Maestro de personas juridicas nacionales y extranjeras reportada
      * por la DIAN
      ******************************************************************
       copy BDIIDIAN.FD.

      ******************************************************************
      * Archivo maestro de cedulas de extranjeria suministrado por DAS
      ******************************************************************
       copy BDIIDAS.FD.

      ******************************************************************
      * Archivos de base alterna
      ******************************************************************
           copy BDACSV.FD.
           COPY ICBDIR0001.FD.
           copy BDLCLI.FD.
           COPY ICBSUS.FD.
           COPY ICBCHK.FD.
           COPY ICBCRE.FD.
           COPY BDLSTDCIU.FD.
           COPY DIREST.FD.
           COPY BDLNEWDIRBOG.FD.

      ******************************************************************
      * Maestro de alertas reportadas por suscriptores
      ******************************************************************
       copy BDIIALE.FD.

      ******************************************************************
       WORKING-STORAGE section.
      ******************************************************************
      * Nombre del programa
       01  pgm                          pic x(10) value "CARGAJUR".


      ******************************************************************
      * Datos para la búsqueda en base alterna
       01  W-DERECHOS                   PIC 9 value 0.
       01  CODIGO-ERROR                 pic 99 value 00.

       01  SW-BDIIALE                   pic 9 value 0.
       01  HACER-MATCH                  PIC 9 value 0.
       01  CADENA-ENTRA                 PIC X(60).
       01  CADENA-SALE                  PIC X(60).
       01  IND-ALFABETICO              PIC  X(01).
           88 SI-ALFABETICO           VALUE " " "A" "B" "C" "D" "E" "F"
                                            "G" "H" "I" "J" "K" "L" "M"
                                            "N" "/" "O" "P" "Q" "R" "S"
                                            "T" "U" "V" "W" "X" "Y" "Z"
                                            "Ñ".

       01  DATOS-E.
           03 TIPOID-E                  pic 9.
           03 NUMID-E                   pic 9(11).
           03 NOMBRE-E                  pic x(45).

       01  W-CONTADORES.
           03  W-CONT-TIPO-5            PIC 9(6) VALUE ZEROS.
           03  W-CONT-TIPO-6            PIC 9(6) VALUE ZEROS.
           03  W-CONT-TIPO-7            PIC 9(6) VALUE ZEROS.
           03  W-CONT-TIPO-5-PJ         PIC 9(6) VALUE ZEROS.
           03  W-CONT-TIPO-5-REP        PIC 9(6) VALUE ZEROS.

       01  SUSCRIPTOR-AUX               PIC 9(06).
       01  REG-LEIDOS                   PIC 9(07) VALUE ZEROS.
       01  CONT-FALLECIDOS              PIC 9(07) VALUE ZEROS.
       01  REG-CORRECTOS                PIC 9(07) VALUE ZEROS.
       01  NO-COINCIDE-DIAN             PIC 9(07) VALUE ZEROS.
       01  NO-COINCIDE-REGIS            PIC 9(07) VALUE ZEROS.
       01  NO-EXISTE-DIAN               PIC 9(07) VALUE ZEROS.
       01  NO-EXISTE-REGIS              PIC 9(07) VALUE ZEROS.
       01  SI-EXISTE-CSV                PIC 9(07) VALUE ZEROS.
       01  ESTADO21-BDIIREGI            PIC 9(07) VALUE ZEROS.
       01  ESTADO12-BDIIREGI            PIC 9(07) VALUE ZEROS.
       01  TIPO-ID-INVALIDO             PIC 9(07) VALUE ZEROS.

       01 MAS-DATOS.
           03 I                         PIC 9(02) VALUE ZERO.
           03 J                         PIC 9(02) VALUE ZERO.

           COPY  BDLDIR.WS.

      ******************************************************************
      * Variables para rutina de validacion de identificaciones
      ******************************************************************
           copy BDIIVIDE.WS.

      ******************************************************************
      * Variables relacionadas con la la base BDIIALE de alertas online
      ******************************************************************
           copy BDIIALE.WS.

      ******************************************************************
      * Datos para las rutinas de validación de nombres
      ******************************************************************
           copy VALNOM.WS.


      *****************************************************************
      * Direcciones de los archivos en el file system
      *****************************************************************
       copy ICFILE.WS.

      *****************************************************************
      * Variables validacion cuentas si validar
      *****************************************************************
           copy BDAMATCH.WS.

      ******************************************************************
      * Indica que se termino el proceso, por agotamiento del archivo
      * de entrada (normal) o alguna otra condicion (error)
       01  IND-fin-proceso              pic xx value "NO".

      * Copia del ultimo reg de input, para mensajes (Ult reg: ...)
       01  JURAD-reg-anterior           pic x(100) value "(vacio)".
       01  JURAD-fs                     pic xx value spaces.

       01  ERRS-fs                      pic xx value spaces.

      * Datos de demandas o embargos que van en el registro BDIIALE
       01 D-datahost.
           05 D-vigentes                pic 9(5).
           05 D-terminados              pic 9(5).
           05 D-fecha-ultima            pic x(8).
      ******************************************************************
      * Parametros iniciales, de la linea de comando
      * La linea de comando que contiene los parametros
       01 P-command-line                pic x(80) value spaces.
       01 P-parametros.
      *    Proceso real: contiene "1" para activar, "2" por defecto
           03 P-proceso-real            pic x value "2".
           88 PROCESO-REAL              value "1".

      *    Nombre del archivo de entrada JJJJJJaaaDDMMAAbbXX.txt
           03 P-file-name               pic x(80) value spaces.
           03 P-file-name-R             redefines P-file-name.
      *        JJJJJJ = Codigo de suscriptor JURAD en Experian
               05 P-cod-suscriptor      pic 9(6).
      *        aaa = Codificacion del producto ("100")
               05 P-producto            pic xxx.
      *        DDMMAA = Fecha de proceso
               05 P-fecha-proceso       pic x(6).
      *        bb =  01 a CI
               05 P-ci-bi               pic xx.
      *        XX = Tipo de proceso
      *        01 Envio Original - Carga TOTAL - primera vez
      *        02 Archivo Semanal - Carga PARCIAL
      *        03 Archivo Mensual - Carga PARCIAL
      *        04 Refresque Total - Carga TOTAL
               05 P-tipo-proceso        pic xx.
      *        extension del archivo ".txt"
               05 P-extension           pic x(4).
               05                       pic x(57).
           03 P-file-path               pic x(80) value spaces.
      * Nombre del archivo de errores JJJJJJaaaDDMMAAbbXX.errs
          03 ERRS-file-name             pic x(80) value spaces.

      * Fecha de proceso editada YYYYMMDD
       01 P-fecha-proceso-YYYYMMDD      pic x(8).
      * Fecha de proceso + 50 años
       01 P-fecha-proceso-50.
           03  P-fecha-proceso-50YYYY   pic 9999.
           03                           pic x(4).
      ******************************************************************
      * Datos para el reporte final
       01 W-tiempo.
           03 W-hora-inicio             pic 9(8).
           03 W-hora-fin                pic 9(8).
       01 N-edit                        pic z(8)B.
       01 N-editp100                    redefines N-edit
                                        pic z(5)9.9B.
       01 N-contadores.
      *    Registros en el archivo de entrada
           03 N-reg-leidos              pic 9(8) value zero.
      *    Registros procesados sin error
           03 N-reg-OK                  pic 9(8) value zero.
      *    Registros con error
           03 N-reg-con-error           pic 9(8) value zero.

      *    Cantidades de registros por tipo de novedad
           03 N-reg-tipo-I-OK           pic 9(8) value zero.
           03 N-reg-tipo-M-OK           pic 9(8) value zero.
           03 N-reg-tipo-E-OK           pic 9(8) value zero.
           03 N-reg-tipo-I-err          pic 9(8) value zero.
           03 N-reg-tipo-M-err          pic 9(8) value zero.
           03 N-reg-tipo-E-err          pic 9(8) value zero.

      *    Alertas borradas previo al refresque total
           03 N-ale-leidas              pic 9(8) value zero.
           03 N-ale-borradas            pic 9(8) value zero.
      *    Alertas insertadas
           03 N-ale-insertadas          pic 9(8) value zero.
      *    Alertas modificadas
           03 N-ale-modificadas         pic 9(8) value zero.
      *    Alertas eliminadas
           03 N-ale-eliminadas          pic 9(8) value zero.
      *    Insercion de alerta existente
           03 N-ale-ya-existe           pic 9(8) value zero.
      *    Modificacion o eliminacion de alerta inexistente
           03 N-ale-no-existe           pic 9(8) value zero.

      *    Sumas de cantidades de demandas y embargos
           03 N-demandas-vigentes       pic 9(7) value zero.
           03 N-demandas-terminadas     pic 9(7) value zero.
           03 N-embargos-vigentes       pic 9(7) value zero.
           03 N-embargos-terminados     pic 9(7) value zero.

      ******************************************************************
      * Armado de las lineas de alerta
       01 LA-lineas-alerta.
      *    Los modelos a continuacion deberan obtenerse de un
      *    archivo, como BDIIALE-ALERTAS
           03 LAend                     pic 999 comp value 0.
           03 LA-modelos.
      *         12345678901234567890123456789012345678901234567890
               05 pic x(50) value
               "TIENE &&& DEMANDAS CERRADAS Y &&& ABIERTAS        ".
               05 pic x(50) value
               "LA ABIERTA MAS RECIENTE SE INSTAURO EL [&&&&&&&&]".
               05 pic x(50) value
               "TIENE &&& EMBARGOS CANCELADOS Y &&& VIGENTES      ".
               05 pic x(50) value
               "EL EMBARGO MAS RECIENTE SE INSTAURO EL [&&&&&&&&] ".
               05 pic x(50) value high-values. *> end marker
           03 LA-modelos2               redefines LA-modelos.
               05 LA-modelo             pic x(50) occurs 5
                                        indexed LAm.
      *    Funcionamiento de los templates.
      *    Hay dos templates por de alerta, uno por linea.
      *    Cada template consiste en hasta 10 frases fijas con
      *    ampersands (&) donde se van a reemplazar los valores.
      *    Por ejemplo:
      *    TIENE &&& DEMANDAS CERRADAS Y &&& ABIERTAS
      *    tiene 3 frases fijas y 2 reemplazos.
      *    La cantidad de ampersands es irrelevante, pero parece
      *    conveniente que informe sobre el tamanio del contenido.
           03 LA-templates.
               05 LA-template           occurs 4 indexed LAx.
                   07 LA-parte          pic x(50)
                                        occurs 10 indexed LAy.
      *    Las dos lineas armadas
           03 LA-lineas.
               05 LA-linea1             pic x(50).
               05 LA-linea2             pic x(50).
      *    Los valores a insertar en una linea
           03 LA-valores.
               05 LA-valor              pic x(50)
                                        occurs 10 indexed LAv.
      *    Datos para editar valores a insertar
           03 LA-num                    pic -(11)0.
           03 LA-numX                   redefines LA-num
                                        pic x(12).
           03 LA-descarte               pic x(50).


      ******************************************************************
      * Errores de consistencia del input
      * Cada error tiene un codigo de 2 digitos, un espacio, contador
      * de ocurrencias de 7 digitos, un espacio, y descripcion de 59
       01 E-errores.
      *    indica si el registro actual tiene error
           03 E-hay-error               pic xx value "NO".
      *    errores del registro actual
           03 E-errores-reg             pic x(300) value spaces.
      *    contador de registros con error
           03 E-cont-regs-con-error     pic 9(8) value zero.
      *    tabla de errores
           03 pic x(11) value "01 0000000 ".
           03 pic x(59) value
           "Tipo de movimiento invalido, debe ser I M E T".
           03 pic x(11) value "02 0000000 ".
           03 pic x(59) value
           "Tipo de identificacion invalido, debe ser 1 2 3 4".
           03 pic x(11) value "03 0000000 ".
           03 pic x(59) value
           "Numero de identificacion invalido, debe ser numerico".
           03 pic x(11) value "04 0000000 ".
           03 pic x(59) value
           "Tipo de identificacion debe ser mayor que cero".
           03 pic x(11) value "05 0000000 ".
           03 pic x(59) value
           "Falta el nombre o denominacion".
           03 pic x(11) value "06 0000000 ".
           03 pic x(59) value
           "Numero de demandas vigentes: debe ser numerico".
           03 pic x(11) value "07 0000000 ".
           03 pic x(59) value
           "Numero de demandas terminadas: debe ser numerico".
           03 pic x(11) value "08 0000000 ".
           03 pic x(59) value
           "Fecha ultima demanda vigente YYYYMMDD: debe ser numerica".
           03 pic x(11) value "09 0000000 ".
           03 pic x(59) value
           "Fecha ultima demanda vigente YYYYMMDD: fuera de rango".
           03 pic x(11) value "10 0000000 ".
           03 pic x(59) value
           "Numero de embargos vigentes: debe ser numerico".
           03 pic x(11) value "11 0000000 ".
           03 pic x(59) value
           "Numero de embargos terminados: debe ser numerico".
           03 pic x(11) value "12 0000000 ".
           03 pic x(59) value
           "Fecha ultimo embargo vigente YYYYMMDD: debe ser numerica".
           03 pic x(11) value "13 0000000 ".
           03 pic x(59) value
           "Fecha ultimo embargo vigente YYYYMMDD: fuera de rango".
           03 pic x(11) value "14 0000000 ".
           03 pic x(59) value
           "El numero de id no se encuentra en el archivo maestro".
           03 pic x(11) value "15 0000000 ".
           03 pic x(59) value
           "El nombre en el input no coincide con el registrado".
           03 pic x(11) value "16 0000000 ".
           03 pic x(59) value
           "Numero de id fuera del rango del tipo de id informado".
           03 pic x(11) value "17 0000000 ".
           03 pic x(59) value
           "Modificación de alerta que no existe".
           03 pic x(11) value "18 0000000 ".
           03 pic x(59) value
           "Eliminación de alerta que no existe".
           03 pic x(11) value "19 0000000 ".
           03 pic x(59) value
           "Inserción de alerta que ya existe".
      *----------------- insertar nuevos items aqui -------------------
           03 pic x(11) value "00 0000000 ".
           03 pic x(59) value "--- fin de la lista (cod 00) ---".
           03                           pic x(3500). *> los 50 items
       01 E-errores-2                   redefines E-errores.
           03                           pic xx.
           03                           pic x(300).
           03                           pic 9(8).
           03 E-error                   occurs 50 indexed Ex.
               05 E-codigo              pic xx.
               05                       pic x.
               05 E-contador            pic 9(7).
               05                       pic x.
               05 E-descripcion         pic x(59).
       01 E-edit                        pic z(8)B.

      ******************************************************************
      * Control de rangos de valores de las fechas del input
       01 VALIDACIONES-FECHAS.
           02 ANO-VAL-X                 pic 9(04).
              88 ANO-VAL                value 1900 thru 2050.
           02 MES-VAL-X                 pic 9(02).
              88 MES-VAL                value 01   thru 12.
           02 DIA-VAL-X                 pic 9(02).
              88 DIA-VAL                value 01   thru 31.


      /*****************************************************************
      ******************************************************************
       PROCEDURE DIVISION.

      *    0000-PROGRAMA-PRINCIPAL
      *    4000-PROCESAR-REGISTRO
      *    4000-PROCESAR-REGISTRO-2
      *    4100-VALIDACION-FORMAL
      *    4200-VALIDACION-SEMANTICA
      *    4220-VALIDA-NOMBRE-NO-COINCIDE
      *    4222-VALIDA-NOMBRE-COINCIDE
      *    4240-CONTAR-TIPO-CUENTA
      *    4210-VALIDACION-ID-NO-FIGURA
      *    4300-MODIFICAR-BDIIALE
      *    4300-MODIFICAR-BDIIALE-DATOS
      *    4300-MODIFICAR-BDIIALE-I
      *    4300-MODIFICAR-BDIIALE-M
      *    4300-MODIFICAR-BDIIALE-E
      *    4333-LEER-BDIIALE-RANDOM
      *    4333-GRABAR-BDIIALE
      *    4333-REGRABAR-BDIIALE
      *    4333-ELIMINAR-BDIIALE
      *    4800-PROCESO-REG-T
      *    4900-GRABAR-ERROR
      *    1000-RUTINA-INICIAL
      *    1000-NOT-USED
      *    1001-ELIMINAR-TODO
      *    7000-RUTINA-FINAL
      *    9000-CANCELAR-PROGRAMA
      *    9800-FILTRAR-ALFABETICO


       0000-PROGRAMA-PRINCIPAL.
      ******************************************************************
      *    inicializa el ambiente y abre los archivos
           perform 1000-RUTINA-INICIAL
      *    procesa cada uno de los registros del archivo JURAD hasta
      *    encontrar el registro "T" de totales
           perform 4000-PROCESAR-REGISTRO until IND-fin-proceso = "SI"
      *    cierra archivos y produce el reporte final
           perform 7000-RUTINA-FINAL
           goback.

       4000-PROCESAR-REGISTRO.
      ****************************************************************
      * Proceso de un registro del archivo de entrada JURAD
      * Lectura y control del file status del archivo
      ****************************************************************
      *    lectura del proximo registro
           read JURAD
           evaluate JURAD-fs
           when "00"
      *        controla el reg y lo aplica si es OK
               perform 4000-PROCESAR-REGISTRO-2
               move JURAD-reg to JURAD-reg-anterior
               add 1 to REG-LEIDOS
           when "10"
      *        fin del archivo de input:
      *        esto es un error, no se encontro el registro "T" antes
      *        de que se terminara el archivo
               display "Falta el reg de totales del archivo JURAD "
               display "Nombre del archivo: " P-file-name
               display "File status: " JURAD-fs
               display "Ultimo registro leido: " N-reg-leidos
               display JURAD-reg-anterior
               perform 9000-CANCELAR-PROGRAMA
           when other
      *        error de lectura: cancelacion del proceso
               display "Error en lectura del archivo JURAD "
               display "Nombre del archivo: " P-file-name
               display "File status: " JURAD-fs
               display "Ultimo registro leido: " N-reg-leidos
               display JURAD-reg-anterior
               perform 9000-CANCELAR-PROGRAMA
           end-evaluate.


       4000-PROCESAR-REGISTRO-2.
      ****************************************************************
      * Controla los datos de un registro de JURAD y si es OK lo usa
      * para actualizar el archivo de alertas en linea
      * La informacion esta leida en JURAD-reg
      ****************************************************************
           move "NO" to E-hay-error

      *    validacion del tipo de movimiento
           if JURAD-tipo-novedad not = "I" and "M" and "E" and "T"
               call "PONERR" using "01" JURAD-reg E-errores
           end-if

      *    si es el registro "T" hay que señalar el fin de proceso
           if JURAD-tipo-novedad = "T"
               move "SI" to IND-fin-proceso
               perform 4800-PROCESO-REG-T
               exit paragraph
           end-if

           add 1 to N-reg-leidos

      *    validacion formal de los datos
           move 0 to codigo-error
           perform 4100-VALIDACION-FORMAL
           if E-hay-error = "SI"
               perform 4900-GRABAR-ERROR
*******        perform 4240-CONTAR-TIPO-CUENTA
               exit paragraph
           end-if

      *    si la validacion formal dio OK se hace validacion semantica
           perform 4200-VALIDACION-SEMANTICA
           if E-hay-error = "SI"
               perform 4900-GRABAR-ERROR
               perform 4240-CONTAR-TIPO-CUENTA
               exit paragraph
           end-if

           perform 4240-CONTAR-TIPO-CUENTA

      *    intento de actualización de BDIIALE
           perform 4300-MODIFICAR-BDIIALE
           add 1 to N-reg-OK.



       4100-VALIDACION-FORMAL.
      ******************************************************************
      * Validacion formal de los datos del input
      ******************************************************************
      *    Tipo de identificacion Numero {1, 2, 3, 4}
           if JURAD-id-tipo not = "1" and "2" and "3" and "4"
               call "PONERR" using "02" JURAD-reg E-errores
               move 05 to codigo-error
                           perform 4240-CONTAR-TIPO-CUENTA
           end-if
      *    Numero de identificacion
           if JURAD-id-numeroX is not numeric
               call "PONERR" using "03" JURAD-reg E-errores
           end-if
           if JURAD-id-numero not > 0
               call "PONERR" using "04" JURAD-reg E-errores
           end-if
      *    si el movimiento es una eliminacion los datos subsiguientes
      *    no se controlan
           if JURAD-tipo-novedad = "E"
               exit paragraph
           end-if
      *    Nombres y Apellidos
           if JURAD-nombre = spaces
               call "PONERR" using "05" JURAD-reg E-errores
           end-if
      *    Numero de demandas vigentes
           if JURAD-demandas-vigentes is not numeric
               call "PONERR" using "06" JURAD-reg E-errores
           end-if
      *    Numero de demandas terminadas
           if JURAD-demandas-terminadas is not numeric
               call "PONERR" using "07" JURAD-reg E-errores
           end-if
      *    Fecha ultima demanda vigente YYMMDD
           if JURAD-demandas-fecha-ultima is not numeric
               call "PONERR" using "08" JURAD-reg E-errores
           end-if
           move JURAD-demandas-fecha-ultima to VALIDACIONES-FECHAS
           if not ANO-VAL or not MES-VAL or not DIA-VAL
               call "PONERR" using "09" JURAD-reg E-errores
           end-if
      *    Numero de embargos vigentes
           if JURAD-embargos-vigentes not numeric
               call "PONERR" using "10" JURAD-reg E-errores
           end-if
      *    Numero de embargos terminados
           if JURAD-embargos-terminados not numeric
               call "PONERR" using "11" JURAD-reg E-errores
           end-if
      *    Fecha ultimo embargo vigente YYMMDD
           if JURAD-embargos-fecha-ultimo is not numeric
               call "PONERR" using "12" JURAD-reg E-errores
           end-if
           move JURAD-embargos-fecha-ultimo to VALIDACIONES-FECHAS
           if not ANO-VAL or not MES-VAL or not DIA-VAL
               call "PONERR" using "13" JURAD-reg E-errores
           end-if.


       4200-VALIDACION-SEMANTICA.
      ****************************************************************
      * Validacion del numero de identificacion y de su relacion con
      * el nombre
      ****************************************************************
      *    parámetros para las rutinas de validación en BDIIVIDE
           move JURAD-id-tipo to TIP-IDE-BDIIVIDE
           move JURAD-id-numero to NUM-IDE-BDIIVIDE-R
           move JURAD-nombre to NOMBRE-BDIIVIDE
      *    algunas rutinas de COPYs usan estos datos
           move JURAD-id-tipo to TIPOID-E
           move JURAD-id-numero to NUMID-E
           move JURAD-nombre to NOMBRE-E
      *    switches de opciones de validación
           move 1 to SW-VERIFNOM-BDIIVIDE
           move 0 to SW-DIGCHEQUEO-BDIIVIDE SW-ASGTIPID-BDIIVIDE
           if TIP-IDE-BDIIVIDE = 2 or 3
               move 1 to SW-DIGCHEQUEO-BDIIVIDE
           end-if
           move 2 to NUM-BLOQUES-BDIIVIDE
      *    Valida el número de identificación contra las bases de
      *    datos BDIIDIAN, BDIIDAS, BDIIREGI y verifica la coincidencia
      *    del nombre reportado
      *    Retorna SW-ID-BDIIVIDE=1 si hay error
           perform 80100-VALIDAR-IDENTIFICACION
      *    SW-ID-BDIIVIDE: 0 si existe el id, 1 si no existe
           if SW-ID-BDIIVIDE = 1
      *        es un id inválido
               call "PONERR" using "14" JURAD-reg E-errores
      *        valida contra la base alterna
               perform 4210-VALIDACION-ID-NO-FIGURA
           else
      *        existe id, a ver si el nombre coincide
               if SW-NOMBRES-BDIIVIDE = 1    *> nombre no coincide
                   call "PONERR" using "15" JURAD-reg E-errores
                   display "novedad:  " JURAD-nombre
                   display "registro: " NOM-LEIDO-BDIIVIDE
      *            validación en base alterna
                   perform 4220-VALIDA-NOMBRE-NO-COINCIDE
               else
                   perform 4222-VALIDA-NOMBRE-COINCIDE
               end-if
           end-if.


       4220-VALIDA-NOMBRE-NO-COINCIDE.
      ******************************************************************
      * Validación de IDs que figuran OK pero el nombre no coincide
      ******************************************************************
      *    nombre no coincide
           if TIP-IDE-BDIIVIDE = 1
      *        es una cédula
               move 02 to CODIGO-ERROR
           else
      *        no es una cédula
               move 01 to CODIGO-ERROR
           end-if.


       4222-VALIDA-NOMBRE-COINCIDE.
      ******************************************************************
      * Validación de IDs que figuran OK pero el nombre coincide
      ******************************************************************
      *    nombre coincide: busca ID en BDIIALE
           initialize LLAVE-BDIIALE
           move TIP-IDE-BDIIVIDE to TIP-IDE-BDIIALE
           move NUM-IDE-BDIIVIDE-R to NUM-IDE-BDIIALE
           move 990003 to FUENTE-BDIIALE
           start BDIIALE key not < LLAVE-BDIIALE INVALID KEY
               move 1 TO SW-BDIIALE
           not invalid key
               move 0 to SW-BDIIALE
               read BDIIALE next record
               at end
                   move 1 to SW-BDIIALE
               end-read
           end-start

           perform until SW-BDIIALE = 1
           or TIP-IDE-BDIIVIDE <> TIP-IDE-BDIIALE
           or NUM-IDE-BDIIVIDE <> NUM-IDE-BDIIALE
           or FUENTE-BDIIALE > 990003
               if FUENTE-BDIIALE = 990003
               and FEC-NOV-BDIIALE <= P-fecha-proceso-YYYYMMDD
               and FEC-VEN-BDIIALE >= P-fecha-proceso-YYYYMMDD
               and BLOQUEO-BDIIALE = 0
      *             encontrado
                    move 1 to SW-BDIIALE
               end-if
               if SW-BDIIALE = 0
                   read BDIIALE next record at end
                       move 1 to SW-BDIIALE
                   end-read
               end-if
           end-perform.

           if TIP-IDE-BDIIVIDE = 1
               if ESTADO-VIG-BDIIREGI = 12 and W-DERECHOS = 1
                   move 07 to CODIGO-ERROR
               else
                   if ESTADO-VIG-BDIIREGI = 21
                       move 06 to CODIGO-ERROR
                       add 1 to NO-COINCIDE-REGIS
                       add 1 to CONT-FALLECIDOS
                   end-if
               end-if
           end-if.


       4240-CONTAR-TIPO-CUENTA.
      ******************************************************************
      *    Conteo de los registros por "tipo", dependiendo del código
      *    de error:
      *    00=OK
      *    01=NIT OK, nombre no coincide
      *    02=cédula OK, nombre no coincide
      *    03=NIT no figura
      *    04=cédula no figura pero está en base alterna
      *    05=tipo id no es 1|2|3|4
      *    06=cédula ... ESTADO-VIG-BDIIREGI = 21
      *    07=cédula ... ESTADO-VIG-BDIIREGI = 12
      *
      *    cuenta tipo 5: sin error
      *    cuenta tipo 6: 01 02 06 07
      *    cuenta tipo 7: 03 04 05
      ******************************************************************
                   evaluate CODIGO-ERROR
                   when 00
                          add 1 to REG-CORRECTOS
                   when 01
                          ADD 1 TO NO-COINCIDE-DIAN
                   when 02
                          ADD 1 TO NO-COINCIDE-REGIS
                   when 05
                          add 1 to TIPO-ID-INVALIDO
                   when 06
                          ADD 1 TO ESTADO21-BDIIREGI
                   when 07
                          ADD 1 TO ESTADO12-BDIIREGI
                   end-evaluate
           IF CODIGO-ERROR = 01 OR 02 OR 06 OR 07
               add 1 to W-CONT-TIPO-6
           ELSE
               IF CODIGO-ERROR = 03 OR 04 OR 05
                   ADD 1 TO W-CONT-TIPO-7
               ELSE
      *            es 00: registros correctos
                   ADD 1 TO W-CONT-TIPO-5
      *            si es una empresa
                   IF TIPOID-E = 2 OR 3
                       ADD 1 TO W-CONT-TIPO-5-PJ
                   END-IF
               END-IF
           END-IF.


       4210-VALIDACION-ID-NO-FIGURA.
      ******************************************************************
      * Validación de IDs que no figuran en las bases normales
      ******************************************************************
           MOVE 0 TO HACER-MATCH
           MOVE 0 TO IDE-TIPO-BDAMATCH
      *    valida si la identificación está en la base de datos alterna
           PERFORM 513-VALIDA-EN-CSV
           IF IDE-TIPO-BDAMATCH = 0
               IF TIP-IDE-BDIIVIDE = 1
      *            es una cédula
                   MOVE 04 TO CODIGO-ERROR
                   ADD  1  TO NO-EXISTE-REGIS
               else
      *            no es una cédula
                   MOVE 03 TO CODIGO-ERROR
                   ADD   1 TO  NO-EXISTE-DIAN
               END-IF
           END-IF.


       4300-MODIFICAR-BDIIALE.
      ******************************************************************
      * Se impacta el archivo BDIIALE con una o dos inserciones,
      * modificaciones o eliminaciones segun haya o no demandas y
      * embargos
      ******************************************************************
           initialize REG-BDIIALE

      *    si hay demandas
           if JURAD-demandas-vigentes > zero
           or JURAD-demandas-terminadas > zero
               move "J001" to LLASEC-BDIIALE
      *        arma datos de demandas
               move JURAD-demandas-vigentes to D-vigentes
               move JURAD-demandas-terminadas to D-terminados
               string "20" JURAD-demandas-fecha-ultima
               delimited size into D-fecha-ultima
               perform 4300-MODIFICAR-BDIIALE-DATOS
           end-if.

      *    si hay embargos
           if JURAD-embargos-vigentes > zero
           or JURAD-embargos-terminados > zero
               move "J002" to LLASEC-BDIIALE
      *        arma datos de embargos
               move JURAD-embargos-vigentes to D-vigentes
               move JURAD-embargos-terminados to D-terminados
               string "20" JURAD-embargos-fecha-ultimo
               delimited size into D-fecha-ultima
               perform 4300-MODIFICAR-BDIIALE-DATOS
           end-if.



       4300-MODIFICAR-BDIIALE-DATOS.
      ******************************************************************
      * Parte de la carga de datos en el registro BDIIALE y grabacion
      * del mismo que es comun a demandas y embargos
      * El dato LLASEC-BDIIALE ya tiene "J001" o "J002"
      ******************************************************************
      *    completa la clave e intenta leer la alerta, si se leyo OK
      *    el file status de BDIIALE queda con "00"
           perform 4333-LEER-BDIIALE-RANDOM

      *    procesa segun el tipo de novedad I M E
           evaluate JURAD-tipo-novedad
           when "I"
               add 1 to N-reg-tipo-I-OK
               perform 4300-MODIFICAR-BDIIALE-I
           when "M"
               add 1 to N-reg-tipo-M-OK
               perform 4300-MODIFICAR-BDIIALE-M
           when "E"
               add 1 to N-reg-tipo-E-OK
               perform 4300-MODIFICAR-BDIIALE-E
           when other
      *        esto es "imposible" por control de consistencia anterior
               display "error de logica: tipo-novedad="
               JURAD-tipo-novedad " reg num: " N-reg-leidos
               display "Registro de JURAD: " display JURAD-reg
               perform 9000-CANCELAR-PROGRAMA
           end-evaluate.


       4300-MODIFICAR-BDIIALE-I.
      ******************************************************************
      * Insercion de una alerta nueva
      ******************************************************************
      *    si el registro existia es un error
           if EST-BDIIALE = "00"
               call "PONERR" using "19" JURAD-reg E-errores
               display "llave: " LLAVE-BDIIALE
               add 1 to N-ale-ya-existe
               exit paragraph
           end-if

      *    completa los datos del registro
           initialize ENCABEZADO-BDIIALE
           move P-fecha-proceso-YYYYMMDD to FEC-NOV-BDIIALE
           FEC-REP-BDIIALE
           move P-fecha-proceso-50 to FEC-VEN-BDIIALE
           move 0 to BLOQUEO-BDIIALE
           move D-datahost to INF-DATAHOST-BDIIALE
           move spaces to LINEAS-BDIIALE
           perform 4333-GRABAR-BDIIALE.


       4300-MODIFICAR-BDIIALE-M.
      ******************************************************************
      * Modificacion de una alerta existente
      ******************************************************************
      *    si el registro no existia es un error
           if EST-BDIIALE not = "00"
               call "PONERR" using "17" JURAD-reg E-errores
               "llave: " LLAVE-BDIIALE
               add 1 to N-ale-no-existe
               exit paragraph
           end-if

      *    reemplaza la fecha de reporte y los valores
           move P-fecha-proceso-YYYYMMDD to FEC-REP-BDIIALE
           move D-datahost to INF-DATAHOST-BDIIALE
           move spaces to LINEAS-BDIIALE
           perform 4333-REGRABAR-BDIIALE.


       4300-MODIFICAR-BDIIALE-E.
      ******************************************************************
      * Eliminacion de una alerta
      ******************************************************************
      *    elimina el registro
           if EST-BDIIALE = "00"
               perform 4333-ELIMINAR-BDIIALE
           else
               call "PONERR" using "18" JURAD-reg E-errores
               "llave: " LLAVE-BDIIALE
               add 1 to N-ale-no-existe
           end-if.


       4333-LEER-BDIIALE-RANDOM.
      ******************************************************************
      * Arma clave exacta y lee un registro de BDIIALE
      * Usa los datos del reg input, excepto LLASEC que esta precargado
      * Cuando pudo leer OK el file status EST-BDIIALE queda con "00"
      ******************************************************************
           move JURAD-id-tipo to TIP-IDE-BDIIALE
           move JURAD-id-numero to NUM-IDE-BDIIALE
           move P-cod-suscriptor to FUENTE-BDIIALE
           move 000 to COD-ALERTA-BDIIALE
      *    LLASEC-BDIIALE fué previamente cargado con J001 o J002

           read BDIIALE
           evaluate EST-BDIIALE
           when "00"
               continue
           when "23"
               continue
           when other
               display "Error al leer BDIIALE fs: " EST-BDIIALE
               " key: " LLAVE-BDIIALE
               display "Ultimo registro procesado: "
               display JURAD-reg-anterior
               perform 9000-CANCELAR-PROGRAMA
           end-evaluate.
      *    display "4333-LEER-BDIIALE-RANDOM k:" LLAVE-BDIIALE
      *    " fs:" EST-BDIIALE.


       4333-GRABAR-BDIIALE.
      ******************************************************************
      * Inserta un registro nuevo en BDIIALE
      ******************************************************************
           if not PROCESO-REAL
               exit paragraph
           end-if
           write REG-BDIIALE
           evaluate EST-BDIIALE
           when "00"
               add 1 to N-ale-insertadas
           when other
               display "Error al grabar BDIIALE fs: " EST-BDIIALE
               " key: " LLAVE-BDIIALE
               display "Registro BDIIALE: "
               display REG-BDIIALE
               perform 9000-CANCELAR-PROGRAMA
           end-evaluate.


       4333-REGRABAR-BDIIALE.
      ******************************************************************
      * Regraba un registro modificado en BDIIALE
      ******************************************************************
           if not PROCESO-REAL
               exit paragraph
           end-if
           rewrite REG-BDIIALE
           evaluate EST-BDIIALE
           when "00"
               add 1 to N-ale-modificadas
           when other
               display "Error al regrabar BDIIALE fs: " EST-BDIIALE
               " key: " LLAVE-BDIIALE
               display "Registro BDIIALE: "
               display REG-BDIIALE
               perform 9000-CANCELAR-PROGRAMA
           end-evaluate.


       4333-ELIMINAR-BDIIALE.
      ******************************************************************
      * Elimina un registro de BDIIALE
      ******************************************************************
           if not PROCESO-REAL
               exit paragraph
           end-if
           delete BDIIALE
           evaluate EST-BDIIALE
           when "00"
               add 1 to N-ale-eliminadas
           when other
               display "Error al deletear BDIIALE fs: " EST-BDIIALE
               " key: " LLAVE-BDIIALE
               display "Registro BDIIALE: "
               display REG-BDIIALE
               perform 9000-CANCELAR-PROGRAMA
           end-evaluate.


       4800-PROCESO-REG-T.
      ******************************************************************
      * El registro leido en el archivo JURAD es tipo "T" con totales
      * de control, y debería ser el ultimo del archivo
      ******************************************************************
      * Control de los totales calculados contra los esperados
           move "NO" to E-hay-error
      *    cantidad de registros I M E
           if function numval(JURADT-registros) = N-reg-leidos
               continue
           else
               display " "
               display "No coincide la cantidad de registros:"
               JURADT-registros " con los leidos:" N-reg-leidos
               move "SI" to E-hay-error
           end-if.


       4800-PROCESO-REG-T-anulado.
      *    Esta parte está anulada por falta de definición sobre el
      *    formato del registro "T"

      *    Sumas de cantidades de demandas y embargos
           if function numval(JURADT-demandas-vigentes)
           = N-demandas-vigentes
               continue
           else
               display " "
               display "No coincide total de demandas vigentes:"
               JURADT-demandas-vigentes " con el calculado:"
               N-demandas-vigentes
               move "SI" to E-hay-error
           end-if

           if function numval(JURADT-demandas-terminadas)
           = N-demandas-terminadas
               continue
           else
               display " "
               display "No coincide total de demandas terminadas:"
               JURADT-demandas-terminadas " con el calculado:"
               N-demandas-terminadas
               move "SI" to E-hay-error
           end-if

           if function numval(JURADT-embargos-vigentes)
           = N-embargos-vigentes
               continue
           else
               display " "
               display "No coincide total de embargos vigentes:"
               JURADT-embargos-vigentes " con el calculado:"
               N-embargos-vigentes
               move "SI" to E-hay-error
           end-if

           if function numval(JURADT-embargos-terminados)
           = N-embargos-terminados
               continue
           else
               display " "
               display "No coincide total de embargos terminados:"
               JURADT-embargos-terminados " con el calculado:"
               N-embargos-terminados
               move "SI" to E-hay-error
           end-if.

      *    si hubo cualquier cosa se invalida el proceso
           if E-hay-error = "SI"
               display "Error en registro T de totales de control"
               display "Nombre del archivo: " ERRS-file-name
               perform 9000-CANCELAR-PROGRAMA
           end-if.


       4900-GRABAR-ERROR.
      ******************************************************************
      * El registro de JURAD tiene error: se graba en el archivo ERRS
      * con indicacion del error detectado
      ******************************************************************
           move JURAD-reg to ERRS-reg
           move E-errores-reg to ERRS-causa-rechazo
      *    lista de los codigos de los errores del registro
           move E-errores-reg to ERRS-causa-rechazo
           write ERRS-reg
           evaluate ERRS-fs
               when "00"
                   continue
               when other
                   display "Error al grabar el archivo de errores "
                   display "Nombre del archivo: " ERRS-file-name
                   display "File status: " ERRS-fs
                   perform 9000-CANCELAR-PROGRAMA
                   goback
           end-evaluate.


       1000-RUTINA-INICIAL.
      ******************************************************************
      * Todas las operaciones que se realizan una sola vez, al comienzo
      * del programa:
      *   - obtencion de los parametros
      *   - apertura del archivo de entrada
      *   - apertura de todos los demas archivos
      *   - eliminacion de datos existentes si es refresque completo
      *   - carga en memoria de los IDs de inconsistentes
      ******************************************************************
      * Registra hora de inicio
           accept W-hora-inicio from time

      * Obtiene informacion sobre la corrida de la linea de comando: el
      * nombre del archivo de entrada (que contiene el tipo de proceso),
      * el indicador de proceso real o en falso (default)
           accept P-command-line from COMMAND-LINE
           display "Parametros: " P-command-line
           unstring P-command-line delimited by all " " into
           P-file-name P-proceso-real

      * El programa se anuncia en la consola
      * TODO: se usa un anuncio mas vistoso?
           if PROCESO-REAL
               display pgm " Carga de archivo JURAD - proceso REAL"
           else
               display pgm " Carga de archivo JURAD - proceso en falso"
           end-if

      * El indicador de proceso real debe ser 1 o 2
           if P-proceso-real not = "1" and "2"
               display "El indicador de proceso real es invalido"
               display "debe ser 1 o 2"
               perform 9000-CANCELAR-PROGRAMA
           end-if

      * TODO: controlar los componentes del filename
           evaluate P-tipo-proceso
           when "01"
               display "01 Envio Original - Carga TOTAL 1a vez"
           when "02"
               display "02 Archivo Semanal - Carga PARCIAL"
           when "03"
               display "03 Archivo Mensual - Carga PARCIAL"
           when "04"
               display "04 Refresque Total - Carga TOTAL"
           when other
      *        valor invalido
               display "El tipo de proceso " P-tipo-proceso
               " es invalido (debe ser 01 02 03 o 04)"
               perform 9000-CANCELAR-PROGRAMA
           end-evaluate.

      * Edita la fecha de proceso DDMMAA del parametro en formato
      * YYYYMMDD
           string "20" P-fecha-proceso(5:6) P-fecha-proceso(3:4)
           P-fecha-proceso(1:2) delimited size
           into P-fecha-proceso-YYYYMMDD
           display "Fecha de proceso: " P-fecha-proceso-YYYYMMDD

      * Calcula una fecha 50 anios posterior a la de proceso
           move P-fecha-proceso-YYYYMMDD to P-fecha-proceso-50
           add 50 to P-fecha-proceso-50YYYY

      * Apertura del archivo de entrada
           string "$TEMPORALES/" P-file-name into P-file-path
           open input JURAD
           evaluate JURAD-fs
               when "00"
                    continue
               when other
                   display "Error en open del archivo JURAD "
                   display "Path del archivo: " P-file-path
                   display "File status: " JURAD-fs
                   perform 9000-CANCELAR-PROGRAMA *> no retorna
                   goback
           end-evaluate.

      * Apertura del archivo de errores
           string "$TEMPORALES/" P-file-name(1:19) ".errs"
           into ERRS-file-name
           open output ERRS
           evaluate ERRS-fs
               when "00"
                    continue
               when other
                   display "Error en open del archivo de errores "
                   display "Nombre del archivo: " ERRS-file-name
                   display "File status: " ERRS-fs
                   perform 9000-CANCELAR-PROGRAMA *> no retorna
                   goback
           end-evaluate.

      * Apertura de los archivos maestros
      * TODO: falta capturar el status de estas operaciones?
           open input BDIIREGI
           open input BDIIDIAN
           open input BDIIDAS.

      * Apertura del archivo de alertas en linea
           if PROCESO-REAL
               open i-o BDIIALE
           else
               open input BDIIALE
           end-if.

      * Si es un refresque total (codigo 04) se eliminan los registros
      * de Jurad existentes
           if P-tipo-proceso = "04" and PROCESO-REAL
               perform 1001-ELIMINAR-TODO
           end-if.


       1001-ELIMINAR-TODO.
      ******************************************************************
      * Elimina los registros de alertas existentes en el archivo de
      * alertas en linea, previo a un refresque total
      ******************************************************************
           display "Eliminando toda la informacion con fuente JURAD"
      *    posiciona en el primer reg de JURAD
           move zero to TIP-IDE-BDIIALE
           move zero to NUM-IDE-BDIIALE
           move P-cod-suscriptor to FUENTE-BDIIALE
           move zeros to COD-ALERTA-BDIIALE
           move low-values to LLASEC-BDIIALE
           start BDIIALE key > LLAVE-BDIIALE
           evaluate EST-BDIIALE
           when "00"
      *        posicionado
               continue
           when other
      *        no hay registros
               display "No hay registros a eliminar fs:" EST-BDIIALE
               exit paragraph
           end-evaluate.

      *    lee secuencialmente y elimina los registros de JURAD
      *    hasta el fin del archivo
           perform until EST-BDIIALE not = "00"
               read BDIIALE next record
               evaluate EST-BDIIALE
               when "00"
      *            display "BDIIALE leido fs:" EST-BDIIALE
      *            " k:" LLAVE-BDIIALE
                   if FUENTE-BDIIALE = P-cod-suscriptor
      *                es un alerta de JURAD
                       delete BDIIALE
                       if EST-BDIIALE = "00"
      *                    display "BDIIALE eliminado k:" LLAVE-BDIIALE
                           add 1 to N-ale-borradas
                       else
      *                    error en la eliminacion
                           display "Error al eliminar un registro de "
                           "BDIIALE vaciando los datos"
                           display "Clave: " LLAVE-BDIIALE
                           display "Reg borrados: " N-ale-borradas
                           perform 9000-CANCELAR-PROGRAMA
                       end-if
                   end-if
               when "10"
      *            fin de archivo: sale normalmente
                   display "Fin de los registros a eliminar - leídos:"
                   N-ale-leidas
               when other
      *            lectura anormal: cancelacion del programa
                   display "Error en lectura del archivo de alertas "
                   "online"
                   display "File status: " EST-BDIIALE
                   perform 9000-CANCELAR-PROGRAMA *> no retorna
               end-evaluate
           end-perform.
           display "Termino la eliminacion total de JURAD"
           display "Reg borrados: " N-ale-borradas.


       7000-RUTINA-FINAL.
      ******************************************************************
      * Registra hora de finalizacion
           accept W-hora-fin from time

      * Leer JURAD a ver si hay registros despues del "T"

      * Close todos los archivos
      * $$$$ se agregaron varios archivos más
           close JURAD ERRS BDIIREGI BDIIDIAN BDIIDAS BDIIALE.

           display "Fecha de proceso: " P-fecha-proceso-YYYYMMDD
      * Emision de contadores de registros
           display " "
           display "Totales de registros:"
           display " "
      * Totales tipo PESVNO
           DISPLAY "Registros Tipo 5   ==> " W-CONT-TIPO-5
           DISPLAY "Registros Tipo 6   ==> " W-CONT-TIPO-6
           DISPLAY "Registros Tipo 7   ==> " W-CONT-TIPO-7
           display " "
           DISPLAY "REGISTROS LEIDOS                :" REG-LEIDOS
           DISPLAY "REGISTROS CORRECTOS             :" REG-CORRECTOS
           DISPLAY "REGISTROS NO COINCIDEN BDIIREGI :" NO-COINCIDE-REGIS
           DISPLAY "REGISTROS DE FALLECIDOS         :" CONT-FALLECIDOS
           DISPLAY "REGISTROS NO COINCIDEN BDIIDIAN :" NO-COINCIDE-DIAN
           DISPLAY "REGISTROS NO EXISTEN   BDIIREGI :" NO-EXISTE-REGIS
           DISPLAY "REGISTROS NO EXISTEN   BDIIDIAN :" NO-EXISTE-DIAN
           DISPLAY "REGISTROS ID BDIIREGI ESTADO 21 :" ESTADO21-BDIIREGI
           DISPLAY "REGISTROS ID BDIIREGI ESTADO 12 :" ESTADO12-BDIIREGI
           DISPLAY "TIPO IDENTIFICACION INVALIDO    :" TIPO-ID-INVALIDO
           display " "
      *    porcentaje registros procesados OK
           compute N-editp100 rounded = 100.0 * N-reg-OK / N-reg-leidos
           display N-editp100 "% de registros correctos"
      *    porcentaje registros inconsistentes
      *    compute N-editp100 rounded = 100.0 * E-cont-regs-con-error
      *    / N-reg-leidos
      *    display N-editp100 "% de registros inconsistentes"
      *    cantidad de registros leídos (excluído el registro "T")
      *    move N-reg-leidos to N-edit
      *    display N-edit "Registros IME en el archivo de entrada"
      *    cantidad de registros procesados sin error
           move N-reg-OK to N-edit
           display N-edit "Registros procesados sin error"

      *    cantidad de registros con error
      *    move E-cont-regs-con-error to N-reg-con-error
      *    move N-reg-con-error to N-edit
      *    display N-edit "Registros con error"
      *    cantidades de alertas afectadas
           if P-tipo-proceso = "04"
               move N-ale-borradas to N-edit
               display N-edit
               "Alertas borradas previo al refresque total"
           end-if
           move N-ale-insertadas to N-edit
           display N-edit "Alertas insertadas"
           move N-ale-modificadas to N-edit
           display N-edit "Alertas modificadas"
           move N-ale-eliminadas to N-edit
           display N-edit "Alertas eliminadas"
           move N-ale-ya-existe to N-edit
           display N-edit "Insercion de alerta existente"
           move N-ale-no-existe to N-edit
           display N-edit "Modif o elim de alerta inexistente".

      * Emision del reporte de errores
           display " "
           display "Totales por tipo de error detectado:"
           perform varying Ex from 1 by 1 until Ex > 50
           or E-codigo(Ex) = "00"
               if E-contador(Ex) not = 0
                   move E-contador(ex) to E-edit
                   display E-edit E-codigo(Ex) "-" E-descripcion(Ex)
               end-if
           end-perform.


       9000-CANCELAR-PROGRAMA.
      ******************************************************************
      * Procedimiento standard de cancelacion de programa batch
      ******************************************************************
      * TODO: hay un standard para comunicar una cancelacion de proceso?
           display " "
           display pgm " - proceso cancelado"
           goback returning 99.


       513-VALIDA-EN-CSV.
      **************************************************************
      * Valida si la identificación está en la base de datos alterna
      **************************************************************
      *    hace validacion de tipo de identificacion
           MOVE TIPOID-E TO TIP-IDE-BDIIVIDE
           MOVE NUMID-E TO NUM-IDE-BDIIVIDE
      *    retorna SW-TID-BDIIVIDE=0 si el num id no está dentro
      *    del rango que corresponde al tipo de id
           display "SALIDA-BDIIVIDE " " SW-ID:" SW-ID-BDIIVIDE
           " SW-NOMBRES:" SW-NOMBRES-BDIIVIDE
           " SW-TID:" SW-TID-BDIIVIDE " NOM-VAL:" NOM-VAL-BDIIVIDE
           PERFORM 80400-VALIDAR-TIPO-ID
           display "SALIDA-BDIIVIDE " " SW-ID:" SW-ID-BDIIVIDE
           " SW-NOMBRES:" SW-NOMBRES-BDIIVIDE
           " SW-TID:" SW-TID-BDIIVIDE " NOM-VAL:" NOM-VAL-BDIIVIDE
           IF SW-TID-BDIIVIDE = 0
      *        el tipo de id es OK
               IF HACER-MATCH = ZEROS
                   MOVE TIPOID-E TO TIP-IDE-INPUT-BDAMATCH
                   MOVE NUMID-E  TO NUM-IDE-INPUT-BDAMATCH
      *            Se recorre toda la estructura bdacsv para la
      *            identificacion buscada. En caso de hallar
      *            registros se procede a realizar el match
                   PERFORM 1000-U-RECORRER-CSV-BDAMATCH
                   IF IDE-TIPO-BDAMATCH = 1
                       IF TIPOID-E = 1 OR 4
                           INSPECT NOM-OUTPUT-BDAMATCH REPLACING ALL
                           "," BY " ", ";" BY " "
                       END-IF
                       MOVE NOMBRE-E TO NOMBRE-INPUT-VALNOM
                       MOVE NOM-OUTPUT-BDAMATCH TO NOMBOK-INPUT-VALNOM
                       MOVE TIPOID-E TO  TIP-ID-INPUT-VALNOM
                       MOVE NUM-BLOQUES-BDIIVIDE TO BLOQUES-INPUT-VALNOM
                       PERFORM 10000-MATCH-NOMBRES-VALNOM
                       IF MATCH-OK-OUT-VALNOM = 1
                           MOVE 1 TO IDE-TIPO-BDAMATCH
                       END-IF
                   END-IF

                   IF IDE-TIPO-BDAMATCH = 1
      *                ADD 1 TO REG-CORRECTOS
                       ADD 1 TO SI-EXISTE-CSV
                   END-IF
               END-IF
           END-IF.

       9800-FILTRAR-ALFABETICO.
      ******************************************************************
      * SE ELIMINAN CARACTERES NO ALFABETICOS A LA CADENA DE ENTRADA
      ******************************************************************
           MOVE FUNCTION UPPER-CASE (CADENA-ENTRA) TO CADENA-ENTRA
           INITIALIZE CADENA-SALE
           MOVE 1 TO J
           PERFORM VARYING I FROM 1 BY 1 UNTIL I > 60
              MOVE CADENA-ENTRA (I:1) TO IND-ALFABETICO
              IF SI-ALFABETICO
                 MOVE CADENA-ENTRA (I:1) TO CADENA-SALE (J:1)
                 ADD 1 TO J
              END-IF
           END-PERFORM.
      ******************************************************************



           copy BDIIVIDE.PROC.
           copy BDLDIR.PROC.
           COPY BDAMATCH.PROC.
           COPY VALNOM.PROC.


      /
       IDENTIFICATION DIVISION.
       PROGRAM-ID. PONERR.
      ******************************************************************
      * Rutina de conveniencia para procesar un error detectado en un
      * registro de input
      * Contabiliza el error en la tabla de errores, activa el indicador
      * de registro con error, muestra el mensaje en la pantalla, cuenta
      * el registro erroneo
      ******************************************************************
       ENVIRONMENT DIVISION.
       DATA DIVISION.
       WORKING-STORAGE SECTION.
      ******************************************************************
      * Registro de input (primeros 86 caracteres)
       01  reg-input-anterior           pic x(86) value low-values.
      * Posicion del proximo error en la lista de errores del reg
       01  errIndex                     pic 999 comp.
      ******************************************************************

       LINKAGE SECTION.
      ******************************************************************
      * Codigo del error detectado
       01  cod-error                    pic xx.
      ******************************************************************
      * Registro de input (primeros 86 caracteres)
       01  reg-input                    pic x(86).
      ******************************************************************
      * Tabla de errores de consistencia del input
       01 E-errores.
      *    indica si el registro actual tiene error
           03 E-hay-error               pic xx.
      *    errores del registro actual
           03 E-errores-reg             pic x(300).
      *    contador de registros con error
           03 E-cont-regs-con-error     pic 9(8).
      *    tabla de errores
           03 E-error                   occurs 50 indexed Ex.
               05 E-codigo              pic xx.
               05                       pic x.
               05 E-contador            pic 9(7).
               05                       pic x.
               05 E-descripcion         pic x(59).

      ******************************************************************

       PROCEDURE DIVISION using cod-error reg-input E-errores.
       00.
      *    marca al reg actual como erroneo
           move "SI" to E-hay-error

      *    cuenta y muestra el registro de input
           if reg-input not = reg-input-anterior
               add 1 to E-cont-regs-con-error
               display " "
               display reg-input
               move reg-input to reg-input-anterior
               move spaces to E-errores-reg
               move 2 to errIndex
           end-if

      *    contabiliza el error en la tabla de errores
           set Ex to 1
           search E-error varying Ex
           at end
               display "--- falla en la tabla de errores ---" cod-error
           when E-codigo(Ex) = "00"
               add 1 to E-contador(Ex)
               display "--- error tipo exotico: " cod-error
               add 1 to E-contador(Ex)
           when E-codigo(Ex) = cod-error
               add 1 to E-contador(Ex)
               display "Error " cod-error " " E-descripcion(Ex)
           end-search

      *    agrega a la lista de errores del registro
           if errIndex < (300 - 59 - 3)
               move cod-error to E-errores-reg(errIndex:2)
               add 3 to errIndex
               move E-descripcion(Ex) to E-errores-reg(errIndex:59)
               add 59 to errIndex
           end-if

           exit program.


       end program PONERR.

       end program CARGAJUR.

      ******************************************************************
      ******************************************************************

/d/iccol/desarrollo/fuentes>