=~=~=~=~=~=~=~=~=~=~=~= PuTTY log 2014.06.04 15:12:32 =~=~=~=~=~=~=~=~=~=~=~=
login as: icjlud
Using keyboard-interactive authentication.
Password: 
Last login: Tue Jun  3 18:51:27 2014 from 172.16.10.49
Sun Microsystems Inc.   SunOS 5.10      Generic January 2005
You have new mail.
COBJVM=sun_142
JAVA_HOME=/usr/j2se
LD_LIBRARY_PATH=/usr/j2se/jre/lib/sparc:/usr/j2se/jre/lib/sparc/client:/usr/j2se/jre/lib/sparc/native_threads:/usr/j2se/jre/lib/sparc:/opt/mfocus/des/cobol/lib:/opt/IBM/db2/V9.7/lib:/export/home/db2inst1/sqllib/lib64:/export/home/db2inst1/sqllib/lib32
PATH=/usr/j2se/jre/sh:/usr/j2se/sh:/usr/j2se/bin:/usr/j2se/jre/bin:/opt/mfocus/des/cobol/lib:/opt/mfocus/des/cobol/bin:/usr/bin:/bin:/usr/bin:/d/iccol/desarrollo/macros:/d/iccol/desarrollo/utiles:/opt/bin:/usr/sbin:/usr/lib:/usr/ccs/bin:/opt/SUNWspro/bin:/usr/jdk/latest/bin:/usr/local/bin:/usr/j2se/bin:/usr/openwin/bin:.:/export/home/db2inst1/sqllib/bin:/export/home/db2inst1/sqllib/adm:/export/home/db2inst1/sqllib/misc
CLASSPATH=/opt/mfocus/des/cobol/lib/mfcobol.jar:.:/usr/j2se/jre/lib/rt.jar:/opt/mfocus/des/cobol/lib/mfimtk.jar:/opt/mfocus/des/cobol/lib/xerces.jar:/opt/mfocus/des/cobol/lib/castor-0_9_4_1-xml.jar:/opt/mfocus/des/cobol/lib/mfcobol.jar:/usr/j2se/jre/lib/dt.jar:/usr/j2se/jre/lib/rt.jar:/d/iccol/desarrollo/java/server:/export/home/db2inst1/sqllib/java/db2java.zip:/export/home/db2inst1/sqllib/java/db2jcc.jar:/export/home/db2inst1/sqllib/java/sqlj.zip:/export/home/db2inst1/sqllib/function:/export/home/db2inst1/sqllib/java/db2jcc_license_cu.jar:.
COBCPY=/opt/mfocus/des/cobol/cpylib:/opt/mfocus/des/cobol/cpylib:/d/iccol/desarrollo/copys/pais:/d/iccol/desarrollo/copys
Java version = 1.4.2_19
Java vendor = Sun Microsystems Inc.
Java OS name = SunOS
Java OS arch = sparc
Java OS version = 5.10

  ####    ####   #####   ######   ####
 #    #  #    #  #    #  #       #
 #       #    #  #    #  #####    ####
 #       #    #  #    #  #            #
 #    #  #    #  #    #  #       #    #
  ####    ####   #####   ######   ####

 #####
#     #   ####   #        ####   #    #  #####      #      ##
#        #    #  #       #    #  ##  ##  #    #     #     #  #
#        #    #  #       #    #  # ## #  #####      #    #    #
#        #    #  #       #    #  #    #  #    #     #    ######
#     #  #    #  #       #    #  #    #  #    #     #    #    #
 #####    ####   ######   ####   #    #  #####      #    #    #

 #####
#     #   ####   #    #  #####      #    #         ##     ####      #     ####
#        #    #  ##  ##  #    #     #    #        #  #   #    #     #    #    #
#        #    #  # ## #  #    #     #    #       #    #  #          #    #    #
#        #    #  #    #  #####      #    #       ######  #          #    #    #
#     #  #    #  #    #  #          #    #       #    #  #    #     #    #    #
 #####    ####   #    #  #          #    ######  #    #   ####      #     ####

 #####                                           #####  #         ###
#     #  #    #  #    #          #    #         #     # #    #   #   #
#        #    #  ##   #          #    #               # #    #  #     #
 #####   #    #  # #  #          #    #          #####  #    #  #     #
      #  #    #  #  # #          #    #   ###   #       ####### #     #
#     #  #    #  #   ##           #  #    ###   #            #   #   #
 #####    ####   #    # #######    ##     ###   #######      #    ###

icjlud@codes /d/iccol/desarrollo
$ . viset
viset running
/d/iccol/desarrollo>co
/d/iccol/desarrollo/copys>grep 80100-VALIDAR-IDENTIFICACION *
BDAGCLA-SSO.PROC:MODBDI       PERFORM 80100-VALIDAR-IDENTIFICACION                       FAC0003 
BDAGCLA.FAC:MODBDI       PERFORM 80100-VALIDAR-IDENTIFICACION                       FAC0003 
BDAGCLA.PROC:MODBDI       PERFORM 80100-VALIDAR-IDENTIFICACION                       FAC0003 
BDAGCLA.PROC.0005:MODBDI       PERFORM 80100-VALIDAR-IDENTIFICACION                       FAC0003 
BDIIVIDE_PRO.PROC:       80100-VALIDAR-IDENTIFICACION.
BDIIVIDE_PRO.PROC:REMARK*80100-VALIDAR-IDENTIFICACION.
BDIIVIDE-2836.PROC:       80100-VALIDAR-IDENTIFICACION.
BDIIVIDE-2836.PROC:REMARK*80100-VALIDAR-IDENTIFICACION.
BDIIVIDE-BDAIDE.PROC:       80100-VALIDAR-IDENTIFICACION.
BDIIVIDE-BDAIDE.PROC:REMARK*80100-VALIDAR-IDENTIFICACION.
bdiivide.flor:       80100-VALIDAR-IDENTIFICACION.
bdiivide.flor:REMARK*80100-VALIDAR-IDENTIFICACION.
BDIIVIDE.PROC:       80100-VALIDAR-IDENTIFICACION.
BDIIVIDE.PROC:REMARK*80100-VALIDAR-IDENTIFICACION.
BDIIVIDE.PROC-CV:       80100-VALIDAR-IDENTIFICACION.
BDIIVIDE.PROC-CV:REMARK*80100-VALIDAR-IDENTIFICACION.
BDIIVIDE.PROC-MAL:       80100-VALIDAR-IDENTIFICACION.
BDIIVIDE.PROC-MAL:REMARK*80100-VALIDAR-IDENTIFICACION.
BDIIVIDE.PROC-PROD:       80100-VALIDAR-IDENTIFICACION.
BDIIVIDE.PROC-PROD:REMARK*80100-VALIDAR-IDENTIFICACION.
BDIIVIDE.PROC-V06:       80100-VALIDAR-IDENTIFICACION.
BDIIVIDE.PROC-V06:REMARK*80100-VALIDAR-IDENTIFICACION.
BDIIVIDE.PROC-V07:       80100-VALIDAR-IDENTIFICACION.
BDIIVIDE.PROC-V07:REMARK*80100-VALIDAR-IDENTIFICACION.
BDIIVIDECOL.PROC:       80100-VALIDAR-IDENTIFICACION.
BDIIVIDECOL.PROC:REMARK*80100-VALIDAR-IDENTIFICACION.
BDIIVIDEECU.PROC:       80100-VALIDAR-IDENTIFICACION.
BDIIVIDEECU.PROC:REMARK*80100-VALIDAR-IDENTIFICACION.
BDIIVIDENEW.PROC:       80100-VALIDAR-IDENTIFICACION.
BDIIVIDENEW.PROC:REMARK*80100-VALIDAR-IDENTIFICACION.
grep: can't open CARACTCAL-V02.PROC-BCK10
grep: can't open CARACTCAL-V02.PROC-BCK11
grep: can't open CARACTCAL-V02.PROC-BCK5
grep: can't open CARACTCAL-V02.PROC-BCK6
grep: can't open CARACTCAL-V02.PROC-BCK7
grep: can't open CARACTCAL-V02.PROC-BCK9
grep: can't open CARACTPER-009.PROC-2012-01-06
CARDEC-CIGD-BANCOLOMBIA.PROC:               PERFORM 80100-VALIDAR-IDENTIFICACION             
CARDEC-MOD-ICGD59.PROC:               PERFORM 80100-VALIDAR-IDENTIFICACION             
CARDEC-V31PROD.PROC:               PERFORM 80100-VALIDAR-IDENTIFICACION             
CARDEC-V32.PROC:               PERFORM 80100-VALIDAR-IDENTIFICACION             
CARDEC-V32.PROC-OK1:               PERFORM 80100-VALIDAR-IDENTIFICACION             
CARDEC.PROC:               PERFORM 80100-VALIDAR-IDENTIFICACION             
CARDEC.PROC-BCK1:               PERFORM 80100-VALIDAR-IDENTIFICACION             
CARDEC.PROC-BCK2:               PERFORM 80100-VALIDAR-IDENTIFICACION             
CARDEC.PROC-bk-20101021:               PERFORM 80100-VALIDAR-IDENTIFICACION     
CARDEC.PROC-bk-20101108:               PERFORM 80100-VALIDAR-IDENTIFICACION             
CARDEC.PROC-bk-prudcfra:               PERFORM 80100-VALIDAR-IDENTIFICACION             
CARDEC.PROC-CIGDV13:               PERFORM 80100-VALIDAR-IDENTIFICACION             
CARDEC.PROC-DLM-04-19-2011:               PERFORM 80100-VALIDAR-IDENTIFICACION             
CARDEC.PROC-OK1:               PERFORM 80100-VALIDAR-IDENTIFICACION             
CARDEC.PROC-OK4:               PERFORM 80100-VALIDAR-IDENTIFICACION             
CARDEC003.PROC:               PERFORM 80100-VALIDAR-IDENTIFICACION             
CARDEC2.PROC:               PERFORM 80100-VALIDAR-IDENTIFICACION             
CARDEC2.PROC-PATCH:               PERFORM 80100-VALIDAR-IDENTIFICACION     
CARDECCOLPATRIA.PROC:               PERFORM 80100-VALIDAR-IDENTIFICACION             
CARDECRMB.PROC:               PERFORM 80100-VALIDAR-IDENTIFICACION     
CARDECV01.PROC:               PERFORM 80100-VALIDAR-IDENTIFICACION             
CARDECV02.PROC:               PERFORM 80100-VALIDAR-IDENTIFICACION             
CARDECV05.PROC:               PERFORM 80100-VALIDAR-IDENTIFICACION             
CARDECV06.PROC:               PERFORM 80100-VALIDAR-IDENTIFICACION             
CARDECV06EHA.PROC:               PERFORM 80100-VALIDAR-IDENTIFICACION             
CARDECV07.PROC:               PERFORM 80100-VALIDAR-IDENTIFICACION             
CARDECV08.PROC:               PERFORM 80100-VALIDAR-IDENTIFICACION             
CARDECV08.PROC-OK1:               PERFORM 80100-VALIDAR-IDENTIFICACION             
CARDECV08.PROC-OK2:               PERFORM 80100-VALIDAR-IDENTIFICACION             
CARDECV09.PROC:               PERFORM 80100-VALIDAR-IDENTIFICACION             
CARDECV10-1.PROC:               PERFORM 80100-VALIDAR-IDENTIFICACION             
CARDECV10-2.PROC:               PERFORM 80100-VALIDAR-IDENTIFICACION             
CARDECV10.PROC:               PERFORM 80100-VALIDAR-IDENTIFICACION             
CARDECV10.PROC-NOSE:               PERFORM 80100-VALIDAR-IDENTIFICACION             
CARDECV11.PROC:               PERFORM 80100-VALIDAR-IDENTIFICACION             
CARDECV11.PROC-OK1:               PERFORM 80100-VALIDAR-IDENTIFICACION             
CARDECV11.PROC-OTRO:               PERFORM 80100-VALIDAR-IDENTIFICACION             
CARDECV12.PROC-OK1:               PERFORM 80100-VALIDAR-IDENTIFICACION             
CARDECV12.PROC-OK2:               PERFORM 80100-VALIDAR-IDENTIFICACION             
CARDECV13-MOD1224.PROC:               PERFORM 80100-VALIDAR-IDENTIFICACION             
CARDECV13.PROC:               PERFORM 80100-VALIDAR-IDENTIFICACION             
CARDECV13.PROC-2011-05-11:               PERFORM 80100-VALIDAR-IDENTIFICACION             
CARDECV13.PROC-OK1:               PERFORM 80100-VALIDAR-IDENTIFICACION             
CARDECV13.PROC-OK2:               PERFORM 80100-VALIDAR-IDENTIFICACION             
CARDECV13.PROC-OK3:               PERFORM 80100-VALIDAR-IDENTIFICACION             
CARDECV14.PROC:               PERFORM 80100-VALIDAR-IDENTIFICACION             
CARDECV14.PROC-CIG:               PERFORM 80100-VALIDAR-IDENTIFICACION             
CARDECV14.PROC-DLM:               PERFORM 80100-VALIDAR-IDENTIFICACION             
CARDECV15.PROC:               PERFORM 80100-VALIDAR-IDENTIFICACION             
CARDECV16.PROC:               PERFORM 80100-VALIDAR-IDENTIFICACION             
CARDECV16.PROC-OK1:               PERFORM 80100-VALIDAR-IDENTIFICACION             
CARDECV16.PROC-OK2:               PERFORM 80100-VALIDAR-IDENTIFICACION             
CARDECV17.PROC:               PERFORM 80100-VALIDAR-IDENTIFICACION             
CARDECV18.PROC:               PERFORM 80100-VALIDAR-IDENTIFICACION             
CARDECV18.PROC-OK1:               PERFORM 80100-VALIDAR-IDENTIFICACION             
CARDECV19.PROC:               PERFORM 80100-VALIDAR-IDENTIFICACION             
CARDECV2.PROC:               PERFORM 80100-VALIDAR-IDENTIFICACION             
CARDECV20-ICGS58.PROC:               PERFORM 80100-VALIDAR-IDENTIFICACION             
CARDECV20.PROC:               PERFORM 80100-VALIDAR-IDENTIFICACION             
CARDECV20.PROC-CIG:               PERFORM 80100-VALIDAR-IDENTIFICACION             
CARDECV21.PROC:               PERFORM 80100-VALIDAR-IDENTIFICACION             
CARDECV22.PROC:               PERFORM 80100-VALIDAR-IDENTIFICACION             
CARDECV23.PROC:               PERFORM 80100-VALIDAR-IDENTIFICACION             
CARDECV24-1.PROC:               PERFORM 80100-VALIDAR-IDENTIFICACION             
CARDECV24.PROC:               PERFORM 80100-VALIDAR-IDENTIFICACION             
CARDECV25.PROC:               PERFORM 80100-VALIDAR-IDENTIFICACION             
CARDECV26-2.PROC:               PERFORM 80100-VALIDAR-IDENTIFICACION             
CARDECV26.PROC:               PERFORM 80100-VALIDAR-IDENTIFICACION             
CARDECV27.PROC:               PERFORM 80100-VALIDAR-IDENTIFICACION             
CARDECV28.PROC:               PERFORM 80100-VALIDAR-IDENTIFICACION             
CARDECV29.PROC:               PERFORM 80100-VALIDAR-IDENTIFICACION             
CARDECV3.PROC:               PERFORM 80100-VALIDAR-IDENTIFICACION             
CARDECV30.PROC:               PERFORM 80100-VALIDAR-IDENTIFICACION             
CARDECV30.PROC-NOES:               PERFORM 80100-VALIDAR-IDENTIFICACION             
CARDECV31.PROC:               PERFORM 80100-VALIDAR-IDENTIFICACION             
CARDECV4.PROC:               PERFORM 80100-VALIDAR-IDENTIFICACION             
CARDERMB.PROC:               PERFORM 80100-VALIDAR-IDENTIFICACION             
grep: can't open core
DECIS3.PROC:           PERFORM 80100-VALIDAR-IDENTIFICACION
grep: can't open FRAINQ.DAT
INDEREGI.PROC:           PERFORM 80100-VALIDAR-IDENTIFICACION        
INDEREGI.PROC:           PERFORM 80100-VALIDAR-IDENTIFICACION        
INDEREGI.PROC-ANT:           PERFORM 80100-VALIDAR-IDENTIFICACION        
INDEREGI.PROC-ANT:           PERFORM 80100-VALIDAR-IDENTIFICACION        
INDEREGI.PROC.F-OLD!:           PERFORM 80100-VALIDAR-IDENTIFICACION
INDEREGI.PROC.F-OLD!:           PERFORM 80100-VALIDAR-IDENTIFICACION
INDEREGIV01.PROC:           PERFORM 80100-VALIDAR-IDENTIFICACION        
INDEREGIV01.PROC:           PERFORM 80100-VALIDAR-IDENTIFICACION        
sco.proc:NUIP02         PERFORM 80100-VALIDAR-IDENTIFICACION                     FAC0012
SCO.PROC:NUIP02         PERFORM 80100-VALIDAR-IDENTIFICACION                     FAC0012
SCODRU.PROC1:NUIP01     PERFORM 80100-VALIDAR-IDENTIFICACION                         FAC0004
SCODRUCIG.PROC1:NUIP01     PERFORM 80100-VALIDAR-IDENTIFICACION                         FAC0004
SCODRUFAC.PROC1:NUIP01     PERFORM 80100-VALIDAR-IDENTIFICACION                         FAC0004
SCOT16-DAR.PROC.0023:NUIP02         PERFORM 80100-VALIDAR-IDENTIFICACION                     FAC0012
SCOT16-MALA.PROC:NUIP02         PERFORM 80100-VALIDAR-IDENTIFICACION                     FAC0012
SCOT16-OLD.PROC:NUIP02         PERFORM 80100-VALIDAR-IDENTIFICACION                     FAC0012
SCOT16.PROC:NUIP02         PERFORM 80100-VALIDAR-IDENTIFICACION                     FAC0012
SCOT16.PROC-ART13:NUIP02         PERFORM 80100-VALIDAR-IDENTIFICACION                     FAC0012
SCOT16.PROC-LEY:NUIP02         PERFORM 80100-VALIDAR-IDENTIFICACION                     FAC0012
SCOT16.PROC-ORI:NUIP02         PERFORM 80100-VALIDAR-IDENTIFICACION                     FAC0012
SCOT16.PROC.0023:NUIP02         PERFORM 80100-VALIDAR-IDENTIFICACION                     FAC0012
SCOT16082.PROC:NUIP02         PERFORM 80100-VALIDAR-IDENTIFICACION                     FAC0012
scot16acii.proc:NUIP02         PERFORM 80100-VALIDAR-IDENTIFICACION                     FAC0012
SCOT16ACII.PROC:NUIP02         PERFORM 80100-VALIDAR-IDENTIFICACION                     FAC0012
SCOT16BBVA.PROC:NUIP02         PERFORM 80100-VALIDAR-IDENTIFICACION                     FAC0012
SCOT16CLEAR.PROC:NUIP02         PERFORM 80100-VALIDAR-IDENTIFICACION                     FAC0012
SCOT16DELTA-ANT.PROC:NUIP02         PERFORM 80100-VALIDAR-IDENTIFICACION                     FAC0012
SCOT16DELTA.PROC:NUIP02         PERFORM 80100-VALIDAR-IDENTIFICACION                     FAC0012
SCOT16ECU.PROC:NUIP02         PERFORM 80100-VALIDAR-IDENTIFICACION                     FAC0012
SCOT16GJ.PROC:NUIP02         PERFORM 80100-VALIDAR-IDENTIFICACION                     FAC0012
SCOT16HABEAS.PROC:NUIP02         PERFORM 80100-VALIDAR-IDENTIFICACION                     FAC0012
SCOT16HABEAS1.PROC:NUIP02         PERFORM 80100-VALIDAR-IDENTIFICACION                     FAC0012
SCOT16ORI.PROC:NUIP02         PERFORM 80100-VALIDAR-IDENTIFICACION                     FAC0012
SCOT16RMB.PROC:NUIP02         PERFORM 80100-VALIDAR-IDENTIFICACION                     FAC0012
scotaciigj.proc:NUIP02         PERFORM 80100-VALIDAR-IDENTIFICACION                     FAC0012
UTLINDEREGI.PROC:           PERFORM 80100-VALIDAR-IDENTIFICACION
UTLINDEREGI.PROC:           PERFORM 80100-VALIDAR-IDENTIFICACION
/d/iccol/desarrollo/copys>^[  /d/iccol/desarrollo/copys>grep 80100-VALIDAR-IDENTIFICACION */d/iccol/desarrollo/copys>grep 80100-VALIDAR-IDENTIFICACION * | grep -v PERFO/d/iccol/desarrollo/copys>ICACION * | grep -v PERFOR                         <M
grep: can't open CARACTCAL-V02.PROC-BCK10
grep: can't open CARACTCAL-V02.PROC-BCK11
grep: can't open CARACTCAL-V02.PROC-BCK5
grep: can't open CARACTCAL-V02.PROC-BCK6
grep: can't open CARACTCAL-V02.PROC-BCK7
grep: can't open CARACTCAL-V02.PROC-BCK9
grep: can't open CARACTPER-009.PROC-2012-01-06
BDIIVIDE_PRO.PROC:       80100-VALIDAR-IDENTIFICACION.
BDIIVIDE_PRO.PROC:REMARK*80100-VALIDAR-IDENTIFICACION.
BDIIVIDE-2836.PROC:       80100-VALIDAR-IDENTIFICACION.
BDIIVIDE-2836.PROC:REMARK*80100-VALIDAR-IDENTIFICACION.
BDIIVIDE-BDAIDE.PROC:       80100-VALIDAR-IDENTIFICACION.
BDIIVIDE-BDAIDE.PROC:REMARK*80100-VALIDAR-IDENTIFICACION.
bdiivide.flor:       80100-VALIDAR-IDENTIFICACION.
bdiivide.flor:REMARK*80100-VALIDAR-IDENTIFICACION.
BDIIVIDE.PROC:       80100-VALIDAR-IDENTIFICACION.
BDIIVIDE.PROC:REMARK*80100-VALIDAR-IDENTIFICACION.
BDIIVIDE.PROC-CV:       80100-VALIDAR-IDENTIFICACION.
BDIIVIDE.PROC-CV:REMARK*80100-VALIDAR-IDENTIFICACION.
BDIIVIDE.PROC-MAL:       80100-VALIDAR-IDENTIFICACION.
BDIIVIDE.PROC-MAL:REMARK*80100-VALIDAR-IDENTIFICACION.
BDIIVIDE.PROC-PROD:       80100-VALIDAR-IDENTIFICACION.
BDIIVIDE.PROC-PROD:REMARK*80100-VALIDAR-IDENTIFICACION.
BDIIVIDE.PROC-V06:       80100-VALIDAR-IDENTIFICACION.
BDIIVIDE.PROC-V06:REMARK*80100-VALIDAR-IDENTIFICACION.
BDIIVIDE.PROC-V07:       80100-VALIDAR-IDENTIFICACION.
BDIIVIDE.PROC-V07:REMARK*80100-VALIDAR-IDENTIFICACION.
BDIIVIDECOL.PROC:       80100-VALIDAR-IDENTIFICACION.
BDIIVIDECOL.PROC:REMARK*80100-VALIDAR-IDENTIFICACION.
BDIIVIDEECU.PROC:       80100-VALIDAR-IDENTIFICACION.
BDIIVIDEECU.PROC:REMARK*80100-VALIDAR-IDENTIFICACION.
BDIIVIDENEW.PROC:       80100-VALIDAR-IDENTIFICACION.
BDIIVIDENEW.PROC:REMARK*80100-VALIDAR-IDENTIFICACION.
grep: can't open core
grep: can't open FRAINQ.DAT
/d/iccol/desarrollo/copys>ls -l BDIIVIDE_PRO.PROC BDIIVIDE-2836.PROC BDIIVIDE-BDAIDE.PROC bdiivide.flor BDIIVIDE.PROC BDIIVIDE.PROC-CV BDIIVIDE.PROC-MAL BDIIVIDE.PROC-PROD BDIIVIDE.PROC-V06 BDIIVIDE.PROC-V07 BDIIVIDECOL.PROC BDIIVIDEECU.PROC BDIIVIDENEW.PROC
-rw-rw-r--   1 1395     icdatacr   18101 Jan 19  2012 BDIIVIDE_PRO.PROC
-rw-rw-r--   1 iccavd   icdatacr   26681 May 18  2012 BDIIVIDE-2836.PROC
-rwxrwxr-x   1 icgjcd   icdatacr   18593 Jun 22  2007 BDIIVIDE-BDAIDE.PROC
-rwxrwxr-x   1 icfacd   icdatacr   18101 Nov 10  2005 bdiivide.flor
-rw-rw-r--   1 iccavd   icdatacr   18386 Jul 12  2012 BDIIVIDE.PROC
-rw-rw-r--   1 iccavd   icdatacr   18386 Jul 12  2012 BDIIVIDE.PROC-CV
-rw-rw-r--   1 iccavd   icdatacr   26761 Dec 29  2011 BDIIVIDE.PROC-MAL
-rw-rw-r--   1 iccavd   icdatacr   18101 Feb 22  2012 BDIIVIDE.PROC-PROD
-rwxrwxr-x   1 icfacd   icdatacr   18101 Oct 14  2008 BDIIVIDE.PROC-V06
-rw-rw-r--   1 iccavd   icdatacr   26681 May 29  2012 BDIIVIDE.PROC-V07
-rwxrwxr-x   1 icfacd   icdatacr   11093 Feb 28  2005 BDIIVIDECOL.PROC
-rwxrwxr-x   1 icfacd   icdatacr   12836 Jul 21  2005 BDIIVIDEECU.PROC
-rwxrwxr-x   1 icrmbd   icdatacr   22221 Jul  7  2008 BDIIVIDENEW.PROC
/d/iccol/desarrollo/copys>view BDIIVIDE.PROC
"BDIIVIDE.PROC" [Read only] 287 lines, 18386 characters REMARK*BDIIVIDE.PROC.v.03.0008
REMARK******************************************************************
REMARK*RUTINA DE VALIDACION DE IDENTIFICACIONES
REMARK******************************************************************
* F.CUADROS   * INCLUSION DE PARAMETRO PARA ASIGNAR EL TIPO DE
* JUN.17/2004 * IDENTIFICACION DE ACUERDO A RANGOS PERMITIDOS
** NUIP01 * RUTINA 80300-ASIGNAR-TIPO-ID
** INCLUSION DE PARAMETRO PARA VALIDAR EL TIPO-ID
* FAC0002     * NUIP01 * RUTINA 80400-VALIDAR-TIPO-ID.
REMARK******************************************************************
* F.CUADROS   * RELLENAR DE CEROS EL NUMERO DE IDENTIFICAICON
* JUL.16/2004 * CUANDO SE LE QUITA EL DIGITO DE CHEQUEO
* FAC0003     * NUIP02 * VALIDACION DE IDENTIFICACION SI TIPO-ID 2
REMARK******************************************************************
* F.CUADROS   * NUIP03: INCLUSION DE RUTINA PARA ELIMINAR EL
* AGO.11/2004 * DIGITO DE CHEQUEO.
* FAC0004     * CAMBIO DE TIPO ID = 2 POR 3 SI EL NIT NO
** CORRESPONDE AL RANGO.
REMARK******************************************************************
* F.CUADROS   * RANGO5: DEFINICION DE NUEVOS RANGOS PARA TIPO ID 3:
* OCT.22/2004 * ENTRE 700.000.001 Y 799.999.999 (OTROS DOCUMENTOS)
* FAC0005     * DEFINICION DE NUEVOS RANGOS PARA TIPO ID 2:
** ENTRE 900.000.000 Y 999.999.999 (MUISCA)
REMARK******************************************************************
* F.CUADROS   * NUIP04: INCLUSION DE RANGO PARA TIPO ID. 2 EN
* OCT.19/2005 * RUTINA VALIDAR-TIPO-ID PARA NITS QUE SON NUIPS
* FAC006C     *
REMARK******************************************************************
* C.VELASCO   * SE VUELVE A LA VERSION ANTES DE MODIFICAR LOS
* JUL.12/2012 * RANGOS DE IDENTIFICACIONES,  LOS AJUSTES DE LA
* CAV0008     * VERSION 07, IMPACTA APERTURAS Y PROCESOS ESPEC.
REMARK******************************************************************
80100-VALIDAR-IDENTIFICACION.
REMARK*===================================*
REMARK*80100-VALIDAR-IDENTIFICACION.
REMARK* Valida el numero de identificacion contra las bases de datos
REMARK* de validacion de informacion BDIIDIAN, BDIIDAS, BDIIREGI
REMARK* y verifica la coincidencia del nombre reportado
REMARK*===================================*INITIALIZE PARAMETROS-SALIDA-BDIIVIDE VARIABLES-VALNOMNOMBRES-AUX-W-BDIIVIDEINSPECT NUM-IDE-BDIIVIDE REPLACING ALL " " BY "0"
NUIP01    IF SW-VERIFNOM-BDIIVIDE NOT NUMERICFAC0002
NUIP01MOVE ZEROS TO SW-VERIFNOM-BDIIVIDEFAC0002
NUIP01    END-IFFAC0002
NUIP01    IF SW-ASGTIPID-BDIIVIDE NOT NUMERICFAC0002
NUIP01MOVE ZEROS TO SW-ASGTIPID-BDIIVIDEFAC0002
NUIP01    END-IFFAC0002
NUIP01    IF SW-VALTIPID-BDIIVIDE NOT NUMERICFAC0002"BDIIVIDE.PROC" [Read only] 287 lines, 18386 charactersREMARK*BDIIVIDE.PROC.v.03.0008
REMARK******************************************************************
REMARK*RUTINA DE VALIDACION DE IDENTIFICACIONES
REMARK******************************************************************
* F.CUADROS   * INCLUSION DE PARAMETRO PARA ASIGNAR EL TIPO DE
* JUN.17/2004 * IDENTIFICACION DE ACUERDO A RANGOS PERMITIDOS
** NUIP01 * RUTINA 80300-ASIGNAR-TIPO-ID
** INCLUSION DE PARAMETRO PARA VALIDAR EL TIPO-ID
* FAC0002     * NUIP01 * RUTINA 80400-VALIDAR-TIPO-ID.
REMARK******************************************************************
* F.CUADROS   * RELLENAR DE CEROS EL NUMERO DE IDENTIFICAICON
* JUL.16/2004 * CUANDO SE LE QUITA EL DIGITO DE CHEQUEO
* FAC0003     * NUIP02 * VALIDACION DE IDENTIFICACION SI TIPO-ID 2
REMARK******************************************************************
* F.CUADROS   * NUIP03: INCLUSION DE RUTINA PARA ELIMINAR EL
* AGO.11/2004 * DIGITO DE CHEQUEO.
* FAC0004     * CAMBIO DE TIPO ID = 2 POR 3 SI EL NIT NO
** CORRESPONDE AL RANGO.
REMARK******************************************************************
* F.CUADROS   * RANGO5: DEFINICION DE NUEVOS RANGOS PARA TIPO ID 3:
* OCT.22/2004 * ENTRE 700.000.001 Y 799.999.999 (OTROS DOCUMENTOS)
* FAC0005     * DEFINICION DE NUEVOS RANGOS PARA TIPO ID 2:
** ENTRE 900.000.000 Y 999.999.999 (MUISCA)
REMARK******************************************************************
* F.CUADROS   * NUIP04: INCLUSION DE RANGO PARA TIPO ID. 2 EN
* OCT.19/2005 * RUTINA VALIDAR-TIPO-ID PARA NITS QUE SON NUIPS
* FAC006C     *
REMARK******************************************************************
* C.VELASCO   * SE VUELVE A LA VERSION ANTES DE MODIFICAR LOS
* JUL.12/2012 * RANGOS DE IDENTIFICACIONES,  LOS AJUSTES DE LA
* CAV0008     * VERSION 07, IMPACTA APERTURAS Y PROCESOS ESPEC.
REMARK******************************************************************
80100-VALIDAR-IDENTIFICACION.
REMARK*===================================*
REMARK*80100-VALIDAR-IDENTIFICACION.
REMARK* Valida el numero de identificacion contra las bases de datos
REMARK* de validacion de informacion BDIIDIAN, BDIIDAS, BDIIREGI
REMARK* y verifica la coincidencia del nombre reportado
REMARK*===================================*INITIALIZE PARAMETROS-SALIDA-BDIIVIDE VARIABLES-VALNOMNOMBRES-AUX-W-BDIIVIDEINSPECT NUM-IDE-BDIIVIDE REPLACING ALL " " BY "0"
NUIP01    IF SW-VERIFNOM-BDIIVIDE NOT NUMERICFAC0002
NUIP01MOVE ZEROS TO SW-VERIFNOM-BDIIVIDEFAC0002
NUIP01    END-IFFAC0002
NUIP01    IF SW-ASGTIPID-BDIIVIDE NOT NUMERICFAC0002
NUIP01MOVE ZEROS TO SW-ASGTIPID-BDIIVIDEFAC0002
NUIP01    END-IFFAC0002
NUIP01    IF SW-VALTIPID-BDIIVIDE NOT NUMERICFAC0002
NUIP01MOVE ZEROS TO SW-VALTIPID-BDIIVIDEFAC0002
NUIP01    END-IFFAC0002
NUIP02    IF SW-DIGCHEQUEO-BDIIVIDE NOT NUMERICFAC0003
NUIP02MOVE ZEROS TO SW-DIGCHEQUEO-BDIIVIDEFAC0003
NUIP02    END-IFFAC0003IF NUM-IDE-BDIIVIDE IS NUMERIC AND NUM-IDE-BDIIVIDE <> ZEROS"BDIIVIDE.PROC" [Read only] line 1 of 287 --0%-- 
NUIP01IF SW-ASGTIPID-BDIIVIDE = 1FAC0002NUIP01IF SW-ASGTIPID-BDIIVIDE = 1FAC0002
NUIP01PERFORM 80300-ASIGNAR-TIPO-IDFAC0002
NUIP01END-IFFAC0002
NUIP01IF SW-VALTIPID-BDIIVIDE = 1FAC0002
NUIP01PERFORM 80400-VALIDAR-TIPO-IDFAC0002
NUIP01END-IFFAC0002
NUIP03IF SW-DIGCHEQUEO-BDIIVIDE = 1FAC0004
NUIP03PERFORM 80500-ELIMINAR-DIGITO-CHEQUEOFAC0004
NUIP03END-IFFAC0004
NUIP01IF SW-VALTIPID-BDIIVIDE = 0 ORFAC0004
NUIP01(SW-VALTIPID-BDIIVIDE = 1 AND SW-TID-BDIIVIDE = 0)FAC0002PERFORM 80200-VALIDAR-IDINITIALIZE NOM-VAL-BDIIVIDEMOVE NOM-LEIDO-BDIIVIDE TO NOM-VAL-BDIIVIDEIF SW-VERIFNOM-BDIIVIDE = 1MOVE TIP-IDE-BDIIVIDE TO TIP-ID-INPUT-VALNOMMOVE NOMBRE-BDIIVIDE TO NOMBRE-INPUT-VALNOMMOVE NOM-VAL-BDIIVIDE TO NOMBOK-INPUT-VALNOMIF SW-ID-BDIIVIDE = 0
IF NUM-BLOQUES-BDIIVIDE NUMERIC ANDNUM-BLOQUES-BDIIVIDE <> ZEROSMOVE NUM-BLOQUES-BDIIVIDE TO BLOQUES-INPUT-VALNOMELSE IF TIP-ID-INPUT-VALNOM = 1
MOVE 2 TO BLOQUES-INPUT-VALNOMELSE MOVE 1 TO BLOQUES-INPUT-VALNOMEND-IF
END-IF
PERFORM 10000-MATCH-NOMBRES-VALNOMIF MATCH-OK-OUT-VALNOM = 0
MOVE 1 TO SW-NOMBRES-BDIIVIDEEND-IF
END-IF
END-IF
NUIP01ELSE IF SW-TID-BDIIVIDE = 1FAC0002
NUIP01MOVE 1 TO SW-ID-BDIIVIDEFAC0002
NUIP01END-IFFAC0002
NUIP01END-IFFAC0002ELSE MOVE 1 TO SW-ID-BDIIVIDEEND-IF.80200-VALIDAR-ID.
REMARK*===================================*
REMARK*80200-VALIDAR-ID.
REMARK*Validacion del numero de identificacion
REMARK*con las BASES DE DATOS DE LA REGISTRADURIA, DAS, DIAN:
REMARK*BDIAREGI, BDIADAS, BDIADIAN respectivamente
REMARK*Dependiendo del tipo de identificacion
REMARK*===================================*EVALUATE TIP-IDE-BDIIVIDEWHEN 1
PERFORM 85010-UBICA-CEDULAWHEN 2
PERFORM 85020-UBICA-NITWHEN 3
PERFORM 85020-UBICA-NIT
WHEN 4WHEN 4
PERFORM 85030-UBICA-EXTWHEN OTHER
MOVE 1 TO SW-ID-BDIIVIDEEND-EVALUATE.

NUIP01 80300-ASIGNAR-TIPO-ID.FAC0002
REMARK*================================================================
NUIP01*80300-ASIGNAR-TIPO-ID.FAC0002
NUIP01*ASIGNACION DEL TIPO DE IDENTIFICACION. PARAMETRO DE ENTRADAFAC0002
NUPI01*SW-ASGTIPID-BDIVIIDE = 1; RETORNA TIPID-VAL-BDIIVIDE
REMARK*================================================================
NUIP01    INITIALIZE PARAMETROS-SALIDA-BDIIVIDE TIP-IDE-BDIIVIDEFAC0002
NUIP01    INSPECT NUM-IDE-BDIIVIDE REPLACING ALL " " BY "0"FAC0002
NUIP01IF (NUM-IDE-BDIIVIDE-R >= 1 ANDFAC0002
NUIP01NUM-IDE-BDIIVIDE-R  <= 99999999) ORFAC0002
NUIP01(NUM-IDE-BDIIVIDE-R >= 1000000000 ANDFAC0002
NUIP02NUM-IDE-BDIIVIDE-R  <  8000000000)FAC0003
NUIP01MOVE 1 TO TIP-IDE-BDIIVIDEFAC0002
NUIP01ELSEFAC0002
NUIP01IF (NUM-IDE-BDIIVIDE-R >= 800000000 ANDFAC0002
RANGO5NUM-IDE-BDIIVIDE-R  <= 999999999) ORFAC0005
NUIP02(NUM-IDE-BDIIVIDE-R >= 8000000000 ANDFAC0003
RANGO5NUM-IDE-BDIIVIDE-R  <= 9999999999)FAC0005
NUIP01MOVE 2 TO TIP-IDE-BDIIVIDEFAC0002
NUIP03*IF NUM-IDE-BDIIVIDE-R >= 8000000000FAC0004
NUIP03*MOVE NUM-IDE-BDIIVIDE-R TO NUM-ID-W11-BDIIVIDEFAC0004
NUIP03*MOVE NUM-ID-W10-BDIIVIDE TO NUM-IDE-BDIIVIDE-RFAC0004
NUIP03*END-IFFAC0004
NUIP01ELSEFAC0002
NUIP01IF (NUM-IDE-BDIIVIDE-R >= 600000000 ANDFAC0002
RANGO5NUM-IDE-BDIIVIDE-R  <  800000000) ORFAC0005
NUIP01(NUM-IDE-BDIIVIDE-R >= 6000000000 ANDFAC0002
RANGO5NUM-IDE-BDIIVIDE-R  <  8000000000)FAC0005
NUIP01MOVE 3 TO TIP-IDE-BDIIVIDEFAC0002
NUIP01ELSE MOVE 4 TO TIP-IDE-BDIIVIDEFAC0002
NUIP01END-IF.FAC0002

NUIP01 80400-VALIDAR-TIPO-ID.FAC0002
REMARK*================================================================
NUIP01*80400-VALIDAR-TIPO-ID.FAC0002
NUIP01*VALIDACION DEL TIPO DE IDENTIFICACION DE ACUERDO AL RANGOFAC0002
NUIP01*CONTENIDO EN EL NUMERO DE IDENTIFICACION. SE PREGUNTA AL REVES.  FAC0002
NUIP01*PARAMETRO DE ENTRADA SW-VALTIPID-BDIVIIDE = 1;FAC0002
NUIP01*RETORNA SW-TID-BDIIVIDE = 1 SI ESTA ERRADO.FAC0002
REMARK*================================================================
NUIP01    INITIALIZE PARAMETROS-SALIDA-BDIIVIDEFAC0002
NUIP01    INSPECT NUM-IDE-BDIIVIDE REPLACING ALL " " BY "0"FAC0002
NUIP01    EVALUATE TIP-IDE-BDIIVIDEFAC0002
NUIP01WHEN 1FAC0002
NUIP01IF NUM-IDE-BDIIVIDE-R > 9999999999FAC0002
NUIP01MOVE 1 TO SW-TID-BDIIVIDEFAC0002
NUIP01END-IFFAC0002
NUIP01WHEN 2FAC0002
NUIP04IF NUM-IDE-BDIIVIDE-R >  9999999999 ORFAC006C
RANGO5(NUM-IDE-BDIIVIDE-R <= 800000000 AND >= 600000000)FAC0005RANGO5(NUM-IDE-BDIIVIDE-R <= 800000000 AND >= 600000000)FAC0005
NUIP01MOVE 1 TO SW-TID-BDIIVIDEFAC0002
NUIP01END-IFFAC0002
NUIP01WHEN 3FAC0002
RANGO5IF NUM-IDE-BDIIVIDE-R > 800000000 OR < 600000000FAC0005
NUIP01MOVE 1 TO SW-TID-BDIIVIDEFAC0002
NUIP01END-IFFAC0002
NUIP01    END-EVALUATE.FAC0002

NUIP03 80500-ELIMINAR-DIGITO-CHEQUEO.FAC0004
REMARK*================================================================
NUIP03*80500-ELIMINAR-DIGITO-CHEQUEO.FAC0004
REMARK*Elimina el digito de chequeo y cambia el tipo de identificacion
REMARK*de acuerdo a los rangos para tipo id = 2 y 3
REMARK*================================================================
NUIP03IF (NUM-IDE-BDIIVIDE-R >= 600000000 ANDFAC0004
RANGO5NUM-IDE-BDIIVIDE-R  <  800000000) ORFAC0005
NUIP03(NUM-IDE-BDIIVIDE-R >= 6000000000 ANDFAC0004
RANGO5NUM-IDE-BDIIVIDE-R  < 8000000000)FAC0005
NUIP03MOVE 3 TO TIP-IDE-BDIIVIDEFAC0004
NUIP03END-IFFAC0004
NUIP03IF (NUM-IDE-BDIIVIDE-R >= 800000000 ANDFAC0004
RANGO5NUM-IDE-BDIIVIDE-R  <= 999999999) ORFAC0005
NUIP03(NUM-IDE-BDIIVIDE-R >= 8000000000 ANDFAC0004
RANGO5NUM-IDE-BDIIVIDE-R  <= 9999999999)FAC0005
NUIP03MOVE 2 TO TIP-IDE-BDIIVIDEFAC0004
NUIP03END-IFFAC0004
NUIP03IF (TIP-IDE-BDIIVIDE = 2 ANDFAC0004
NUIP03(NUM-IDE-BDIIVIDE-R >= 10000000000) ORFAC0004
NUIP03(NUM-IDE-BDIIVIDE-R >= 8000000000 ANDFAC0004
RANGO5NUM-IDE-BDIIVIDE-R <= 9999999999)) ORFAC0005
NUIP03(TIP-IDE-BDIIVIDE = 3 ANDFAC0004
NUIP03(NUM-IDE-BDIIVIDE-R >= 6000000000 ANDFAC0004
RANGO5NUM-IDE-BDIIVIDE-R <  8000000000))FAC0005
NUIP03MOVE NUM-IDE-BDIIVIDE TO NUM-ID-W11-BDIIVIDEFAC0004
NUIP03MOVE NUM-ID-W10-BDIIVIDE TO NUM-IDE-BDIIVIDE-RFAC0004
NUIP03END-IFFAC0004
NUIP03INSPECT NUM-IDE-BDIIVIDE REPLACING ALL " " BY "0".FAC000485010-UBICA-CEDULA.
REMARK*================================================================
REMARK*85010-UBICA-CEDULA.
REMARK*Ubica la identificacion dada la llave en BDIIREGI
REMARK*Arma el nombre completo en una sola variable
REMARK*================================================================MOVE NUM-IDE-BDIIVIDE TO CEDULA-BDIIREGIMOVE TIP-IDE-BDIIVIDE TO TIPO-ID-BDIIREGIREAD BDIIREGI INVALID KEY MOVE 1 TO SW-ID-BDIIVIDEEND-READ
IF SW-ID-BDIIVIDE = 0MOVE APELLIDO1-BDIIREGI TO PRIMER-APELLIDO-BDIIVIDEMOVE APELLIDO2-BDIIREGI TO SEGUNDO-APELLIDO-BDIIVIDEMOVE DES-NOMBRE2-BDIIREGI TO SEGUNDO-NOMBRE-BDIIVIDEMOVE DES-NOMBRE1-BDIIREGI TO PRIMER-NOMBRE-BDIIVIDEIF ESTADO-CIVIL-BDIIREGI = 0
STRINGSTRING
SEGUNDO-APELLIDO-BDIIVIDE DELIMITED BY "  ","*" DELIMITED BY SIZE ,PRIMER-NOMBRE-BDIIVIDE    DELIMITED BY "  ","*" DELIMITED BY SIZE ,SEGUNDO-NOMBRE-BDIIVIDE   DELIMITED BY SIZE,";" DELIMITED BY SIZE ,INTO NOM-LEIDO-BDIIVIDEEND-IF
IF ESTADO-CIVIL-BDIIREGI = 1STRING
"DE" DELIMITED BY SIZE,"*"  DELIMITED BY SIZE,SEGUNDO-APELLIDO-BDIIVIDE DELIMITED BY "  ","*"  DELIMITED BY SIZE,PRIMER-NOMBRE-BDIIVIDE    DELIMITED BY "  ","*"  DELIMITED BY SIZE,SEGUNDO-NOMBRE-BDIIVIDE   DELIMITED BY SIZE,";"  DELIMITED BY SIZE,INTO NOM-LEIDO-BDIIVIDEEND-IF
IF ESTADO-CIVIL-BDIIREGI = 2STRING
"VDA DE" DELIMITED BY SIZE,"*"DELIMITED BY SIZE,SEGUNDO-APELLIDO-BDIIVIDE DELIMITED BY "  ","*"DELIMITED BY SIZE,PRIMER-NOMBRE-BDIIVIDE    DELIMITED BY "  ","*"DELIMITED BY SIZE,SEGUNDO-NOMBRE-BDIIVIDE DELIMITED BY SIZE,";"DELIMITED BY SIZE,INTO NOM-LEIDO-BDIIVIDEEND-IF
STRING PRIMER-APELLIDO-BDIIVIDE DELIMITED BY "  ","*"DELIMITED BY SIZE,NOM-LEIDO-BDIIVIDE     DELIMITED BY SIZE, "*",
DELIMITED BY SIZE,INTO NOM-VAL-BDIIVIDEINSPECT NOM-VAL-BDIIVIDE REPLACING ALL "*" BY " "INSPECT NOM-VAL-BDIIVIDE REPLACING ALL ";" BY " "INITIALIZE NOM-LEIDO-BDIIVIDEMOVE NOM-VAL-BDIIVIDE TO NOM-LEIDO-BDIIVIDE.85020-UBICA-NIT.
REMARK*================================================================
REMARK*85020-UBICA-NIT.
REMARK*Ubica NIT en archivo de la DIAN, BDIIDIAN
REMARK*================================================================MOVE NUM-IDE-BDIIVIDE TO NITS-R-BDIIDIANREAD BDIIDIAN INVALID KEY MOVE 1 TO SW-ID-BDIIVIDEEND-READ
IF SW-ID-BDIIVIDE = 0MOVE DESCRIPCION-BDIIDIAN TO NOM-LEIDO-BDIIVIDEEND-IF.

85030-UBICA-EXT.
REMARK*================================================================
REMARK*85030-UBICA-EXT.
REMARK*Ubica cedula de extranjeria en archivo del DAS
REMARK*================================================================MOVE NUM-IDE-BDIIVIDE TO NUM-ID-BDIIDASMOVE TIP-IDE-BDIIVIDE TO TIPO-ID-BDIIDASREAD BDIIDAS INVALID KEY MOVE 1 TO SW-ID-BDIIVIDEEND-READ
IF SW-ID-BDIIVIDE = 0MOVE NOMBRE-BDIIDAS TO NOM-LEIDO-BDIIVIDE.
~
~
~
~
~
~
~
~
~
~
~
~
~
~
~
~
~
~
~
~
~
~
~
~
~
~
~
~
~
~
~
~
~
~
~
~
~
~
~
~
~
~
~
