=~=~=~=~=~=~=~=~=~=~=~= PuTTY log 2014.06.06 11:38:34 =~=~=~=~=~=~=~=~=~=~=~=
login as: icjluc d
Using keyboard-interactive authentication.
Password: 
Last login: Thu Jun  5 13:04:17 2014 from 172.16.10.115
Sun Microsystems Inc.   SunOS 5.10      Generic January 2005
You have new mail.
COBJVM=sun_142
JAVA_HOME=/usr/j2se
LD_LIBRARY_PATH=/usr/j2se/jre/lib/sparc:/usr/j2se/jre/lib/sparc/client:/usr/j2se/jre/lib/sparc/native_threads:/usr/j2se/jre/lib/sparc:/opt/mfocus/des/cobol/lib:/opt/IBM/db2/V9.7/lib:/export/home/db2inst1/sqllib/lib64:/export/home/db2inst1/sqllib/lib32
PATH=/usr/j2se/jre/sh:/usr/j2se/sh:/usr/j2se/bin:/usr/j2se/jre/bin:/opt/mfocus/des/cobol/lib:/opt/mfocus/des/cobol/bin:/usr/bin:/bin:/usr/bin:/d/iccol/desarrollo/macros:/d/iccol/desarrollo/utiles:/opt/bin:/usr/sbin:/usr/lib:/usr/ccs/bin:/opt/SUNWspro/bin:/usr/jdk/latest/bin:/usr/local/bin:/usr/j2se/bin:/usr/openwin/bin:.:/export/home/db2inst1/sqllib/bin:/export/home/db2inst1/sqllib/adm:/export/home/db2inst1/sqllib/misc
CLASSPATH=/opt/mfocus/des/cobol/lib/mfcobol.jar:.:/usr/j2se/jre/lib/rt.jar:/opt/mfocus/des/cobol/lib/mfimtk.jar:/opt/mfocus/des/cobol/lib/xerces.jar:/opt/mfocus/des/cobol/lib/castor-0_9_4_1-xml.jar:/opt/mfocus/des/cobol/lib/mfcobol.jar:/usr/j2se/jre/lib/dt.jar:/usr/j2se/jre/lib/rt.jar:/d/iccol/desarrollo/java/server:/export/home/db2inst1/sqllib/java/db2java.zip:/export/home/db2inst1/sqllib/java/db2jcc.jar:/export/home/db2inst1/sqllib/java/sqlj.zip:/export/home/db2inst1/sqllib/function:/export/home/db2inst1/sqllib/java/db2jcc_license_cu.jar:.
COBCPY=/opt/mfocus/des/cobol/cpylib:/opt/mfocus/des/cobol/cpylib:/d/iccol/desarrollo/copys/pais:/d/iccol/desarrollo/copys
Java version = 1.4.2_19
Java vendor = Sun Microsystems Inc.
Java OS name = SunOS
Java OS arch = sparc
Java OS version = 5.10

  ####    ####   #####   ######   ####
 #    #  #    #  #    #  #       #
 #       #    #  #    #  #####    ####
 #       #    #  #    #  #            #
 #    #  #    #  #    #  #       #    #
  ####    ####   #####   ######   ####

 #####
#     #   ####   #        ####   #    #  #####      #      ##
#        #    #  #       #    #  ##  ##  #    #     #     #  #
#        #    #  #       #    #  # ## #  #####      #    #    #
#        #    #  #       #    #  #    #  #    #     #    ######
#     #  #    #  #       #    #  #    #  #    #     #    #    #
 #####    ####   ######   ####   #    #  #####      #    #    #

 #####
#     #   ####   #    #  #####      #    #         ##     ####      #     ####
#        #    #  ##  ##  #    #     #    #        #  #   #    #     #    #    #
#        #    #  # ## #  #    #     #    #       #    #  #          #    #    #
#        #    #  #    #  #####      #    #       ######  #          #    #    #
#     #  #    #  #    #  #          #    #       #    #  #    #     #    #    #
 #####    ####   #    #  #          #    ######  #    #   ####      #     ####

 #####                                           #####  #         ###
#     #  #    #  #    #          #    #         #     # #    #   #   #
#        #    #  ##   #          #    #               # #    #  #     #
 #####   #    #  # #  #          #    #          #####  #    #  #     #
      #  #    #  #  # #          #    #   ###   #       ####### #     #
#     #  #    #  #   ##           #  #    ###   #            #   #   #
 #####    ####   #    # #######    ##     ###   #######      #    ###

icjlud@codes /d/iccol/desarrollo
$ . viset
viset running
/d/iccol/desarrollo>fu
/d/iccol/desarrollo/fuentes>ls -l PESVNO*CBL
-rw-rw-r--   1 1368     icdatacr   47036 Sep 19  2007 PESVNO-1.CBL
-rw-rw-r--   1 icjdld   icdatacr   57581 Mar 11  2010 PESVNO-20090602.CBL
-rw-rw-r--   1 1395     icdatacr   47865 Sep 10  2012 PESVNO-AVV.CBL
-rw-rw-r--   1 iccavd   icdatacr   44911 Jul 11  2012 PESVNO-CV.CBL
-rw-rw-r--   1 iccavd   icdatacr   45386 Jul 10  2012 PESVNO-DIGITO.CBL
-rw-rw-r--   1 icfacd   icdatacr   43588 Mar  7  2005 PESVNO-ECU.CBL
-rw-rw-r--   1 icjdld   icdatacr   57587 Mar 11  2010 PESVNO-NOCSV.CBL
-rw-rw-r--   1 icjdld   icdatacr   41114 Mar 11  2010 PESVNO-V02.CBL
-rw-rw-r--   1 icjdld   icdatacr   41902 Mar 11  2010 PESVNO-V03.CBL
-rw-rw-r--   1 1395     icdatacr   54157 Apr  4  2013 PESVNO.CBL
-rw-rw-r--   1 icehad   icdatacr   42689 May  5  2010 PESVNO0504.CBL
-rw-rw-r--   1 1395     icdatacr   45379 Jul 12  2012 PESVNO64.CBL
-rw-rw-r--   1 1366     icdatacr   35713 Oct  7  2009 PESVNOCE.CBL
-rw-rw-r--   1 1395     icdatacr   59253 Sep 10  2012 PESVNOCITI.CBL
-rw-rw-r--   1 icjdld   icdatacr   53372 Mar 11  2010 PESVNOconICBTCO.CBL
-rw-rw-r--   1 1395     icdatacr   43503 Jul  9  2012 PESVNOCSV_cg.CBL
-rw-rw-r--   1 iccigd   icdatacr   43051 May  3  2011 PESVNOCSV-V05.CBL
-rw-rw-r--   1 1395     icdatacr   54743 Jun 25  2013 PESVNOCSV.CBL
-rw-rw-r--   1 1395     icdatacr  135767 Dec 15  2011 PESVNOCSVBCS_CAL.CBL
-rw-rw-r--   1 1395     icdatacr  145451 Jan 17  2012 PESVNOCSVBCS_p.CBL
-rw-rw-r--   1 1395     icdatacr  207161 May 28  2013 PESVNOCSVBCS.CBL
-rw-rw-r--   1 1395     icdatacr  146988 Mar  4  2013 PESVNOCSVBCSv06.CBL
-rw-rw-r--   1 1395     icdatacr   49725 Jun 25  2013 PESVNOCSVc.CBL
-rw-rw-r--   1 1395     icdatacr   43920 Jul  9  2012 PESVNOCSVFNG.CBL
-rw-rw-r--   1 1395     icdatacr   54855 Sep 24  2013 PESVNOCSVPLUS.CBL
-rw-rw-r--   1 1395     icdatacr   48311 Jun 25  2013 PESVNOCSVPLUSc.CBL
-rw-rw-r--   1 1395     icdatacr   42753 Jun 11  2013 PESVNOCSVPLUSv06.CBL
-rw-rw-r--   1 1381     icdatacr  287300 Jan 24  2011 PESVNOCSVSEGE-V02.CBL
-rw-rw-r--   1 1381     icdatacr  329808 Feb 24  2011 PESVNOCSVSEGE-V03.CBL
-rw-rw-r--   1 1381     icdatacr  340872 Mar 14  2011 PESVNOCSVSEGE-V04.CBL
-rw-rw-r--   1 1395     icdatacr  361326 Sep 10  2012 PESVNOCSVSEGE.CBL
-rw-rw-r--   1 1395     icdatacr  345546 Oct 21  2011 PESVNOCSVSEGElag.CBL
-rw-rw-r--   1 1381     icdatacr  161516 Jun 24  2011 PESVNOCSVTMX.CBL
-rw-rw-r--   1 1395     icdatacr   44191 Jun 11  2013 PESVNOCSVv06.CBL
-rw-rw-r--   1 icjdld   icdatacr   41290 Mar 11  2010 PESVNOGJ.CBL
-rw-rw-r--   1 icjdld   icdatacr   53516 Mar 11  2010 PESVNONEWNOM.CBL
-rw-rw-r--   1 icrmbd   icdatacr  183121 Aug  9  2010 PESVNONW1.CBL
-rw-rw-r--   1 1366     icdatacr   45867 Apr 16  2007 PESVNOPE.CBL
-rw-rw-r--   1 icrmbd   icdatacr   47985 Aug 15  2012 PESVNOPEO.CBL
-rw-rw-r--   1 icjdld   icdatacr   57587 Mar 11  2010 PESVNOPLUS.CBL
-rw-rw-r--   1 1395     icdatacr   45379 Aug 14  2012 PESVNOpv.CBL
-rw-rw-r--   1 1381     icdatacr  182955 Aug  8  2010 PESVNORMB.CBL
-rw-rw-r--   1 icehad   icdatacr  184036 Aug 12  2010 PESVNORMBNW-EHA.CBL
-rw-rw-r--   1 1381     icdatacr  188406 Sep  9  2010 PESVNORMBNW.CBL
-rw-rw-r--   1 1381     icdatacr  277169 Oct 27  2010 PESVNOSEGE2.CBL
-rw-rw-r--   1 icjdld   icdatacr   63180 Mar 11  2010 PESVNOSGESTDO.CBL
-rw-rw-r--   1 icrmbd   icdatacr  139052 Aug  7  2010 PESVNOTEST.CBL
-rw-rw-r--   1 1395     icdatacr   47985 Sep  4  2012 PESVNOv09.CBL
-rw-rw-r--   1 1395     icdatacr   49201 Apr  2  2013 PESVNOv10.CBL
/d/iccol/desarrollo/fuentes>^[  /d/iccol/desarrollo/fuentes>/sdiffsdiff -w 170 PESVNO.CBL PESVNOCSVPLUS.CBL >| qqq/d/iccol/desarrollo/fuentes>
/d/iccol/desarrollo/fuentes>vi qqq
"qqq" 1078 lines, 145764 characters * PESVNOCSV.V.01.0011|* PESVNOCSVPL
US.V.01.0013
IDENTIFICATION DIVISION.IDENTIFICATI
ON DIVISION.
PROGRAM-ID. PESVNO.PROGRAM-ID.
PESVNO.
AUTHOR. DATACREDITO.AUTHOR. DATA
CREDITO.
DATE-WRITTEN. MAYO/2001.DATE-WRITTEN
. MAYO/2001.
DATE-COMPILED.DATE-COMPILE
D.
    *******************************************************************************
*****************************************************
* PROGRAMA PARA VALIDACION DE CEDULAS, NITS Y CEDULAS DE** PROGRAMA PA
RA VALIDACION DE CEDULAS, NITS Y CEDULAS DE*
* EXTRANJERIA.* EXTRANJERIA
.
     **
* Programa: PESVNOCSV.CBL   BASE ==> $DATABASE/BDACSV* Programa: P
ESVNOCSV.CBL   BASE ==> $DATABASE/BDACSV
**
* Cliente : Datacredito* Cliente : D
atacredito
**
* Version : 09/06/2008 09:08:25 a.m.* Version : 0
9/06/2008 09:08:25 a.m.
*******************************************************************************
*****************************************************
*  Validacion especial tomando el archivo de*  Validacion
 especial tomando el archivo de
*  Cuentas Sin Validar para poder reportalos en el informe final*  Cuentas Si
n Validar para poder reportalos en el informe final
**
*******************************************************************************
*****************************************************
REMARK* LAG0002* PAM372 - SEPARADORES ";" EN INCONSISTENCIASREMARK* LAG0002
  * PAM372 - SEPARADORES ";" EN INCONSISTENCIAS
REMARK* L.GOMEZ* PARA IGUALARLO AL PESVNOREMARK* L.GOMEZ
  * PARA IGUALARLO AL PESVNO
REMARK* SEPT. 30/2009*REMARK* SEPT. 30/20
09*
REMARK*******************************************************************REMARK*************
******************************************************
REMARK* GJC0003* CSVCEX - AJUSTE A LA VALIDACION PARA CUENTAS SIN*REMARK* GJC0003
  * CSVCEX - AJUSTE A LA VALIDACION PARA CUENTAS SIN*
REMARK* 2009/12/21   * VALIDAR CON CEDULA DE EXTRANJERIA.*REMARK* 2009/12/21
  * VALIDAR CON CEDULA DE EXTRANJERIA.*
@"qqq" 1078 lines, 145764 characters* PESVNOCSV.V.01.0011|* PESVNOCSVPLUS.V.01.0013IDENTIFICATION DIVISION.IDENTIFICATION DIVISION.
PROGRAM-ID. PESVNO.PROGRAM-ID. PESVNO.
AUTHOR. DATACREDITO.AUTHOR. DATACREDITO.
DATE-WRITTEN. MAYO/2001.DATE-WRITTEN. MAYO/2001.
DATE-COMPILED.DATE-COMPILED.
************************************************************************************************************************************
* PROGRAMA PARA VALIDACION DE CEDULAS, NITS Y CEDULAS DE** PROGRAMA PARA VALIDACION DE CEDULAS, NITS Y CEDULAS DE*
* EXTRANJERIA.* EXTRANJERIA.
**
* Programa: PESVNOCSV.CBL   BASE ==> $DATABASE/BDACSV* Programa: PESVNOCSV.CBL   BASE ==> $DATABASE/BDACSV
**
* Cliente : Datacredito* Cliente : Datacredito
**
* Version : 09/06/2008 09:08:25 a.m.* Version : 09/06/2008 09:08:25 a.m.
************************************************************************************************************************************
*  Validacion especial tomando el archivo de*  Validacion especial tomando el archivo de
*  Cuentas Sin Validar para poder reportalos en el informe final*  Cuentas Sin Validar para poder reportalos en el informe final
**
************************************************************************************************************************************
REMARK* LAG0002* PAM372 - SEPARADORES ";" EN INCONSISTENCIASREMARK* LAG0002* PAM372 - SEPARADORES ";" EN INCONSISTENCIAS
REMARK* L.GOMEZ* PARA IGUALARLO AL PESVNOREMARK* L.GOMEZ* PARA IGUALARLO AL PESVNO
REMARK* SEPT. 30/2009*REMARK* SEPT. 30/2009*
REMARK*******************************************************************REMARK*******************************************************************
REMARK* GJC0003* CSVCEX - AJUSTE A LA VALIDACION PARA CUENTAS SIN*REMARK* GJC0003* CSVCEX - AJUSTE A LA VALIDACION PARA CUENTAS SIN*
REMARK* 2009/12/21   * VALIDAR CON CEDULA DE EXTRANJERIA.*REMARK* 2009/12/21   * VALIDAR CON CEDULA DE EXTRANJERIA.*
REMARK* GRACIELA JIM.**REMARK* GRACIELA JIM.**
REMARK******************************************************************REMARK******************************************************************
REMARK* LAG0004* REQ550 - AJUSTE A LA VALIDACION PARA CUENTAS SIN*REMARK* LAG0004* REQ550 - AJUSTE A LA VALIDACION PARA CUENTAS SIN*
REMARK* 2010/03/12   * VALIDAR INCLUYENDO VALIDACION DE RANGOS.*REMARK* 2010/03/12   * VALIDAR INCLUYENDO VALIDACION DE RANGOS.*
REMARK* G.DESARROLLO **REMARK* G.DESARROLLO **
REMARK******************************************************************REMARK******************************************************************
************************************************************************************************************************************
* GDT0005    | CTAST8 - CAMBIO DEL ICMCHK (MAESTRO DE CUENTAS) A ** GDT0005    | CTAST8 - CAMBIO DEL ICMCHK (MAESTRO DE CUENTAS) A *
* FEB.09-2010|    FORMATO TIPO 8.** FEB.09-2010|    FORMATO TIPO 8.*
* GER.DESARR.|** GER.DESARR.|*
************************************************************************************************************************************
* EHA0006    | MODCED - MODIFICACION PARA EVITAR ERRORES EN LA   ** EHA0006    | MODCED - MODIFICACION PARA EVITAR ERRORES EN LA   *
* MAY.05-2010|    ESCRITURA DE REGISTROS** MAY.05-2010|    ESCRITURA DE REGISTROS*
* GER.DESARR.|** GER.DESARR.|*
************************************************************************************************************************************
* LAG0007    | REQ596 - CORRECCION PARA MANEJO DE RELLENO EN     ** LAG0007    | REQ596 - CORRECCION PARA MANEJO DE RELLENO EN     *
* OCT.07-2010|    EN TIPOS ID DIFERENTE A 1** OCT.07-2010|    EN TIPOS ID DIFERENTE A 1*
* GER.DESARR.|** GER.DESARR.|*
************************************************************************************************************************************
* LAG0008    | REQ609 - CORRECCION PARA VALIDACION DE NOMBRE     ** LAG0008    | REQ609 - CORRECCION PARA VALIDACION DE NOMBRE     *
* OCT.14-2010|    CUANDO TRAE DE BASE ALTERNA** OCT.14-2010|    CUANDO TRAE DE BASE ALTERNA*
* GER.DESARR.|** GER.DESARR.|*
************************************************************************************************************************************
* RMB0009    | R7094A - OPCION DE NO VALIDAR NOMBRE VALIDAR=NO   ** RMB0009    | R7094A - OPCION DE NO VALIDAR NOMBRE VALIDAR=NO   *
* AGO-06-2012| R7094B - DESPLEGAR CONTADOR DE FALLECIDOS** AGO-06-2012| R7094B - DESPLEGAR CONTADOR DE FALLECIDOS*
* GER.DESARR.| R7094C - SI BLOQUES = 1 NO SACAR SOLO EL APELLIDO ** GER.DESARR.| R7094C - SI BLOQUES = 1 NO SACAR SOLO EL APELLIDO *
*| R7094D - QUITAR DIGITO DE CHEQUEO SOLO A NITS     **| R7094D - QUITAR DIGITO DE CHEQUEO SOLO A NITS     *
************************************************************************************************************************************
* PJV0010    | CQ6271 - LOG DE REGISTROS PROCESADOS.** PJV0010    | CQ6271 - LOG DE REGISTROS PROCESADOS.*
* SEP-01-2012|** SEP-01-2012|*/    [|<>]  :v//d                        >* PJV012     | CQ12657 - CONTROL DE ORIGEN DE VALIDACIONES*
                   >* JUN-20-2013| PARA NITS - CAMBIO A PARTIR DEL PESNVO ESTANDAR   *
                    >* PEDRO V.   |       *
                        >******************************************************************
              >* STT013     | CQ12837 - SE AGRANDA A 650 EL FILLER DE RELLENO   *
                                                                  > JUL-31-2013|                                                   
                                                         >LUIS GOMEZ |                                          
              >*****************************************************************
     03 FILLER-2-EPIC   X(60).|  PJV012*    03 FILLER-2-EPIC   X(360).CQ12657
                                                     >  STT013     03 FILLER-2-E                    PIC   X(660).  CQ12837
PAM460*    03 ORIGEN-VALPIC X.|  PJV012     03 ORIGEN-VALPIC X.CQ12657
PAM460     03 FILLER-2-VAL   PIC X(51).|  PJV012*    03 FILLER-2-VAL   PIC X(350).CQ12657
 >  STT013     03 FILLER-2-VALPIC X(650).CQ12837
PJV011     03 FILLER-2-VALREP           PIC X(51).CQ11407     |  PJV012*    03 FILLER-2-VALREP           PIC X(651).CQ12837
                                                                  >  STT013     03 FILLER-2-VALREP           PIC X(651).                     CQ12657
      DISPLAY "*-----------------------------------*"|  PJV012      DISPLAY "*-----------------------------------*"CQ12657
      DISPLAY "Registros validados en BDACSV:" SI-EXISTE-CSV |  PJV012      DISPLAY "Registros validados en BDACSV:" SI-EXISTE-CSV      CQ12657DISPLAY "*------------------------------------*"|  PJV012      DISPLAY "*------------------------------------*"CQ12657
R7094A*       MOVE    1       TO  SW-VERIFNOM-BDIIVIDE                  RMB0009     |  PJV012        MOVE    1       TO  SW-VERIFNOM-BDIIVIDE                  CQ12657
R7094A*                     SW-DIGCHEQUEO-BDIIVIDE          RMB0009     |  PJV012                      SW-DIGCHEQUEO-BDIIVIDE          CQ12657
R7094A        IF W-BLOQUES > 0                 RMB0009     <  
R7094A           MOVE    1TO  SW-VERIFNOM-BDIIVIDERMB0009     <  
R7094A        END-IF                                                    RMB0009     <  
R7094D        IF TIPOID-E = 2 OR 3                                      RMB0009     <  
R7094D           MOVE 1 TO SW-DIGCHEQUEO-BDIIVIDE         RMB0009     <  
R7094D        END-IF   RMB0009     <  
REQ596        MOVE FILLER-2-E TO FILLER-2-VAL                           LAG0007     <  
REQ596        MOVE FILLER-2-E TO FILLER-2-INC                           LAG0007     <  
                                                                >  REQ596        MOVE FILLER-2-E TO FILLER-2-VAL                   LAG0007
                       >  REQ596        MOVE FILLER-2-E TO FILLER-2-INC LAG0007
PAM460*                       IF ORIGEN-VAL = SPACES                    |  PJV012                        IF ORIGEN-VAL = SPACES                    CQ12657
PAM460*                          MOVE   "O"      TO ORIGEN-VAL          |  PJV012                           MOVE   "O"      TO ORIGEN-VAL          CQ12657
PAM460*                       END-IF                                    |  PJV012                        END-IF                                    CQ12657
PAM460*                IF ORIGEN-VAL = SPACES |  PJV012                 IF ORIGEN-VAL = SPACES CQ12657
PAM460*             MOVE    "O"TO ORIGEN-VAL |  PJV012              MOVE    "O"TO ORIGEN-VAL CQ12657
PAM460*                END-IF                                           |  PJV012                 END-IF                                           CQ12657
PAM460*           MOVE "A"      TO ORIGEN-VAL                           |  PJV012            MOVE "A"      TO ORIGEN-VAL                           CQ12657
     IF W-CONT-TIPO-5       >  ZEROS          IF W-CONT-TIPO-5       >  ZEROS
     IF W-CONT-TIPO-6>  ZEROS      IF W-CONT-TIPO-6>  ZEROS
     IF W-CONT-TIPO-7       >  ZEROS                                   IF W-CONT-TIPO-7       >  ZEROS
~
~
~
~
~
~
~
~
~
~
~
~
~
~
~
1037 fewer lines~
~
~[1] + Stopped (SIGTSTP)        vi qqq
/d/iccol/desarrollo/fuentes>^[  /d/iccol/desarrollo/fuentes>vi qqqsdiff -w 170 PESVNO.CBL PESVNOCSVPLUS.CBL >| qqq/d/iccol/desarrollo/fuentes>vi qqq                                          /d/iccol/desarrollo/fuentes>      
/d/iccol/desarrollo/fuentes>fg
vi qqq
* PESVNOCSV.V.01.0011|* PESVNOCSVPLUS.V.01.0013
>* PJV012     | CQ12657 - CONTROL DE ORIGEN DE VALIDACIONES*
>* JUN-20-2013| PARA NITS - CAMBIO A PARTIR DEL PESNVO ESTANDAR   *
>* PEDRO V.   |*
>******************************************************************
>* STT013     | CQ12837 - SE AGRANDA A 650 EL FILLER DE RELLENO   *
>* JUL-31-2013|*
>* LUIS GOMEZ |*
>******************************************************************03 FILLER-2-EPIC   X(60).|  PJV012*    03 FILLER-2-EPIC   X(360).CQ12657
>  STT013     03 FILLER-2-EPIC   X(660).CQ12837
PAM460*    03 ORIGEN-VALPIC X.|  PJV012     03 ORIGEN-VALPIC X.CQ12657
PAM460     03 FILLER-2-VALPIC X(51).|  PJV012*    03 FILLER-2-VALPIC X(350).CQ12657
>  STT013     03 FILLER-2-VALPIC X(650).CQ12837
PJV011     03 FILLER-2-VALREPPIC X(51).CQ11407     |  PJV012*    03 FILLER-2-VALREPPIC X(651).CQ12837
>  STT013     03 FILLER-2-VALREPPIC X(651).CQ12657
*DISPLAY "*-----------------------------------*"|  PJV012DISPLAY "*-----------------------------------*"CQ12657
*DISPLAY "Registros validados en BDACSV:" SI-EXISTE-CSV|  PJV012DISPLAY "Registros validados en BDACSV:" SI-EXISTE-CSVCQ12657
*DISPLAY "*------------------------------------*"|  PJV012DISPLAY "*------------------------------------*"CQ12657
R7094A*MOVE    1TO  SW-VERIFNOM-BDIIVIDERMB0009     |  PJV012MOVE    1TO  SW-VERIFNOM-BDIIVIDECQ12657
R7094A*SW-DIGCHEQUEO-BDIIVIDERMB0009     |  PJV012SW-DIGCHEQUEO-BDIIVIDECQ12657
R7094AIF W-BLOQUES > 0RMB0009     <
R7094AMOVE    1TO  SW-VERIFNOM-BDIIVIDERMB0009     <
R7094AEND-IFRMB0009     <
R7094DIF TIPOID-E = 2 OR 3RMB0009     <
R7094DMOVE 1 TO SW-DIGCHEQUEO-BDIIVIDERMB0009     <
R7094DEND-IFRMB0009     <
REQ596MOVE FILLER-2-E TO FILLER-2-VALLAG0007     <
REQ596MOVE FILLER-2-E TO FILLER-2-INCLAG0007     <
>  REQ596MOVE FILLER-2-E TO FILLER-2-VALLAG0007
>  REQ596MOVE FILLER-2-E TO FILLER-2-INCLAG0007
PAM460*IF ORIGEN-VAL = SPACES|  PJV012IF ORIGEN-VAL = SPACESCQ12657
PAM460*MOVE   "O"TO ORIGEN-VAL|  PJV012MOVE   "O"TO ORIGEN-VALCQ12657
PAM460*END-IF|  PJV012END-IFCQ12657
PAM460*IF ORIGEN-VAL = SPACES|  PJV012IF ORIGEN-VAL = SPACESCQ12657
PAM460*MOVE    "O"TO ORIGEN-VAL|  PJV012MOVE    "O"TO ORIGEN-VALCQ12657
PAM460*END-IF|  PJV012END-IFCQ12657
PAM460*MOVE "A"TO ORIGEN-VAL|  PJV012MOVE "A"TO ORIGEN-VALCQ12657
~
~
~
~
~
~
~
~
~
~
~
~
~
~
~
~
~
~Nothing in register +OPEN MODEAPPEND MODEsdiff -w 170 PESVNO.CBL PESVNOCSVPLUS.CBL >| qqq
APPEND MODE

/pjv/REPLACE 1 CHAR                                     PJV012*    03 FILLER-2-EPIC   X(360).PPREPLACE 1 CHAR                                     PJV012*    03 FILLER-2-EPIC   X(360).REPLACE 1 CHAR                                          PJV012*    03 FILLER-2-EPIC   X(360).CQ126ppP?REPLACE 1 CHAR                                            

                              
?
                                            //                                               /                                                      
                                                             
                                                       
                                               
                                    



                             
                              
             
                             
                               
             
                            7        






















<  
<  
<  
<  
<  
<  
<  
<  








|"qqq" 40 lines, 5478 characters /d/iccol/desarrollo/fuentes>rm qqq
/d/iccol/desarrollo/fuentes>
shell will timeout in 60 seconds due to inactivity
ksh: timed out waiting for input
