=~=~=~=~=~=~=~=~=~=~=~= PuTTY log 2014.04.24 20:36:07 =~=~=~=~=~=~=~=~=~=~=~=
login as: icdgd
Using keyboard-interactive authentication.
Password: 
Last login: Thu Apr 24 15:15:04 2014 from 172.16.10.118
Sun Microsystems Inc.   SunOS 5.10      Generic January 2005
You have new mail.
COBJVM=sun_142
JAVA_HOME=/usr/j2se
LD_LIBRARY_PATH=/usr/j2se/jre/lib/sparc:/usr/j2se/jre/lib/sparc/client:/usr/j2se/jre/lib/sparc/native_threads:/usr/j2se/jre/lib/sparc:/opt/mfocus/des/cobol/lib:/opt/IBM/db2/V9.7/lib:/export/home/db2inst1/sqllib/lib64:/export/home/db2inst1/sqllib/lib32
PATH=/usr/j2se/jre/sh:/usr/j2se/sh:/usr/j2se/bin:/usr/j2se/jre/bin:/opt/mfocus/des/cobol/lib:/opt/mfocus/des/cobol/bin:/usr/bin:/bin:/usr/bin:/d/iccol/desarrollo/macros:/d/iccol/desarrollo/utiles:/opt/bin:/usr/sbin:/usr/lib:/usr/ccs/bin:/opt/SUNWspro/bin:/usr/jdk/latest/bin:/usr/local/bin:/usr/j2se/bin:/usr/openwin/bin:.:/export/home/db2inst1/sqllib/bin:/export/home/db2inst1/sqllib/adm:/export/home/db2inst1/sqllib/misc
CLASSPATH=/opt/mfocus/des/cobol/lib/mfcobol.jar:.:/usr/j2se/jre/lib/rt.jar:/opt/mfocus/des/cobol/lib/mfimtk.jar:/opt/mfocus/des/cobol/lib/xerces.jar:/opt/mfocus/des/cobol/lib/castor-0_9_4_1-xml.jar:/opt/mfocus/des/cobol/lib/mfcobol.jar:/usr/j2se/jre/lib/dt.jar:/usr/j2se/jre/lib/rt.jar:/d/iccol/desarrollo/java/server:/export/home/db2inst1/sqllib/java/db2java.zip:/export/home/db2inst1/sqllib/java/db2jcc.jar:/export/home/db2inst1/sqllib/java/sqlj.zip:/export/home/db2inst1/sqllib/function:/export/home/db2inst1/sqllib/java/db2jcc_license_cu.jar:.
COBCPY=/opt/mfocus/des/cobol/cpylib:/opt/mfocus/des/cobol/cpylib:/d/iccol/desarrollo/copys/pais:/d/iccol/desarrollo/copys
Java version = 1.4.2_19
Java vendor = Sun Microsystems Inc.
Java OS name = SunOS
Java OS arch = sparc
Java OS version = 5.10

  ####    ####   #####   ######   ####
 #    #  #    #  #    #  #       #
 #       #    #  #    #  #####    ####
 #       #    #  #    #  #            #
 #    #  #    #  #    #  #       #    #
  ####    ####   #####   ######   ####

 #####
#     #   ####   #        ####   #    #  #####      #      ##
#        #    #  #       #    #  ##  ##  #    #     #     #  #
#        #    #  #       #    #  # ## #  #####      #    #    #
#        #    #  #       #    #  #    #  #    #     #    ######
#     #  #    #  #       #    #  #    #  #    #     #    #    #
 #####    ####   ######   ####   #    #  #####      #    #    #

 #####
#     #   ####   #    #  #####      #    #         ##     ####      #     ####
#        #    #  ##  ##  #    #     #    #        #  #   #    #     #    #    #
#        #    #  # ## #  #    #     #    #       #    #  #          #    #    #
#        #    #  #    #  #####      #    #       ######  #          #    #    #
#     #  #    #  #    #  #          #    #       #    #  #    #     #    #    #
 #####    ####   #    #  #          #    ######  #    #   ####      #     ####

 #####                                           #####  #         ###
#     #  #    #  #    #          #    #         #     # #    #   #   #
#        #    #  ##   #          #    #               # #    #  #     #
 #####   #    #  # #  #          #    #          #####  #    #  #     #
      #  #    #  #  # #          #    #   ###   #       ####### #     #
#     #  #    #  #   ##           #  #    ###   #            #   #   #
 #####    ####   #    # #######    ##     ###   #######      #    ###

icdgd@codes /d/iccol/desarrollo
$ db2 connect to LIST_DL1 user lstxclde using LstxcD8

   Database Connection Information

 Database server        = DB2/LINUXX8664 9.7.7
 SQL authorization ID   = LSTXCLDE
 Local database alias   = LIST_DL1

icdgd@codes /d/iccol/desarrollo
$ set schema TEST
icdgd@codes /d/iccol/desarrollo
$ select count(*) from SCOREID
ksh: syntax error: `(' unexpected
icdgd@codes /d/iccol/desarrollo
$ db2 select count(*) from SCOREID
ksh: syntax error: `(' unexpected
icdgd@codes /d/iccol/desarrollo
$ db2 "select count(*) from SCOREID"
SQL0204N  "LSTXCLDE.SCOREID" is an undefined name.  SQLSTATE=42704
icdgd@codes /d/iccol/desarrollo
$ db2 set schema TEST
DB20000I  The SQL command completed successfully.
icdgd@codes /d/iccol/desarrollo
$  db2 "select count(*) from SCOREID"


1          
-----------
     180796

  1 record(s) selected.

icdgd@codes /d/iccol/desarrollo
$ icdgd@codes /d/iccol/desarrollo
$  db2 "select count(*) from SCOREID"

1          
-----------
     184251

  1 record(s) selected.

icdgd@codes /d/iccol/desarrollo
$  db2 "select count(*) from SCOREID"

1          
-----------
     193936

  1 record(s) selected.

icdgd@codes /d/iccol/desarrollo
$  db2 "select count(*) from SCOREID"

1          
-----------
     201974

  1 record(s) selected.

icdgd@codes /d/iccol/desarrollo
$  db2 "select count(*) from SCOREID"

1          
-----------
     210650

  1 record(s) selected.

icdgd@codes /d/iccol/desarrollo
$  db2 "select count(*) from SCOREID"

1          
-----------
     218125

  1 record(s) selected.

icdgd@codes /d/iccol/desarrollo
$  db2 "select count(*) from SCOREID"

1          
-----------
     225325

  1 record(s) selected.

icdgd@codes /d/iccol/desarrollo
$  db2 "select count(*) from SCOREID"

1          
-----------
     227051

  1 record(s) selected.

icdgd@codes /d/iccol/desarrollo
$  db2 "select count(*) from SCOREID"

1          
-----------
     231879

  1 record(s) selected.

icdgd@codes /d/iccol/desarrollo
$  db2 "select count(*) from SCOREID"

1          
-----------
     236812

  1 record(s) selected.

icdgd@codes /d/iccol/desarrollo
$  db2 "select count(*) from SCOREID"

1          
-----------
     238603

  1 record(s) selected.

icdgd@codes /d/iccol/desarrollo
$ ^D
